{"numTotalTestSuites":260,"numPassedTestSuites":258,"numFailedTestSuites":2,"numPendingTestSuites":0,"numTotalTests":646,"numPassedTests":645,"numFailedTests":1,"numPendingTests":0,"numTodoTests":0,"snapshot":{"added":0,"failure":false,"filesAdded":0,"filesRemoved":0,"filesRemovedList":[],"filesUnmatched":0,"filesUpdated":0,"matched":0,"total":0,"unchecked":0,"uncheckedKeysByFile":[],"unmatched":0,"updated":0,"didUpdate":false},"startTime":1787911291977,"success":false,"testResults":[{"assertionResults":[{"ancestorTitles":["config 配置读写"],"fullName":"config 配置读写 文件缺失（ENOENT）时读取返回 null，不抛异常","status":"passed","title":"文件缺失（ENOENT）时读取返回 null，不抛异常","duration":2.5432999999998174,"failureMessages":[],"meta":{}},{"ancestorTitles":["config 配置读写"],"fullName":"config 配置读写 setConfig/getConfig 正常往返写入","status":"passed","title":"setConfig/getConfig 正常往返写入","duration":7.273599999999988,"failureMessages":[],"meta":{}},{"ancestorTitles":["config 配置读写"],"fullName":"config 配置读写 损坏 JSON 时读取容错返回默认空表（不再 rethrow），下次写入自动重建","status":"passed","title":"损坏 JSON 时读取容错返回默认空表（不再 rethrow），下次写入自动重建","duration":23.873399999999947,"failureMessages":[],"meta":{}},{"ancestorTitles":["config 配置读写"],"fullName":"config 配置读写 原子替换写入后不残留 .tmp 临时文件","status":"passed","title":"原子替换写入后不残留 .tmp 临时文件","duration":14.121500000000196,"failureMessages":[],"meta":{}}],"startTime":1787911305339,"endTime":1787911305387.1216,"status":"passed","message":"","name":"C:/CX-O/APP-Frontend/electron/config.test.ts"},{"assertionResults":[{"ancestorTitles":["isTrustedUrl"],"fullName":"isTrustedUrl file:// 来源信任（打包产物页面）","status":"passed","title":"file:// 来源信任（打包产物页面）","duration":3.155999999999949,"failureMessages":[],"meta":{}},{"ancestorTitles":["isTrustedUrl"],"fullName":"isTrustedUrl http://localhost:* 任意端口信任（dev server）","status":"passed","title":"http://localhost:* 任意端口信任（dev server）","duration":0.8281999999999243,"failureMessages":[],"meta":{}},{"ancestorTitles":["isTrustedUrl"],"fullName":"isTrustedUrl http://127.0.0.1:* 信任","status":"passed","title":"http://127.0.0.1:* 信任","duration":0.6672000000007756,"failureMessages":[],"meta":{}},{"ancestorTitles":["isTrustedUrl"],"fullName":"isTrustedUrl evil http 来源拒绝","status":"passed","title":"evil http 来源拒绝","duration":0.8320000000003347,"failureMessages":[],"meta":{}},{"ancestorTitles":["isTrustedUrl"],"fullName":"isTrustedUrl 私有 IP 及其它网段 http 拒绝","status":"passed","title":"私有 IP 及其它网段 http 拒绝","duration":0.5596999999997934,"failureMessages":[],"meta":{}},{"ancestorTitles":["isTrustedUrl"],"fullName":"isTrustedUrl 非法输入一律不可信","status":"passed","title":"非法输入一律不可信","duration":0.8796000000002095,"failureMessages":[],"meta":{}},{"ancestorTitles":["isTrustedSender（senderFrame 形态）"],"fullName":"isTrustedSender（senderFrame 形态） 正常 frame URL 判定透传","status":"passed","title":"正常 frame URL 判定透传","duration":0.7326999999995678,"failureMessages":[],"meta":{}},{"ancestorTitles":["isTrustedSender（senderFrame 形态）"],"fullName":"isTrustedSender（senderFrame 形态） senderFrame 为 null（页面销毁瞬间）一律不可信","status":"passed","title":"senderFrame 为 null（页面销毁瞬间）一律不可信","duration":0.36049999999977445,"failureMessages":[],"meta":{}},{"ancestorTitles":["isTrustedSender（senderFrame 形态）"],"fullName":"isTrustedSender（senderFrame 形态） senderFrame.url 为空串/undefined 不可信","status":"passed","title":"senderFrame.url 为空串/undefined 不可信","duration":0.5298000000002503,"failureMessages":[],"meta":{}},{"ancestorTitles":["isTrustedSender（senderFrame 形态）"],"fullName":"isTrustedSender（senderFrame 形态） frame 对象标记已销毁或 url getter 抛错 → 不可信","status":"passed","title":"frame 对象标记已销毁或 url getter 抛错 → 不可信","duration":0.6247999999995955,"failureMessages":[],"meta":{}},{"ancestorTitles":["isTrustedSender（senderFrame 形态）"],"fullName":"isTrustedSender（senderFrame 形态） 旧事件形态（无 senderFrame 字段）回退 sender?url","status":"passed","title":"旧事件形态（无 senderFrame 字段）回退 sender?url","duration":0.6479999999992287,"failureMessages":[],"meta":{}},{"ancestorTitles":["registerIpcHandler 守卫行为"],"fullName":"registerIpcHandler 守卫行为 可信来源放行业务 handler 并透传返回值","status":"passed","title":"可信来源放行业务 handler 并透传返回值","duration":2.4687000000003536,"failureMessages":[],"meta":{}},{"ancestorTitles":["registerIpcHandler 守卫行为"],"fullName":"registerIpcHandler 守卫行为 不可信来源拒绝：业务 handler 不执行，返回 undefined 且不抛错","status":"passed","title":"不可信来源拒绝：业务 handler 不执行，返回 undefined 且不抛错","duration":1.5597999999999956,"failureMessages":[],"meta":{}},{"ancestorTitles":["registerIpcHandler 守卫行为"],"fullName":"registerIpcHandler 守卫行为 warning 日志对超长 URL 做截断","status":"passed","title":"warning 日志对超长 URL 做截断","duration":0.6615999999994528,"failureMessages":[],"meta":{}}],"startTime":1787911298040,"endTime":1787911298056.6616,"status":"passed","message":"","name":"C:/CX-O/APP-Frontend/electron/security.test.ts"},{"assertionResults":[{"ancestorTitles":["startup 启动配置"],"fullName":"startup 启动配置 isSupportedPlatform：仅 Windows 返回 true","status":"passed","title":"isSupportedPlatform：仅 Windows 返回 true","duration":3.136500000000524,"failureMessages":[],"meta":{}},{"ancestorTitles":["startup 启动配置"],"fullName":"startup 启动配置 isRunningAsAdmin：net session 成功判定为管理员，抛错则非管理员","status":"passed","title":"isRunningAsAdmin：net session 成功判定为管理员，抛错则非管理员","duration":0.8949000000002343,"failureMessages":[],"meta":{}},{"ancestorTitles":["startup 启动配置"],"fullName":"startup 启动配置 isRunningAsAdmin：非 Windows 恒为 false，且不调用 net","status":"passed","title":"isRunningAsAdmin：非 Windows 恒为 false，且不调用 net","duration":0.8894000000000233,"failureMessages":[],"meta":{}},{"ancestorTitles":["startup 启动配置"],"fullName":"startup 启动配置 getStartupSettings：配置缺失时返回默认关闭态","status":"passed","title":"getStartupSettings：配置缺失时返回默认关闭态","duration":0.7807999999995445,"failureMessages":[],"meta":{}},{"ancestorTitles":["startup 启动配置"],"fullName":"startup 启动配置 getStartupSettings：读取持久化的 auto_start 与 run_as_admin","status":"passed","title":"getStartupSettings：读取持久化的 auto_start 与 run_as_admin","duration":0.49980000000050495,"failureMessages":[],"meta":{}},{"ancestorTitles":["startup 启动配置"],"fullName":"startup 启动配置 setAutoStart：持久化并同步系统登录项","status":"passed","title":"setAutoStart：持久化并同步系统登录项","duration":3.357199999999466,"failureMessages":[],"meta":{}},{"ancestorTitles":["startup 启动配置"],"fullName":"startup 启动配置 setAutoStart：登录项更新失败时回滚持久化并返回 false","status":"passed","title":"setAutoStart：登录项更新失败时回滚持久化并返回 false","duration":13.753300000000309,"failureMessages":[],"meta":{}},{"ancestorTitles":["startup 启动配置"],"fullName":"startup 启动配置 setAutoStart：非 Windows 平台不写登录项","status":"passed","title":"setAutoStart：非 Windows 平台不写登录项","duration":0.6957999999995081,"failureMessages":[],"meta":{}},{"ancestorTitles":["startup 启动配置"],"fullName":"startup 启动配置 setRunAsAdmin：仅持久化 run_as_admin","status":"passed","title":"setRunAsAdmin：仅持久化 run_as_admin","duration":1.3056000000005952,"failureMessages":[],"meta":{}},{"ancestorTitles":["startup 启动配置"],"fullName":"startup 启动配置 applyStartupOnLaunch：run_as_admin=true 且未提权时请求提权 relaunch","status":"passed","title":"applyStartupOnLaunch：run_as_admin=true 且未提权时请求提权 relaunch","duration":2.64640000000054,"failureMessages":[],"meta":{}},{"ancestorTitles":["startup 启动配置"],"fullName":"startup 启动配置 applyStartupOnLaunch：已提权时不重复请求","status":"passed","title":"applyStartupOnLaunch：已提权时不重复请求","duration":0.514100000000326,"failureMessages":[],"meta":{}},{"ancestorTitles":["startup 启动配置"],"fullName":"startup 启动配置 applyStartupOnLaunch：run_as_admin 关闭时不触发提权","status":"passed","title":"applyStartupOnLaunch：run_as_admin 关闭时不触发提权","duration":0.4772000000002663,"failureMessages":[],"meta":{}},{"ancestorTitles":["startup 启动配置"],"fullName":"startup 启动配置 applyStartupOnLaunch：非 Windows 平台不触发提权","status":"passed","title":"applyStartupOnLaunch：非 Windows 平台不触发提权","duration":0.642399999999725,"failureMessages":[],"meta":{}}],"startTime":1787911298066,"endTime":1787911298096.6423,"status":"passed","message":"","name":"C:/CX-O/APP-Frontend/electron/startup.test.ts"},{"assertionResults":[{"ancestorTitles":["store 槽位名校验（防路径穿越）"],"fullName":"store 槽位名校验（防路径穿越） 合法名可正常保存与读取","status":"passed","title":"合法名可正常保存与读取","duration":12.153099999999995,"failureMessages":[],"meta":{}},{"ancestorTitles":["store 槽位名校验（防路径穿越）"],"fullName":"store 槽位名校验（防路径穿越） 保存使用 `../` 的槽位名被拒绝（抛错，不落盘）","status":"passed","title":"保存使用 `../` 的槽位名被拒绝（抛错，不落盘）","duration":2.054500000000189,"failureMessages":[],"meta":{}},{"ancestorTitles":["store 槽位名校验（防路径穿越）"],"fullName":"store 槽位名校验（防路径穿越） 保存含路径分隔符的槽位名被拒绝","status":"passed","title":"保存含路径分隔符的槽位名被拒绝","duration":0.5709000000001652,"failureMessages":[],"meta":{}},{"ancestorTitles":["store 槽位名校验（防路径穿越）"],"fullName":"store 槽位名校验（防路径穿越） 加载非法槽位名返回默认 null，不读外部文件","status":"passed","title":"加载非法槽位名返回默认 null，不读外部文件","duration":5.536399999999958,"failureMessages":[],"meta":{}},{"ancestorTitles":["store 槽位名校验（防路径穿越）"],"fullName":"store 槽位名校验（防路径穿越） 加载不存在的槽位名返回 null（合法名缺失）","status":"passed","title":"加载不存在的槽位名返回 null（合法名缺失）","duration":1.199500000000171,"failureMessages":[],"meta":{}}],"startTime":1787911305339,"endTime":1787911305361.1995,"status":"passed","message":"","name":"C:/CX-O/APP-Frontend/electron/store.test.ts"},{"assertionResults":[{"ancestorTitles":["App 连接检测门与路由骨架"],"fullName":"App 连接检测门与路由骨架 后端可达时渲染管理界面占位页","status":"passed","title":"后端可达时渲染管理界面占位页","duration":226.55130000000008,"failureMessages":[],"meta":{}},{"ancestorTitles":["App 连接检测门与路由骨架"],"fullName":"App 连接检测门与路由骨架 后端不可达时渲染连接设置页","status":"passed","title":"后端不可达时渲染连接设置页","duration":111.24279999999999,"failureMessages":[],"meta":{}},{"ancestorTitles":["App 连接检测门与路由骨架"],"fullName":"App 连接检测门与路由骨架 后端不可达但 #/pet 路由时仍渲染桌宠页（连接门不拦截）","status":"passed","title":"后端不可达但 #/pet 路由时仍渲染桌宠页（连接门不拦截）","duration":51.352600000000166,"failureMessages":[],"meta":{}},{"ancestorTitles":["App 连接检测门与路由骨架"],"fullName":"App 连接检测门与路由骨架 后端不可达但 #/danmaku 路由时仍渲染弹幕页（连接门不拦截）","status":"passed","title":"后端不可达但 #/danmaku 路由时仍渲染弹幕页（连接门不拦截）","duration":30.253600000000006,"failureMessages":[],"meta":{}}],"startTime":1787911309078,"endTime":1787911309497.2537,"status":"passed","message":"","name":"C:/CX-O/APP-Frontend/src/App.test.tsx"},{"assertionResults":[{"ancestorTitles":["parseHeartRateMeasurement"],"fullName":"parseHeartRateMeasurement UINT8 格式解析（flags=0）","status":"passed","title":"UINT8 格式解析（flags=0）","duration":2.3310999999998785,"failureMessages":[],"meta":{}},{"ancestorTitles":["parseHeartRateMeasurement"],"fullName":"parseHeartRateMeasurement UINT16 格式解析（flags=0x01，小端）","status":"passed","title":"UINT16 格式解析（flags=0x01，小端）","duration":0.51299999999992,"failureMessages":[],"meta":{}},{"ancestorTitles":["parseHeartRateMeasurement"],"fullName":"parseHeartRateMeasurement 数据过短抛错","status":"passed","title":"数据过短抛错","duration":1.991899999999987,"failureMessages":[],"meta":{}},{"ancestorTitles":["makeDeviceFingerprint"],"fullName":"makeDeviceFingerprint 确定性且区分 name+address 组合","status":"passed","title":"确定性且区分 name+address 组合","duration":1.7862999999997555,"failureMessages":[],"meta":{}},{"ancestorTitles":["BleHeartRateCollector"],"fullName":"BleHeartRateCollector 扫描：标记带 0x180D 的设备并返回列表，按 device_name_hint 过滤","status":"passed","title":"扫描：标记带 0x180D 的设备并返回列表，按 device_name_hint 过滤","duration":8.927500000000236,"failureMessages":[],"meta":{}},{"ancestorTitles":["BleHeartRateCollector"],"fullName":"BleHeartRateCollector 扫描中 connect 打断 → discover 监听器移除（无泄漏）","status":"passed","title":"扫描中 connect 打断 → discover 监听器移除（无泄漏）","duration":2.7013999999999214,"failureMessages":[],"meta":{}},{"ancestorTitles":["BleHeartRateCollector"],"fullName":"BleHeartRateCollector 扫描中 disconnect 打断 → discover 监听器移除（无泄漏）","status":"passed","title":"扫描中 disconnect 打断 → discover 监听器移除（无泄漏）","duration":1.4670999999998457,"failureMessages":[],"meta":{}},{"ancestorTitles":["BleHeartRateCollector"],"fullName":"BleHeartRateCollector 重复 扫描→连接 循环不累积 discover 监听器","status":"passed","title":"重复 扫描→连接 循环不累积 discover 监听器","duration":2.745800000000145,"failureMessages":[],"meta":{}},{"ancestorTitles":["BleHeartRateCollector"],"fullName":"BleHeartRateCollector 正常扫描收尾（推进定时器）同样移除 discover 监听器","status":"passed","title":"正常扫描收尾（推进定时器）同样移除 discover 监听器","duration":1.2959999999998217,"failureMessages":[],"meta":{}},{"ancestorTitles":["BleHeartRateCollector"],"fullName":"BleHeartRateCollector 能力探测：扫不到 0x180D → 状态 unsupported","status":"passed","title":"能力探测：扫不到 0x180D → 状态 unsupported","duration":2.454099999999926,"failureMessages":[],"meta":{}},{"ancestorTitles":["BleHeartRateCollector"],"fullName":"BleHeartRateCollector 连接：订阅 0x2A37 并把 HR 解析结果经 onHr 回传（无效样本丢弃）","status":"passed","title":"连接：订阅 0x2A37 并把 HR 解析结果经 onHr 回传（无效样本丢弃）","duration":1.8526999999999134,"failureMessages":[],"meta":{}},{"ancestorTitles":["BleHeartRateCollector"],"fullName":"BleHeartRateCollector 断线重连：disconnect 事件进入 reconnecting，间隔后自动重连成功","status":"passed","title":"断线重连：disconnect 事件进入 reconnecting，间隔后自动重连成功","duration":1.5855999999998858,"failureMessages":[],"meta":{}},{"ancestorTitles":["BleHeartRateCollector"],"fullName":"BleHeartRateCollector 手动 disconnect 取消自动重连，不再续排","status":"passed","title":"手动 disconnect 取消自动重连，不再续排","duration":0.9857999999999265,"failureMessages":[],"meta":{}},{"ancestorTitles":["BleHeartRateCollector"],"fullName":"BleHeartRateCollector noble 加载失败 graceful 降级：状态 unavailable，API 不崩溃","status":"failed","title":"noble 加载失败 graceful 降级：状态 unavailable，API 不崩溃","duration":33.55589999999984,"failureMessages":["AssertionError: expected 'idle' to be 'unavailable' // Object.is equality\n    at C:\\CX-O\\APP-Frontend\\electron\\ble\\ble_collector.test.ts:385:42\n    at file:///C:/CX-O/APP-Frontend/node_modules/@vitest/runner/dist/index.js:146:14\n    at file:///C:/CX-O/APP-Frontend/node_modules/@vitest/runner/dist/index.js:533:11\n    at runWithTimeout (file:///C:/CX-O/APP-Frontend/node_modules/@vitest/runner/dist/index.js:39:7)\n    at runTest (file:///C:/CX-O/APP-Frontend/node_modules/@vitest/runner/dist/index.js:1056:17)\n    at runSuite (file:///C:/CX-O/APP-Frontend/node_modules/@vitest/runner/dist/index.js:1205:15)\n    at runSuite (file:///C:/CX-O/APP-Frontend/node_modules/@vitest/runner/dist/index.js:1205:15)\n    at runFiles (file:///C:/CX-O/APP-Frontend/node_modules/@vitest/runner/dist/index.js:1262:5)\n    at startTests (file:///C:/CX-O/APP-Frontend/node_modules/@vitest/runner/dist/index.js:1271:3)\n    at file:///C:/CX-O/APP-Frontend/node_modules/vitest/dist/chunks/runBaseTests.3qpJUEJM.js:126:11"],"meta":{}},{"ancestorTitles":["PhysioUploader"],"fullName":"PhysioUploader HR 上送 ≤1Hz 节流：窗口内丢弃，窗口外放行","status":"passed","title":"HR 上送 ≤1Hz 节流：窗口内丢弃，窗口外放行","duration":5.887199999999666,"failureMessages":[],"meta":{}},{"ancestorTitles":["PhysioUploader"],"fullName":"PhysioUploader 后端离线：丢弃当前样本不积压，不抛异常","status":"passed","title":"后端离线：丢弃当前样本不积压，不抛异常","duration":0.8802999999998065,"failureMessages":[],"meta":{}},{"ancestorTitles":["PhysioUploader"],"fullName":"PhysioUploader 系统静默周期上送：≥30s 间隔，载荷 {system_idle_sec, user_active}","status":"passed","title":"系统静默周期上送：≥30s 间隔，载荷 {system_idle_sec, user_active}","duration":2.3289999999997235,"failureMessages":[],"meta":{}}],"startTime":1787911306403,"endTime":1787911306477.329,"status":"failed","message":"","name":"C:/CX-O/APP-Frontend/electron/ble/ble_collector.test.ts"},{"assertionResults":[{"ancestorTitles":["PhysioUploader 后端地址解析"],"fullName":"PhysioUploader 后端地址解析 reportHr 每轮上送经 resolver 取最新地址（不再沿用构造期快照）","status":"passed","title":"reportHr 每轮上送经 resolver 取最新地址（不再沿用构造期快照）","duration":10.061999999999898,"failureMessages":[],"meta":{}},{"ancestorTitles":["PhysioUploader 后端地址解析"],"fullName":"PhysioUploader 后端地址解析 reportState 同样跟随最新地址；resolver 返回空值时回落构造期快照","status":"passed","title":"reportState 同样跟随最新地址；resolver 返回空值时回落构造期快照","duration":1.5180999999997766,"failureMessages":[],"meta":{}},{"ancestorTitles":["PhysioUploader 后端地址解析"],"fullName":"PhysioUploader 后端地址解析 后端不可用时 reportHr 丢弃不抛异常（离线隔离语义保持）","status":"passed","title":"后端不可用时 reportHr 丢弃不抛异常（离线隔离语义保持）","duration":4.146200000000135,"failureMessages":[],"meta":{}}],"startTime":1787911304097,"endTime":1787911304113.1462,"status":"passed","message":"","name":"C:/CX-O/APP-Frontend/electron/ble/uploader.test.ts"},{"assertionResults":[{"ancestorTitles":["CxfcClient"],"fullName":"CxfcClient 注册携带 token 与指纹，随后按周期发心跳","status":"passed","title":"注册携带 token 与指纹，随后按周期发心跳","duration":11.210399999999936,"failureMessages":[],"meta":{}},{"ancestorTitles":["CxfcClient"],"fullName":"CxfcClient 后端不可用时退避重连，恢复后注册成功","status":"passed","title":"后端不可用时退避重连，恢复后注册成功","duration":2.1228000000000975,"failureMessages":[],"meta":{}},{"ancestorTitles":["CxfcClient"],"fullName":"CxfcClient 心跳返回 404 时重置为未注册以便重新注册","status":"passed","title":"心跳返回 404 时重置为未注册以便重新注册","duration":1.762499999999818,"failureMessages":[],"meta":{}},{"ancestorTitles":["CxfcClient"],"fullName":"CxfcClient 退出 stop 时调用 DELETE 注销","status":"passed","title":"退出 stop 时调用 DELETE 注销","duration":1.884499999999889,"failureMessages":[],"meta":{}}],"startTime":1787911306373,"endTime":1787911306389.8845,"status":"passed","message":"","name":"C:/CX-O/APP-Frontend/electron/cxfc/client.test.ts"},{"assertionResults":[{"ancestorTitles":["parsePluginIdFromSource"],"fullName":"parsePluginIdFromSource 解析 plugin: 前缀","status":"passed","title":"解析 plugin: 前缀","duration":2.987199999999575,"failureMessages":[],"meta":{}},{"ancestorTitles":["buildToolSchema"],"fullName":"buildToolSchema 映射 CXFC 工具 schema","status":"passed","title":"映射 CXFC 工具 schema","duration":1.984799999999268,"failureMessages":[],"meta":{}},{"ancestorTitles":["ToolRegistrarStore"],"fullName":"ToolRegistrarStore register/unregister/clear/listSchemas","status":"passed","title":"register/unregister/clear/listSchemas","duration":30.850799999999253,"failureMessages":[],"meta":{}},{"ancestorTitles":["handleRegistrarRoute（模拟 neko 主服务器 /api/tools/*）"],"fullName":"handleRegistrarRoute（模拟 neko 主服务器 /api/tools/*） register → get → clear","status":"passed","title":"register → get → clear","duration":4.752700000000004,"failureMessages":[],"meta":{}},{"ancestorTitles":["handleRegistrarRoute（模拟 neko 主服务器 /api/tools/*）"],"fullName":"handleRegistrarRoute（模拟 neko 主服务器 /api/tools/*） 非 POST 返回 400","status":"passed","title":"非 POST 返回 400","duration":0.3811999999998079,"failureMessages":[],"meta":{}},{"ancestorTitles":["executeNekoToolCall"],"fullName":"executeNekoToolCall 把工具调用转发到插件服务器并映射结果","status":"passed","title":"把工具调用转发到插件服务器并映射结果","duration":16.544199999999364,"failureMessages":[],"meta":{}},{"ancestorTitles":["executeNekoToolCall"],"fullName":"executeNekoToolCall is_error 映射为失败","status":"passed","title":"is_error 映射为失败","duration":1.4369000000006054,"failureMessages":[],"meta":{}},{"ancestorTitles":["executeNekoToolCall"],"fullName":"executeNekoToolCall 未知工具 / 缺插件端口 → 失败","status":"passed","title":"未知工具 / 缺插件端口 → 失败","duration":0.5574999999998909,"failureMessages":[],"meta":{}},{"ancestorTitles":["executeNekoToolCall"],"fullName":"executeNekoToolCall M-G：转发请求携带 abort signal（超时上限 NEKO_FORWARD_TIMEOUT_MS）","status":"passed","title":"M-G：转发请求携带 abort signal（超时上限 NEKO_FORWARD_TIMEOUT_MS）","duration":1.6174000000000888,"failureMessages":[],"meta":{}},{"ancestorTitles":["executeNekoToolCall"],"fullName":"executeNekoToolCall M-G：超时中止映射为 PLUGIN_OFFLINE（语义与邻近网络错误一致，message 标明超时）","status":"passed","title":"M-G：超时中止映射为 PLUGIN_OFFLINE（语义与邻近网络错误一致，message 标明超时）","duration":1.0743000000002212,"failureMessages":[],"meta":{}},{"ancestorTitles":["executeNekoToolCall"],"fullName":"executeNekoToolCall M-G：网络拒绝（非超时）仍映射为 PLUGIN_OFFLINE","status":"passed","title":"M-G：网络拒绝（非超时）仍映射为 PLUGIN_OFFLINE","duration":1.4513999999999214,"failureMessages":[],"meta":{}}],"startTime":1787911298068,"endTime":1787911298133.4514,"status":"passed","message":"","name":"C:/CX-O/APP-Frontend/electron/neko/toolBridgeCore.test.ts"},{"assertionResults":[{"ancestorTitles":["httpToWsUrl"],"fullName":"httpToWsUrl http → ws，并去除末尾斜杠","status":"passed","title":"http → ws，并去除末尾斜杠","duration":51.552700000000186,"failureMessages":[],"meta":{}},{"ancestorTitles":["httpToWsUrl"],"fullName":"httpToWsUrl https → wss","status":"passed","title":"https → wss","duration":10.623000000000502,"failureMessages":[],"meta":{}},{"ancestorTitles":["httpToWsUrl"],"fullName":"httpToWsUrl 保留路径段，且不被路径中的 http 子串干扰","status":"passed","title":"保留路径段，且不被路径中的 http 子串干扰","duration":7.091800000000148,"failureMessages":[],"meta":{}},{"ancestorTitles":["httpToWsUrl"],"fullName":"httpToWsUrl 非法 URL 走朴素替换兜底（仅替换 http 前缀，https 残留 s 与参考实现口径一致）","status":"passed","title":"非法 URL 走朴素替换兜底（仅替换 http 前缀，https 残留 s 与参考实现口径一致）","duration":7.992699999999786,"failureMessages":[],"meta":{}},{"ancestorTitles":["getApiBaseUrl 优先级"],"fullName":"getApiBaseUrl 优先级 无缓存无存储时返回默认值","status":"passed","title":"无缓存无存储时返回默认值","duration":407.70780000000013,"failureMessages":[],"meta":{}},{"ancestorTitles":["getApiBaseUrl 优先级"],"fullName":"getApiBaseUrl 优先级 localStorage 值优先于默认值","status":"passed","title":"localStorage 值优先于默认值","duration":23.624799999999595,"failureMessages":[],"meta":{}},{"ancestorTitles":["getApiBaseUrl 优先级"],"fullName":"getApiBaseUrl 优先级 setBackendUrl 写入的缓存优先于 localStorage","status":"passed","title":"setBackendUrl 写入的缓存优先于 localStorage","duration":499.72490000000016,"failureMessages":[],"meta":{}},{"ancestorTitles":["getWsBaseUrl 优先级与推导"],"fullName":"getWsBaseUrl 优先级与推导 无任何显式 WS 配置时由 HTTP 地址推导","status":"passed","title":"无任何显式 WS 配置时由 HTTP 地址推导","duration":21.396699999999328,"failureMessages":[],"meta":{}},{"ancestorTitles":["getWsBaseUrl 优先级与推导"],"fullName":"getWsBaseUrl 优先级与推导 localStorage 显式 WS 地址优先于推导","status":"passed","title":"localStorage 显式 WS 地址优先于推导","duration":17.437299999999595,"failureMessages":[],"meta":{}},{"ancestorTitles":["getWsBaseUrl 优先级与推导"],"fullName":"getWsBaseUrl 优先级与推导 setWsUrl 运行时覆盖并持久化","status":"passed","title":"setWsUrl 运行时覆盖并持久化","duration":405.95660000000044,"failureMessages":[],"meta":{}},{"ancestorTitles":["setBackendUrl 的 Electron 持久化"],"fullName":"setBackendUrl 的 Electron 持久化 Electron 环境下同步调用 IPC setBackendUrl","status":"passed","title":"Electron 环境下同步调用 IPC setBackendUrl","duration":21.247999999999593,"failureMessages":[],"meta":{}},{"ancestorTitles":["setBackendUrl 的 Electron 持久化"],"fullName":"setBackendUrl 的 Electron 持久化 浏览器环境下不触碰 electronAPI","status":"passed","title":"浏览器环境下不触碰 electronAPI","duration":13.905399999999645,"failureMessages":[],"meta":{}},{"ancestorTitles":["initBackendUrl 启动解析"],"fullName":"initBackendUrl 启动解析 浏览器模式：localStorage > env > 默认","status":"passed","title":"浏览器模式：localStorage > env > 默认","duration":13.786299999999756,"failureMessages":[],"meta":{}},{"ancestorTitles":["initBackendUrl 启动解析"],"fullName":"initBackendUrl 启动解析 Electron 模式：IPC 返回地址优先，写缓存与 localStorage，https 推导 wss","status":"passed","title":"Electron 模式：IPC 返回地址优先，写缓存与 localStorage，https 推导 wss","duration":8.759800000000723,"failureMessages":[],"meta":{}},{"ancestorTitles":["initBackendUrl 启动解析"],"fullName":"initBackendUrl 启动解析 Electron 模式：IPC 抛错时回退常规链","status":"passed","title":"Electron 模式：IPC 抛错时回退常规链","duration":22.807999999999993,"failureMessages":[],"meta":{}},{"ancestorTitles":["shouldRetry 重试方法白名单"],"fullName":"shouldRetry 重试方法白名单 GET/HEAD 网络错误与 408/429/5xx 触发重试，其余 4xx 不重试","status":"passed","title":"GET/HEAD 网络错误与 408/429/5xx 触发重试，其余 4xx 不重试","duration":196.8795,"failureMessages":[],"meta":{}},{"ancestorTitles":["shouldRetry 重试方法白名单"],"fullName":"shouldRetry 重试方法白名单 POST 等非幂等方法不自动重试（网络错误也不重试，避免重复投递）","status":"passed","title":"POST 等非幂等方法不自动重试（网络错误也不重试，避免重复投递）","duration":51.96770000000015,"failureMessages":[],"meta":{}},{"ancestorTitles":["shouldRetry 重试方法白名单"],"fullName":"shouldRetry 重试方法白名单 retryable===true 显式声明后非幂等方法可重试","status":"passed","title":"retryable===true 显式声明后非幂等方法可重试","duration":30.234999999999673,"failureMessages":[],"meta":{}},{"ancestorTitles":["shouldRetry 重试方法白名单"],"fullName":"shouldRetry 重试方法白名单 无 config 时不可判定方法 → 不重试","status":"passed","title":"无 config 时不可判定方法 → 不重试","duration":147.22630000000026,"failureMessages":[],"meta":{}}],"startTime":1787911298044,"endTime":1787911300006.2263,"status":"passed","message":"","name":"C:/CX-O/APP-Frontend/src/api/base.test.ts"},{"assertionResults":[{"ancestorTitles":["applyAvatarTags 分发"],"fullName":"applyAvatarTags 分发 emotion → setEmotion(emotion, 1.0)","status":"passed","title":"emotion → setEmotion(emotion, 1.0)","duration":9.067700000000059,"failureMessages":[],"meta":{}},{"ancestorTitles":["applyAvatarTags 分发"],"fullName":"applyAvatarTags 分发 blend → setBlendShapes 单条目数组","status":"passed","title":"blend → setBlendShapes 单条目数组","duration":2.8198999999999614,"failureMessages":[],"meta":{}},{"ancestorTitles":["applyAvatarTags 分发"],"fullName":"applyAvatarTags 分发 多个 blend 标签聚合为一次 setBlendShapes(batch)","status":"passed","title":"多个 blend 标签聚合为一次 setBlendShapes(batch)","duration":2.5693999999998596,"failureMessages":[],"meta":{}},{"ancestorTitles":["applyAvatarTags 分发"],"fullName":"applyAvatarTags 分发 bone → setBoneRotations 透传旋转与速度","status":"passed","title":"bone → setBoneRotations 透传旋转与速度","duration":2.007499999999709,"failureMessages":[],"meta":{}},{"ancestorTitles":["applyAvatarTags 分发"],"fullName":"applyAvatarTags 分发 pose → holdPose(durationMs)；release → releasePose()","status":"passed","title":"pose → holdPose(durationMs)；release → releasePose()","duration":1.8111999999996442,"failureMessages":[],"meta":{}},{"ancestorTitles":["applyAvatarTags 分发"],"fullName":"applyAvatarTags 分发 wind → setWind 整体透传","status":"passed","title":"wind → setWind 整体透传","duration":2.1981000000000677,"failureMessages":[],"meta":{}},{"ancestorTitles":["applyAvatarTags 分发"],"fullName":"applyAvatarTags 分发 多标签按序依次下发","status":"passed","title":"多标签按序依次下发","duration":1.7314000000001215,"failureMessages":[],"meta":{}},{"ancestorTitles":["sleep 标签"],"fullName":"sleep 标签 仅日志留痕，不触碰任何驱动方法","status":"passed","title":"仅日志留痕，不触碰任何驱动方法","duration":3.4088000000001557,"failureMessages":[],"meta":{}},{"ancestorTitles":["空标签列表"],"fullName":"空标签列表 不产生任何驱动调用","status":"passed","title":"不产生任何驱动调用","duration":2.8777000000000044,"failureMessages":[],"meta":{}}],"startTime":1787911300788,"endTime":1787911300817.8777,"status":"passed","message":"","name":"C:/CX-O/APP-Frontend/src/avatar/applyTags.test.ts"},{"assertionResults":[{"ancestorTitles":["createLabelTimeline"],"fullName":"createLabelTimeline cleanText 为去掉标签后的纯文本","status":"passed","title":"cleanText 为去掉标签后的纯文本","duration":4.1810999999997875,"failureMessages":[],"meta":{}},{"ancestorTitles":["createLabelTimeline"],"fullName":"createLabelTimeline 按 rawText 偏移触发标签（happy=2, wave=19）","status":"passed","title":"按 rawText 偏移触发标签（happy=2, wave=19）","duration":6.763300000000072,"failureMessages":[],"meta":{}},{"ancestorTitles":["createLabelTimeline"],"fullName":"createLabelTimeline advanceTo 对已触发标签去重，重复调用不返回","status":"passed","title":"advanceTo 对已触发标签去重，重复调用不返回","duration":1.3949999999999818,"failureMessages":[],"meta":{}},{"ancestorTitles":["createLabelTimeline"],"fullName":"createLabelTimeline 标签开头无文本时触发点偏移为 0","status":"passed","title":"标签开头无文本时触发点偏移为 0","duration":1.0670000000000073,"failureMessages":[],"meta":{}},{"ancestorTitles":["createLabelTimeline"],"fullName":"createLabelTimeline getRemaining 返回仍未触发的标签","status":"passed","title":"getRemaining 返回仍未触发的标签","duration":1.172099999999773,"failureMessages":[],"meta":{}},{"ancestorTitles":["createLabelTimeline"],"fullName":"createLabelTimeline reset 清空触发集后重新可触发全部标签","status":"passed","title":"reset 清空触发集后重新可触发全部标签","duration":1.2975999999998749,"failureMessages":[],"meta":{}},{"ancestorTitles":["createLabelTimeline"],"fullName":"createLabelTimeline 相邻标签顺序与偏移正确","status":"passed","title":"相邻标签顺序与偏移正确","duration":0.9323000000003958,"failureMessages":[],"meta":{}},{"ancestorTitles":["createLabelTimeline"],"fullName":"createLabelTimeline 非法标签按原文保留为文本，不产生触发点","status":"passed","title":"非法标签按原文保留为文本，不产生触发点","duration":0.6051000000002205,"failureMessages":[],"meta":{}}],"startTime":1787911302136,"endTime":1787911302154.605,"status":"passed","message":"","name":"C:/CX-O/APP-Frontend/src/avatar/labelTimeline.test.ts"},{"assertionResults":[{"ancestorTitles":["emotion 标签"],"fullName":"emotion 标签 解析受支持的情绪并小写归一","status":"passed","title":"解析受支持的情绪并小写归一","duration":6.496100000000297,"failureMessages":[],"meta":{}},{"ancestorTitles":["emotion 标签"],"fullName":"emotion 标签 不受支持的情绪回退为文本","status":"passed","title":"不受支持的情绪回退为文本","duration":1.0433000000002721,"failureMessages":[],"meta":{}},{"ancestorTitles":["blend 标签"],"fullName":"blend 标签 缺省权重为 1.0","status":"passed","title":"缺省权重为 1.0","duration":0.811200000000099,"failureMessages":[],"meta":{}},{"ancestorTitles":["blend 标签"],"fullName":"blend 标签 权重钳制到 [0, 1]","status":"passed","title":"权重钳制到 [0, 1]","duration":1.8021000000003369,"failureMessages":[],"meta":{}},{"ancestorTitles":["blend 标签"],"fullName":"blend 标签 权重非数字时回退为文本","status":"passed","title":"权重非数字时回退为文本","duration":0.5641999999998006,"failureMessages":[],"meta":{}},{"ancestorTitles":["bone 标签"],"fullName":"bone 标签 解析骨骼旋转与缺省速度 1.0","status":"passed","title":"解析骨骼旋转与缺省速度 1.0","duration":0.8939999999997781,"failureMessages":[],"meta":{}},{"ancestorTitles":["bone 标签"],"fullName":"bone 标签 旋转钳制到 [-PI, PI]，速度钳制到 [0.1, 5.0]","status":"passed","title":"旋转钳制到 [-PI, PI]，速度钳制到 [0.1, 5.0]","duration":0.7109999999997854,"failureMessages":[],"meta":{}},{"ancestorTitles":["bone 标签"],"fullName":"bone 标签 参数不足或非数字时回退为文本","status":"passed","title":"参数不足或非数字时回退为文本","duration":0.6721999999999753,"failureMessages":[],"meta":{}},{"ancestorTitles":["pose / release 标签"],"fullName":"pose / release 标签 pose 缺省 3000ms，可显式指定，钳制到 [0, 30000]","status":"passed","title":"pose 缺省 3000ms，可显式指定，钳制到 [0, 30000]","duration":1.257799999999861,"failureMessages":[],"meta":{}},{"ancestorTitles":["pose / release 标签"],"fullName":"pose / release 标签 release 无参数","status":"passed","title":"release 无参数","duration":0.6115999999997257,"failureMessages":[],"meta":{}},{"ancestorTitles":["wind 标签"],"fullName":"wind 标签 解析方向/强度与阵风缺省值","status":"passed","title":"解析方向/强度与阵风缺省值","duration":0.5934999999999491,"failureMessages":[],"meta":{}},{"ancestorTitles":["wind 标签"],"fullName":"wind 标签 阵风时长支持数字与区间字符串两种形态","status":"passed","title":"阵风时长支持数字与区间字符串两种形态","duration":0.8841000000002168,"failureMessages":[],"meta":{}},{"ancestorTitles":["wind 标签"],"fullName":"wind 标签 方向/强度/阵风钳制；非法阵风时长回退为文本","status":"passed","title":"方向/强度/阵风钳制；非法阵风时长回退为文本","duration":2.512500000000273,"failureMessages":[],"meta":{}},{"ancestorTitles":["sleep 标签"],"fullName":"sleep 标签 时长钳制到 [100, 5000]","status":"passed","title":"时长钳制到 [100, 5000]","duration":1.0855999999998858,"failureMessages":[],"meta":{}},{"ancestorTitles":["action 标签"],"fullName":"action 标签 解析动作名并小写归一，cleanText 剥离合法标签","status":"passed","title":"解析动作名并小写归一，cleanText 剥离合法标签","duration":0.8350000000000364,"failureMessages":[],"meta":{}},{"ancestorTitles":["action 标签"],"fullName":"action 标签 动作名大小写归一为小写","status":"passed","title":"动作名大小写归一为小写","duration":0.45029999999997017,"failureMessages":[],"meta":{}},{"ancestorTitles":["action 标签"],"fullName":"action 标签 空参数 [action:] 不解析，保留为文本","status":"passed","title":"空参数 [action:] 不解析，保留为文本","duration":0.49129999999968277,"failureMessages":[],"meta":{}},{"ancestorTitles":["混合文本解析"],"fullName":"混合文本解析 segments 保序、cleanText 剥离合法标签、非法标签原文保留","status":"passed","title":"segments 保序、cleanText 剥离合法标签、非法标签原文保留","duration":0.7719999999999345,"failureMessages":[],"meta":{}},{"ancestorTitles":["混合文本解析"],"fullName":"混合文本解析 stripAvatarTags 等价于 cleanText","status":"passed","title":"stripAvatarTags 等价于 cleanText","duration":0.5378999999998086,"failureMessages":[],"meta":{}},{"ancestorTitles":["混合文本解析"],"fullName":"混合文本解析 纯文本无标签时 segments 仅一个 text 段","status":"passed","title":"纯文本无标签时 segments 仅一个 text 段","duration":0.5803000000000793,"failureMessages":[],"meta":{}},{"ancestorTitles":["getSupportedEmotions"],"fullName":"getSupportedEmotions 返回排序后的情绪清单且包含核心情绪","status":"passed","title":"返回排序后的情绪清单且包含核心情绪","duration":1.5288000000000466,"failureMessages":[],"meta":{}}],"startTime":1787911298018,"endTime":1787911298045.5288,"status":"passed","message":"","name":"C:/CX-O/APP-Frontend/src/avatar/tagParser.test.ts"},{"assertionResults":[{"ancestorTitles":["useAudioAnalyzer 分析循环（analyser 异步就绪时 RAF 探测重试）"],"fullName":"useAudioAnalyzer 分析循环（analyser 异步就绪时 RAF 探测重试） analyser 未就绪时不中止分析：就绪后由 RAF 轮询启动","status":"passed","title":"analyser 未就绪时不中止分析：就绪后由 RAF 轮询启动","duration":98.28940000000011,"failureMessages":[],"meta":{}},{"ancestorTitles":["useAudioAnalyzer 分析循环（analyser 异步就绪时 RAF 探测重试）"],"fullName":"useAudioAnalyzer 分析循环（analyser 异步就绪时 RAF 探测重试） 音频条件不满足时输出归零且不启动分析","status":"passed","title":"音频条件不满足时输出归零且不启动分析","duration":68.5005000000001,"failureMessages":[],"meta":{}}],"startTime":1787911303177,"endTime":1787911303344.5005,"status":"passed","message":"","name":"C:/CX-O/APP-Frontend/src/hooks/useAudioAnalyzer.test.ts"},{"assertionResults":[{"ancestorTitles":["useLiveWebSocket sessionId 变更重连（M3）"],"fullName":"useLiveWebSocket sessionId 变更重连（M3） sessionId 变更时重建连接且新 URL 携带新 session_id","status":"passed","title":"sessionId 变更时重建连接且新 URL 携带新 session_id","duration":188.94940000000042,"failureMessages":[],"meta":{}},{"ancestorTitles":["useLiveWebSocket sessionId 变更重连（M3）"],"fullName":"useLiveWebSocket sessionId 变更重连（M3） sessionId 未变化时不触发重连","status":"passed","title":"sessionId 未变化时不触发重连","duration":160.88650000000052,"failureMessages":[],"meta":{}},{"ancestorTitles":["useLiveWebSocket interrupt 消息路由（D5）"],"fullName":"useLiveWebSocket interrupt 消息路由（D5） 收到 type=interrupt 时触发 onInterrupt 并透传 data","status":"passed","title":"收到 type=interrupt 时触发 onInterrupt 并透传 data","duration":82.42659999999978,"failureMessages":[],"meta":{}},{"ancestorTitles":["useLiveWebSocket interrupt 消息路由（D5）"],"fullName":"useLiveWebSocket interrupt 消息路由（D5） interrupt 消息缺 data 时不触发回调（与 tts_end 同口径防误触）","status":"passed","title":"interrupt 消息缺 data 时不触发回调（与 tts_end 同口径防误触）","duration":88.32960000000003,"failureMessages":[],"meta":{}}],"startTime":1787911303171,"endTime":1787911303692.3296,"status":"passed","message":"","name":"C:/CX-O/APP-Frontend/src/hooks/useLiveWebSocket.test.ts"},{"assertionResults":[{"ancestorTitles":["parseMeetingStateEvent"],"fullName":"parseMeetingStateEvent 归一化合法 meeting_state 广播载荷（含 audience/recent_messages 三态）","status":"passed","title":"归一化合法 meeting_state 广播载荷（含 audience/recent_messages 三态）","duration":3.2919999999999163,"failureMessages":[],"meta":{}},{"ancestorTitles":["parseMeetingStateEvent"],"fullName":"parseMeetingStateEvent 非法/缺 room_id 载荷返回 null","status":"passed","title":"非法/缺 room_id 载荷返回 null","duration":0.4600999999997839,"failureMessages":[],"meta":{}},{"ancestorTitles":["parseMeetingStateEvent"],"fullName":"parseMeetingStateEvent 缺省字段补默认、非法 state 回退 idle","status":"passed","title":"缺省字段补默认、非法 state 回退 idle","duration":1.208299999999781,"failureMessages":[],"meta":{}}],"startTime":1787911306030,"endTime":1787911306035.2083,"status":"passed","message":"","name":"C:/CX-O/APP-Frontend/src/hooks/useMeetingWebSocket.test.ts"},{"assertionResults":[{"ancestorTitles":["useMicAsrUplink startCapture 护栏"],"fullName":"useMicAsrUplink startCapture 护栏 授权弹窗期间卸载：resolve 后停止轨道且不建管线、不激活、不报错","status":"passed","title":"授权弹窗期间卸载：resolve 后停止轨道且不建管线、不激活、不报错","duration":34.28260000000046,"failureMessages":[],"meta":{}},{"ancestorTitles":["useMicAsrUplink startCapture 护栏"],"fullName":"useMicAsrUplink startCapture 护栏 授权弹窗期间关闭开关：resolve 后停止轨道且不建管线、不激活","status":"passed","title":"授权弹窗期间关闭开关：resolve 后停止轨道且不建管线、不激活","duration":5.780499999999847,"failureMessages":[],"meta":{}},{"ancestorTitles":["useMicAsrUplink startCapture 护栏"],"fullName":"useMicAsrUplink startCapture 护栏 正常授权：resolve 后建立管线并激活","status":"passed","title":"正常授权：resolve 后建立管线并激活","duration":83.10810000000038,"failureMessages":[],"meta":{}},{"ancestorTitles":["useMicAsrUplink startCapture 并发竞态（H13）"],"fullName":"useMicAsrUplink startCapture 并发竞态（H13） 授权等待窗口内二次启动：首个迟到 MediaStream 停轨丢弃，最终仅一份上行管线激活","status":"passed","title":"授权等待窗口内二次启动：首个迟到 MediaStream 停轨丢弃，最终仅一份上行管线激活","duration":76.78240000000005,"failureMessages":[],"meta":{}}],"startTime":1787911299545,"endTime":1787911299745.7825,"status":"passed","message":"","name":"C:/CX-O/APP-Frontend/src/hooks/useMicAsrUplink.test.ts"},{"assertionResults":[{"ancestorTitles":["createVisionPipeline 总闸"],"fullName":"createVisionPipeline 总闸 enabled=false：不采样、不上传、无待传","status":"passed","title":"enabled=false：不采样、不上传、无待传","duration":7.506099999999606,"failureMessages":[],"meta":{}},{"ancestorTitles":["createVisionPipeline 调用链 build→encode→upload"],"fullName":"createVisionPipeline 调用链 build→encode→upload 突变命中 → build → encode → upload 一次，参数含 eventType/ts/source","status":"passed","title":"突变命中 → build → encode → upload 一次，参数含 eventType/ts/source","duration":8.019400000000132,"failureMessages":[],"meta":{}},{"ancestorTitles":["createVisionPipeline 调用链 build→encode→upload"],"fullName":"createVisionPipeline 调用链 build→encode→upload encodeAndUpload=false：仅记录待传，不调用 upload","status":"passed","title":"encodeAndUpload=false：仅记录待传，不调用 upload","duration":1.5765000000001237,"failureMessages":[],"meta":{}},{"ancestorTitles":["createVisionPipeline 双源独立缓冲"],"fullName":"createVisionPipeline 双源独立缓冲 screen 与 camera 事件各自打包出对应来源的片段帧","status":"passed","title":"screen 与 camera 事件各自打包出对应来源的片段帧","duration":2.845999999999549,"failureMessages":[],"meta":{}},{"ancestorTitles":["createVisionPipeline dispose"],"fullName":"createVisionPipeline dispose dispose 后不再采样与上传","status":"passed","title":"dispose 后不再采样与上传","duration":1.7252999999991516,"failureMessages":[],"meta":{}},{"ancestorTitles":["useVisionPipeline 总闸接线"],"fullName":"useVisionPipeline 总闸接线 videoModeEnabled=false：管线不启动（enabled/active 均 false，无待传）","status":"passed","title":"videoModeEnabled=false：管线不启动（enabled/active 均 false，无待传）","duration":30.06919999999991,"failureMessages":[],"meta":{}},{"ancestorTitles":["useVisionPipeline 总闸接线"],"fullName":"useVisionPipeline 总闸接线 videoModeEnabled=true：管线启动（enabled/active 依会话源）","status":"passed","title":"videoModeEnabled=true：管线启动（enabled/active 依会话源）","duration":4.160899999999856,"failureMessages":[],"meta":{}}],"startTime":1787911300201,"endTime":1787911300258.161,"status":"passed","message":"","name":"C:/CX-O/APP-Frontend/src/hooks/useVisionPipeline.test.ts"},{"assertionResults":[{"ancestorTitles":["useWebSocket onDisconnect 回调（M2）"],"fullName":"useWebSocket onDisconnect 回调（M2） 服务端干净关闭(code=1000)：onDisconnect 被调用且不走 error 分支","status":"passed","title":"服务端干净关闭(code=1000)：onDisconnect 被调用且不走 error 分支","duration":44.34180000000015,"failureMessages":[],"meta":{}}],"startTime":1787911305333,"endTime":1787911305377.3418,"status":"passed","message":"","name":"C:/CX-O/APP-Frontend/src/hooks/useWebSocket.test.ts"},{"assertionResults":[{"ancestorTitles":["normalize"],"fullName":"normalize 去掉末尾斜杠","status":"passed","title":"去掉末尾斜杠","duration":3.059900000000198,"failureMessages":[],"meta":{}},{"ancestorTitles":["候选集持久化"],"fullName":"候选集持久化 写入后可读回，且去重复/去空","status":"passed","title":"写入后可读回，且去重复/去空","duration":1.4075000000002547,"failureMessages":[],"meta":{}},{"ancestorTitles":["probeBackend"],"fullName":"probeBackend health 返回 ok → true","status":"passed","title":"health 返回 ok → true","duration":1.1898000000001048,"failureMessages":[],"meta":{}},{"ancestorTitles":["probeBackend"],"fullName":"probeBackend health 非 ok → false","status":"passed","title":"health 非 ok → false","duration":0.5902999999998428,"failureMessages":[],"meta":{}},{"ancestorTitles":["probeBackend"],"fullName":"probeBackend fetch 抛错 → false","status":"passed","title":"fetch 抛错 → false","duration":0.5704999999998108,"failureMessages":[],"meta":{}},{"ancestorTitles":["读取集群信息"],"fullName":"读取集群信息 readClusterRole 解析 active","status":"passed","title":"readClusterRole 解析 active","duration":0.9243999999998778,"failureMessages":[],"meta":{}},{"ancestorTitles":["读取集群信息"],"fullName":"读取集群信息 fetchClusterPeers 返回对等节点","status":"passed","title":"fetchClusterPeers 返回对等节点","duration":0.689700000000812,"failureMessages":[],"meta":{}},{"ancestorTitles":["refreshCandidates"],"fullName":"refreshCandidates 合并 当前 + cluster peers 并持久化（不触发局域网发现扫描）","status":"passed","title":"合并 当前 + cluster peers 并持久化（不触发局域网发现扫描）","duration":2.3203999999996086,"failureMessages":[],"meta":{}},{"ancestorTitles":["runBackendFailover"],"fullName":"runBackendFailover 当前仍健康 → 返回 null 且不切换","status":"passed","title":"当前仍健康 → 返回 null 且不切换","duration":0.9978000000000975,"failureMessages":[],"meta":{}},{"ancestorTitles":["runBackendFailover"],"fullName":"runBackendFailover 当前失联 + 有健康对等 → 切到对等并更新 base/ws 地址","status":"passed","title":"当前失联 + 有健康对等 → 切到对等并更新 base/ws 地址","duration":4.3049999999993815,"failureMessages":[],"meta":{}},{"ancestorTitles":["runBackendFailover"],"fullName":"runBackendFailover 当前失联 + 无健康对等 → 返回 null","status":"passed","title":"当前失联 + 无健康对等 → 返回 null","duration":0.6855999999997948,"failureMessages":[],"meta":{}},{"ancestorTitles":["runBackendFailover"],"fullName":"runBackendFailover 多健康对等时优先选 active","status":"passed","title":"多健康对等时优先选 active","duration":2.000799999999799,"failureMessages":[],"meta":{}},{"ancestorTitles":["runBackendFailover"],"fullName":"runBackendFailover 最近刚切换到的目标在冷却期内失联 → 不再切回，防止震荡","status":"passed","title":"最近刚切换到的目标在冷却期内失联 → 不再切回，防止震荡","duration":0.6243000000004031,"failureMessages":[],"meta":{}}],"startTime":1787911298528,"endTime":1787911298548.6243,"status":"passed","message":"","name":"C:/CX-O/APP-Frontend/src/lib/backendFailover.test.ts"},{"assertionResults":[{"ancestorTitles":["浏览器模式"],"fullName":"浏览器模式 setItem 经 JSON 层编码写入 localStorage，getItem 解码还原原值","status":"passed","title":"setItem 经 JSON 层编码写入 localStorage，getItem 解码还原原值","duration":357.71690000000035,"failureMessages":[],"meta":{}},{"ancestorTitles":["浏览器模式"],"fullName":"浏览器模式 removeItem 清除 localStorage 键","status":"passed","title":"removeItem 清除 localStorage 键","duration":599.6146999999996,"failureMessages":[],"meta":{}},{"ancestorTitles":["浏览器模式"],"fullName":"浏览器模式 未命中时 getItem 返回 null","status":"passed","title":"未命中时 getItem 返回 null","duration":219.67709999999988,"failureMessages":[],"meta":{}},{"ancestorTitles":["Electron 模式"],"fullName":"Electron 模式 setItem 三写：内存 cache、localStorage 备份、IPC storeSave","status":"passed","title":"setItem 三写：内存 cache、localStorage 备份、IPC storeSave","duration":427.5034999999998,"failureMessages":[],"meta":{}},{"ancestorTitles":["Electron 模式"],"fullName":"Electron 模式 removeItem 清 cache 与 localStorage，并以空串通知主进程","status":"passed","title":"removeItem 清 cache 与 localStorage，并以空串通知主进程","duration":30.78610000000026,"failureMessages":[],"meta":{}},{"ancestorTitles":["Electron 模式"],"fullName":"Electron 模式 IPC storeSave 失败不影响本地写入","status":"passed","title":"IPC storeSave 失败不影响本地写入","duration":21.463700000000244,"failureMessages":[],"meta":{}}],"startTime":1787911297899,"endTime":1787911299556.4636,"status":"passed","message":"","name":"C:/CX-O/APP-Frontend/src/lib/createStorage.test.ts"},{"assertionResults":[{"ancestorTitles":["isComputerControlEnabled（工具可执行门禁）"],"fullName":"isComputerControlEnabled（工具可执行门禁） 未授权时工具不可用——即使 CXFC 已注册（running=true）","status":"passed","title":"未授权时工具不可用——即使 CXFC 已注册（running=true）","duration":2.2502000000004045,"failureMessages":[],"meta":{}},{"ancestorTitles":["isComputerControlEnabled（工具可执行门禁）"],"fullName":"isComputerControlEnabled（工具可执行门禁） 服务未运行（注册失败）时工具不可用","status":"passed","title":"服务未运行（注册失败）时工具不可用","duration":0.40720000000055734,"failureMessages":[],"meta":{}},{"ancestorTitles":["isComputerControlEnabled（工具可执行门禁）"],"fullName":"isComputerControlEnabled（工具可执行门禁） 已授权且服务运行才可用","status":"passed","title":"已授权且服务运行才可用","duration":0.36999999999989086,"failureMessages":[],"meta":{}},{"ancestorTitles":["authorize（授权持久化）"],"fullName":"authorize（授权持久化） 调用 setComputerControlAuth(true) 并将 authorized 置 true","status":"passed","title":"调用 setComputerControlAuth(true) 并将 authorized 置 true","duration":4.719600000000355,"failureMessages":[],"meta":{}},{"ancestorTitles":["authorize（授权持久化）"],"fullName":"authorize（授权持久化） 授权后本地镜像持久化到存储（重启恢复依据）","status":"passed","title":"授权后本地镜像持久化到存储（重启恢复依据）","duration":1.3362999999999374,"failureMessages":[],"meta":{}},{"ancestorTitles":["authorize（授权持久化）"],"fullName":"authorize（授权持久化） 主进程写入失败时不置 authorized=true（不虚报授权）","status":"passed","title":"主进程写入失败时不置 authorized=true（不虚报授权）","duration":1.2169000000003507,"failureMessages":[],"meta":{}},{"ancestorTitles":["revoke（主动撤销）"],"fullName":"revoke（主动撤销） 调用 setComputerControlAuth(false) 并将 authorized 置 false","status":"passed","title":"调用 setComputerControlAuth(false) 并将 authorized 置 false","duration":1.8110999999998967,"failureMessages":[],"meta":{}},{"ancestorTitles":["restore（重启恢复）"],"fullName":"restore（重启恢复） 浏览器模式（无 IPC）恢复后 loading=false 且保持本地镜像","status":"passed","title":"浏览器模式（无 IPC）恢复后 loading=false 且保持本地镜像","duration":0.6463999999996304,"failureMessages":[],"meta":{}},{"ancestorTitles":["restore（重启恢复）"],"fullName":"restore（重启恢复） 启动时读主进程权威值覆盖本地镜像","status":"passed","title":"启动时读主进程权威值覆盖本地镜像","duration":1.8365999999996347,"failureMessages":[],"meta":{}},{"ancestorTitles":["restore（重启恢复）"],"fullName":"restore（重启恢复） 主进程返回未授权时 restore 将状态收敛为未授权","status":"passed","title":"主进程返回未授权时 restore 将状态收敛为未授权","duration":1.1206999999994878,"failureMessages":[],"meta":{}}],"startTime":1787911298530,"endTime":1787911298547.1206,"status":"passed","message":"","name":"C:/CX-O/APP-Frontend/src/store/authorizationStore.test.ts"},{"assertionResults":[{"ancestorTitles":["useCaptureStore 默认态"],"fullName":"useCaptureStore 默认态 默认 videoModeEnabled === false","status":"passed","title":"默认 videoModeEnabled === false","duration":3.7004000000001724,"failureMessages":[],"meta":{}},{"ancestorTitles":["useCaptureStore 默认态"],"fullName":"useCaptureStore 默认态 既有默认值保持不变（回归）","status":"passed","title":"既有默认值保持不变（回归）","duration":1.1269000000002052,"failureMessages":[],"meta":{}},{"ancestorTitles":["videoModeEnabled（视频叙事开关）"],"fullName":"videoModeEnabled（视频叙事开关） setVideoModeEnabled(true) 后值变更","status":"passed","title":"setVideoModeEnabled(true) 后值变更","duration":1.1131000000000313,"failureMessages":[],"meta":{}},{"ancestorTitles":["videoModeEnabled（视频叙事开关）"],"fullName":"videoModeEnabled（视频叙事开关） 持久化 partialize 纳入 videoModeEnabled","status":"passed","title":"持久化 partialize 纳入 videoModeEnabled","duration":0.9645000000000437,"failureMessages":[],"meta":{}},{"ancestorTitles":["persist merge（旧持久化兼容）"],"fullName":"persist merge（旧持久化兼容） 未知 frameMode 安全回退 interval","status":"passed","title":"未知 frameMode 安全回退 interval","duration":0.7949000000003252,"failureMessages":[],"meta":{}},{"ancestorTitles":["persist merge（旧持久化兼容）"],"fullName":"persist merge（旧持久化兼容） merge 纳入 videoModeEnabled（持久化 true 覆盖默认 false）","status":"passed","title":"merge 纳入 videoModeEnabled（持久化 true 覆盖默认 false）","duration":0.8355000000001382,"failureMessages":[],"meta":{}},{"ancestorTitles":["persist merge（旧持久化兼容）"],"fullName":"persist merge（旧持久化兼容） 合法 adaptive 档经 merge 保留","status":"passed","title":"合法 adaptive 档经 merge 保留","duration":0.5923999999999978,"failureMessages":[],"meta":{}}],"startTime":1787911304556,"endTime":1787911304566.5923,"status":"passed","message":"","name":"C:/CX-O/APP-Frontend/src/store/captureStore.test.ts"},{"assertionResults":[{"ancestorTitles":["采集尺寸预设清单"],"fullName":"采集尺寸预设清单 默认档为 400x500，且包含 spec 点名的 400x500 / 550x700 档","status":"passed","title":"默认档为 400x500，且包含 spec 点名的 400x500 / 550x700 档","duration":3.694999999999709,"failureMessages":[],"meta":{}},{"ancestorTitles":["采集尺寸预设清单"],"fullName":"采集尺寸预设清单 全部预设不低于桌宠窗最小尺寸 300x400","status":"passed","title":"全部预设不低于桌宠窗最小尺寸 300x400","duration":0.9612999999999374,"failureMessages":[],"meta":{}},{"ancestorTitles":["clampCaptureSize（尺寸合法化）"],"fullName":"clampCaptureSize（尺寸合法化） 低于下限的尺寸被夹到 300x400","status":"passed","title":"低于下限的尺寸被夹到 300x400","duration":0.3949999999999818,"failureMessages":[],"meta":{}},{"ancestorTitles":["clampCaptureSize（尺寸合法化）"],"fullName":"clampCaptureSize（尺寸合法化） 小数尺寸取整","status":"passed","title":"小数尺寸取整","duration":0.3670999999999367,"failureMessages":[],"meta":{}},{"ancestorTitles":["clampCaptureSize（尺寸合法化）"],"fullName":"clampCaptureSize（尺寸合法化） 非有限输入回落默认档","status":"passed","title":"非有限输入回落默认档","duration":0.32540000000017244,"failureMessages":[],"meta":{}},{"ancestorTitles":["computeAvatarScaleFactor（头像缩放因子）"],"fullName":"computeAvatarScaleFactor（头像缩放因子） 默认尺寸因子为 1","status":"passed","title":"默认尺寸因子为 1","duration":0.4576999999999316,"failureMessages":[],"meta":{}},{"ancestorTitles":["computeAvatarScaleFactor（头像缩放因子）"],"fullName":"computeAvatarScaleFactor（头像缩放因子） 小档按短边比例缩小（300x400 → 0.75）","status":"passed","title":"小档按短边比例缩小（300x400 → 0.75）","duration":0.41879999999991924,"failureMessages":[],"meta":{}},{"ancestorTitles":["computeAvatarScaleFactor（头像缩放因子）"],"fullName":"computeAvatarScaleFactor（头像缩放因子） 大档按短边比例放大（550x700 → 1.375）","status":"passed","title":"大档按短边比例放大（550x700 → 1.375）","duration":0.45060000000012224,"failureMessages":[],"meta":{}},{"ancestorTitles":["computeAvatarScaleFactor（头像缩放因子）"],"fullName":"computeAvatarScaleFactor（头像缩放因子） 极端尺寸被 clamp 到上下限","status":"passed","title":"极端尺寸被 clamp 到上下限","duration":0.38020000000005894,"failureMessages":[],"meta":{}},{"ancestorTitles":["computeAvatarScaleFactor（头像缩放因子）"],"fullName":"computeAvatarScaleFactor（头像缩放因子） 非法输入不缩放","status":"passed","title":"非法输入不缩放","duration":0.4904999999998836,"failureMessages":[],"meta":{}},{"ancestorTitles":["resolveAvatarScale（头像自适应决策）"],"fullName":"resolveAvatarScale（头像自适应决策） 窗口已缩放时（Electron）恒为 1，交由引擎随容器自适应","status":"passed","title":"窗口已缩放时（Electron）恒为 1，交由引擎随容器自适应","duration":0.44470000000001164,"failureMessages":[],"meta":{}},{"ancestorTitles":["resolveAvatarScale（头像自适应决策）"],"fullName":"resolveAvatarScale（头像自适应决策） 浏览器降级路径按预设比例缩放头像","status":"passed","title":"浏览器降级路径按预设比例缩放头像","duration":0.3966000000000349,"failureMessages":[],"meta":{}},{"ancestorTitles":["getNextCaptureSize（循环切换）"],"fullName":"getNextCaptureSize（循环切换） 按预设顺序逐档推进","status":"passed","title":"按预设顺序逐档推进","duration":0.5103000000003703,"failureMessages":[],"meta":{}},{"ancestorTitles":["getNextCaptureSize（循环切换）"],"fullName":"getNextCaptureSize（循环切换） 末尾回卷到首档","status":"passed","title":"末尾回卷到首档","duration":0.2588999999998123,"failureMessages":[],"meta":{}},{"ancestorTitles":["getNextCaptureSize（循环切换）"],"fullName":"getNextCaptureSize（循环切换） 未命中预设（自定义尺寸）回落默认档","status":"passed","title":"未命中预设（自定义尺寸）回落默认档","duration":0.28880000000026484,"failureMessages":[],"meta":{}},{"ancestorTitles":["useObsStore"],"fullName":"useObsStore 默认状态：绿幕关闭、默认采集尺寸","status":"passed","title":"默认状态：绿幕关闭、默认采集尺寸","duration":0.34360000000015134,"failureMessages":[],"meta":{}},{"ancestorTitles":["useObsStore"],"fullName":"useObsStore toggleGreenScreen / setGreenScreen 切换抠像背景模式","status":"passed","title":"toggleGreenScreen / setGreenScreen 切换抠像背景模式","duration":0.4299999999998363,"failureMessages":[],"meta":{}},{"ancestorTitles":["useObsStore"],"fullName":"useObsStore setCaptureSize 经 clamp 后落库","status":"passed","title":"setCaptureSize 经 clamp 后落库","duration":0.4335999999998421,"failureMessages":[],"meta":{}},{"ancestorTitles":["useObsStore"],"fullName":"useObsStore cycleCaptureSize 逐档推进并在末尾回卷","status":"passed","title":"cycleCaptureSize 逐档推进并在末尾回卷","duration":0.6658999999999651,"failureMessages":[],"meta":{}}],"startTime":1787911298529,"endTime":1787911298542.666,"status":"passed","message":"","name":"C:/CX-O/APP-Frontend/src/store/obsStore.test.ts"},{"assertionResults":[{"ancestorTitles":["RingFrameBuffer 容量淘汰"],"fullName":"RingFrameBuffer 容量淘汰 push 超过 maxFrames 后最旧帧被淘汰，latest(120) 返回最近 120 帧","status":"passed","title":"push 超过 maxFrames 后最旧帧被淘汰，latest(120) 返回最近 120 帧","duration":3.8623999999999796,"failureMessages":[],"meta":{}},{"ancestorTitles":["RingFrameBuffer 时间淘汰"],"fullName":"RingFrameBuffer 时间淘汰 传入跨 >30s 的 ts 后，旧帧被时间窗淘汰","status":"passed","title":"传入跨 >30s 的 ts 后，旧帧被时间窗淘汰","duration":1.9274000000000342,"failureMessages":[],"meta":{}},{"ancestorTitles":["RingFrameBuffer 时间淘汰"],"fullName":"RingFrameBuffer 时间淘汰 恰好位于窗口边界的帧保留，早于 cutoff 的淘汰","status":"passed","title":"恰好位于窗口边界的帧保留，早于 cutoff 的淘汰","duration":0.6938999999997577,"failureMessages":[],"meta":{}},{"ancestorTitles":["RingFrameBuffer slice 回溯边界"],"fullName":"RingFrameBuffer slice 回溯边界 取中间窗口只返回该窗口内的帧且按升序","status":"passed","title":"取中间窗口只返回该窗口内的帧且按升序","duration":0.8308000000001812,"failureMessages":[],"meta":{}},{"ancestorTitles":["RingFrameBuffer slice 回溯边界"],"fullName":"RingFrameBuffer slice 回溯边界 闭区间边界端包含（相等即命中）","status":"passed","title":"闭区间边界端包含（相等即命中）","duration":0.5552000000002408,"failureMessages":[],"meta":{}},{"ancestorTitles":["RingFrameBuffer 双源隔离"],"fullName":"RingFrameBuffer 双源隔离 screen 缓冲与 camera 缓冲互不影响","status":"passed","title":"screen 缓冲与 camera 缓冲互不影响","duration":0.953899999999976,"failureMessages":[],"meta":{}},{"ancestorTitles":["RingFrameBuffer 空缓冲"],"fullName":"RingFrameBuffer 空缓冲 空缓冲 slice/latest 返回空数组","status":"passed","title":"空缓冲 slice/latest 返回空数组","duration":0.9619999999999891,"failureMessages":[],"meta":{}},{"ancestorTitles":["RingFrameBuffer 占位帧"],"fullName":"RingFrameBuffer 占位帧 null 占位帧保持时间轴但不进入 slice/latest 结果","status":"passed","title":"null 占位帧保持时间轴但不进入 slice/latest 结果","duration":0.7348000000001775,"failureMessages":[],"meta":{}}],"startTime":1787911302757,"endTime":1787911302768.7349,"status":"passed","message":"","name":"C:/CX-O/APP-Frontend/src/vision/RingFrameBuffer.test.ts"},{"assertionResults":[{"ancestorTitles":["VideoClipBuilder build 回溯窗口"],"fullName":"VideoClipBuilder build 回溯窗口 startTs≈ts-preRoll*1000、endTs≈ts+postRoll*1000，帧按升序","status":"passed","title":"startTs≈ts-preRoll*1000、endTs≈ts+postRoll*1000，帧按升序","duration":5.383500000000367,"failureMessages":[],"meta":{}},{"ancestorTitles":["VideoClipBuilder build 截断"],"fullName":"VideoClipBuilder build 截断 事件后超过 clipMaxSec 的帧被截断，endTs 不超过 ts+clipMaxSec*1000","status":"passed","title":"事件后超过 clipMaxSec 的帧被截断，endTs 不超过 ts+clipMaxSec*1000","duration":1.1538000000000466,"failureMessages":[],"meta":{}},{"ancestorTitles":["VideoClipBuilder build 截断"],"fullName":"VideoClipBuilder build 截断 postRoll 未超 clipMax 时不截断","status":"passed","title":"postRoll 未超 clipMax 时不截断","duration":0.5046000000002095,"failureMessages":[],"meta":{}},{"ancestorTitles":["VideoClipBuilder build meta 与顺序"],"fullName":"VideoClipBuilder build meta 与顺序 meta 正确携带 eventType/ts/source，帧按升序","status":"passed","title":"meta 正确携带 eventType/ts/source，帧按升序","duration":1.4485999999997148,"failureMessages":[],"meta":{}},{"ancestorTitles":["VideoClipBuilder build 空降级"],"fullName":"VideoClipBuilder build 空降级 空缓冲返回空帧序列但不抛异常","status":"passed","title":"空缓冲返回空帧序列但不抛异常","duration":0.7512000000001535,"failureMessages":[],"meta":{}},{"ancestorTitles":["VideoClipBuilder build 空降级"],"fullName":"VideoClipBuilder build 空降级 事件落在窗口外（无帧命中）返回空帧序列但不抛异常","status":"passed","title":"事件落在窗口外（无帧命中）返回空帧序列但不抛异常","duration":0.5443000000000211,"failureMessages":[],"meta":{}},{"ancestorTitles":["VideoClipBuilder encodeFrames 降级"],"fullName":"VideoClipBuilder encodeFrames 降级 方法存在且签名正确；无真实 canvas（jsdom）环境优雅降级返回 null","status":"passed","title":"方法存在且签名正确；无真实 canvas（jsdom）环境优雅降级返回 null","duration":18.014799999999923,"failureMessages":[],"meta":{}}],"startTime":1787911302022,"endTime":1787911302051.015,"status":"passed","message":"","name":"C:/CX-O/APP-Frontend/src/vision/VideoClipBuilder.test.ts"},{"assertionResults":[{"ancestorTitles":["VisionEventDetector 静止"],"fullName":"VisionEventDetector 静止 相邻帧差异小于 diffThreshold 返回 null（画面静止）","status":"passed","title":"相邻帧差异小于 diffThreshold 返回 null（画面静止）","duration":3.240900000000238,"failureMessages":[],"meta":{}},{"ancestorTitles":["VisionEventDetector 突变"],"fullName":"VisionEventDetector 突变 差异达到 abruptThreshold 触发 scene_change 事件","status":"passed","title":"差异达到 abruptThreshold 触发 scene_change 事件","duration":1.679700000000139,"failureMessages":[],"meta":{}},{"ancestorTitles":["VisionEventDetector 突变"],"fullName":"VisionEventDetector 突变 突变事件携带 camera 源信息","status":"passed","title":"突变事件携带 camera 源信息","duration":1.2854999999999563,"failureMessages":[],"meta":{}},{"ancestorTitles":["VisionEventDetector 冷却"],"fullName":"VisionEventDetector 冷却 同类事件在冷却期内不重复触发","status":"passed","title":"同类事件在冷却期内不重复触发","duration":0.5120999999999185,"failureMessages":[],"meta":{}},{"ancestorTitles":["VisionEventDetector 冷却"],"fullName":"VisionEventDetector 冷却 不同事件类型冷却互相独立","status":"passed","title":"不同事件类型冷却互相独立","duration":0.2638999999999214,"failureMessages":[],"meta":{}},{"ancestorTitles":["VisionEventDetector 每小时上限"],"fullName":"VisionEventDetector 每小时上限 超过 maxClipsPerHour 后 canTrigger=false 且触发受阻","status":"passed","title":"超过 maxClipsPerHour 后 canTrigger=false 且触发受阻","duration":0.5079999999998108,"failureMessages":[],"meta":{}},{"ancestorTitles":["VisionEventDetector 每小时上限"],"fullName":"VisionEventDetector 每小时上限 滑窗滚动后旧触发不再占用预算","status":"passed","title":"滑窗滚动后旧触发不再占用预算","duration":0.6264000000001033,"failureMessages":[],"meta":{}},{"ancestorTitles":["VisionEventDetector 微变化 / 中变化"],"fullName":"VisionEventDetector 微变化 / 中变化 微变化被忽略（返回 null 但不推进静止态）","status":"passed","title":"微变化被忽略（返回 null 但不推进静止态）","duration":0.2737999999999374,"failureMessages":[],"meta":{}},{"ancestorTitles":["VisionEventDetector 微变化 / 中变化"],"fullName":"VisionEventDetector 微变化 / 中变化 中变化产生低频 user_action（lowPriority）","status":"passed","title":"中变化产生低频 user_action（lowPriority）","duration":0.4279999999998836,"failureMessages":[],"meta":{}},{"ancestorTitles":["VisionEventDetector 微变化 / 中变化"],"fullName":"VisionEventDetector 微变化 / 中变化 reset 清除冷却状态后可再次触发","status":"passed","title":"reset 清除冷却状态后可再次触发","duration":0.5891999999998916,"failureMessages":[],"meta":{}},{"ancestorTitles":["VisionEventDetector feedPresence"],"fullName":"VisionEventDetector feedPresence active=false 产生 user_left，再 true 产生 user_returned","status":"passed","title":"active=false 产生 user_left，再 true 产生 user_returned","duration":0.4825999999998203,"failureMessages":[],"meta":{}},{"ancestorTitles":["VisionEventDetector feedPresence"],"fullName":"VisionEventDetector feedPresence 状态未翻转的重复调用不重复触发","status":"passed","title":"状态未翻转的重复调用不重复触发","duration":0.4076000000000022,"failureMessages":[],"meta":{}}],"startTime":1787911298040,"endTime":1787911298051.4827,"status":"passed","message":"","name":"C:/CX-O/APP-Frontend/src/vision/VisionEventDetector.test.ts"},{"assertionResults":[{"ancestorTitles":["Authenticator.verifyAuth"],"fullName":"Authenticator.verifyAuth 正确令牌通过","status":"passed","title":"正确令牌通过","duration":4.400899999999865,"failureMessages":[],"meta":{}},{"ancestorTitles":["Authenticator.verifyAuth"],"fullName":"Authenticator.verifyAuth 错误令牌 → UNAUTHORIZED","status":"passed","title":"错误令牌 → UNAUTHORIZED","duration":0.88799999999992,"failureMessages":[],"meta":{}},{"ancestorTitles":["Authenticator.verifyAuth"],"fullName":"Authenticator.verifyAuth 缺失令牌 → UNAUTHORIZED","status":"passed","title":"缺失令牌 → UNAUTHORIZED","duration":0.46090000000003783,"failureMessages":[],"meta":{}},{"ancestorTitles":["Authenticator.verifyAuth"],"fullName":"Authenticator.verifyAuth 空令牌配置时任何输入都不通过","status":"passed","title":"空令牌配置时任何输入都不通过","duration":0.6325999999999112,"failureMessages":[],"meta":{}},{"ancestorTitles":["Authenticator.verifyReplay"],"fullName":"Authenticator.verifyReplay 首次 request_id 通过并记账","status":"passed","title":"首次 request_id 通过并记账","duration":0.8585000000000491,"failureMessages":[],"meta":{}},{"ancestorTitles":["Authenticator.verifyReplay"],"fullName":"Authenticator.verifyReplay 窗内重复 request_id → REPLAY_DETECTED","status":"passed","title":"窗内重复 request_id → REPLAY_DETECTED","duration":0.8611000000000786,"failureMessages":[],"meta":{}},{"ancestorTitles":["Authenticator.verifyReplay"],"fullName":"Authenticator.verifyReplay 超窗后同一 request_id 复用放行","status":"passed","title":"超窗后同一 request_id 复用放行","duration":0.7226000000000568,"failureMessages":[],"meta":{}},{"ancestorTitles":["Authenticator.verifyReplay"],"fullName":"Authenticator.verifyReplay 缺失/非字符串/超长 request_id → INVALID_ARGUMENT","status":"passed","title":"缺失/非字符串/超长 request_id → INVALID_ARGUMENT","duration":0.9817000000000462,"failureMessages":[],"meta":{}},{"ancestorTitles":["Authenticator.verifyReplay"],"fullName":"Authenticator.verifyReplay 不同 request_id 互不影响","status":"passed","title":"不同 request_id 互不影响","duration":0.7334000000000742,"failureMessages":[],"meta":{}}],"startTime":1787911306798,"endTime":1787911306809.7334,"status":"passed","message":"","name":"C:/CX-O/APP-Frontend/electron/plugins/computerControl/auth.test.ts"},{"assertionResults":[{"ancestorTitles":["AuthorizationStore"],"fullName":"AuthorizationStore 持久化无数据时使用默认状态（false）","status":"passed","title":"持久化无数据时使用默认状态（false）","duration":2.7001999999999953,"failureMessages":[],"meta":{}},{"ancestorTitles":["AuthorizationStore"],"fullName":"AuthorizationStore 读取已有持久化授权状态","status":"passed","title":"读取已有持久化授权状态","duration":0.5639999999998508,"failureMessages":[],"meta":{}},{"ancestorTitles":["AuthorizationStore"],"fullName":"AuthorizationStore setAuthorized 写入并持久化","status":"passed","title":"setAuthorized 写入并持久化","duration":1.9505999999998949,"failureMessages":[],"meta":{}},{"ancestorTitles":["AuthorizationStore"],"fullName":"AuthorizationStore revoke 撤销并持久化为 false","status":"passed","title":"revoke 撤销并持久化为 false","duration":0.4148000000000138,"failureMessages":[],"meta":{}},{"ancestorTitles":["AuthorizationStore"],"fullName":"AuthorizationStore 只操作内存与持久化替身，不触碰任何 OS/系统 API","status":"passed","title":"只操作内存与持久化替身，不触碰任何 OS/系统 API","duration":0.5778999999999996,"failureMessages":[],"meta":{}}],"startTime":1787911306798,"endTime":1787911306804.578,"status":"passed","message":"","name":"C:/CX-O/APP-Frontend/electron/plugins/computerControl/authorization.test.ts"},{"assertionResults":[{"ancestorTitles":["ComputerControlHttpServer"],"fullName":"ComputerControlHttpServer GET /health 匿名可访问并返回指纹","status":"passed","title":"GET /health 匿名可访问并返回指纹","duration":211.29730000000018,"failureMessages":[],"meta":{}},{"ancestorTitles":["ComputerControlHttpServer"],"fullName":"ComputerControlHttpServer GET /tools 无令牌 → 401 UNAUTHORIZED","status":"passed","title":"GET /tools 无令牌 → 401 UNAUTHORIZED","duration":86.4688000000001,"failureMessages":[],"meta":{}},{"ancestorTitles":["ComputerControlHttpServer"],"fullName":"ComputerControlHttpServer GET /tools 令牌正确但未授权 → 403 NOT_AUTHORIZED","status":"passed","title":"GET /tools 令牌正确但未授权 → 403 NOT_AUTHORIZED","duration":119.18650000000025,"failureMessages":[],"meta":{}},{"ancestorTitles":["ComputerControlHttpServer"],"fullName":"ComputerControlHttpServer GET /tools 已授权 + 令牌 → 200 返回工具清单","status":"passed","title":"GET /tools 已授权 + 令牌 → 200 返回工具清单","duration":99.99220000000014,"failureMessages":[],"meta":{}},{"ancestorTitles":["ComputerControlHttpServer"],"fullName":"ComputerControlHttpServer POST /call 无令牌 → 401 且不调用工具","status":"passed","title":"POST /call 无令牌 → 401 且不调用工具","duration":116.89310000000023,"failureMessages":[],"meta":{}},{"ancestorTitles":["ComputerControlHttpServer"],"fullName":"ComputerControlHttpServer POST /call 令牌正确但未授权 → 403 且不调用工具","status":"passed","title":"POST /call 令牌正确但未授权 → 403 且不调用工具","duration":110.06700000000001,"failureMessages":[],"meta":{}},{"ancestorTitles":["ComputerControlHttpServer"],"fullName":"ComputerControlHttpServer POST /call 成功路径返回 200 并调用工具","status":"passed","title":"POST /call 成功路径返回 200 并调用工具","duration":99.53800000000001,"failureMessages":[],"meta":{}},{"ancestorTitles":["ComputerControlHttpServer"],"fullName":"ComputerControlHttpServer POST /call 重复 request_id → 409 REPLAY_DETECTED 且工具只执行一次","status":"passed","title":"POST /call 重复 request_id → 409 REPLAY_DETECTED 且工具只执行一次","duration":92.24269999999979,"failureMessages":[],"meta":{}},{"ancestorTitles":["ComputerControlHttpServer"],"fullName":"ComputerControlHttpServer POST /call 未知工具 → 400 INVALID_ARGUMENT 且不调用工具","status":"passed","title":"POST /call 未知工具 → 400 INVALID_ARGUMENT 且不调用工具","duration":86.33559999999989,"failureMessages":[],"meta":{}},{"ancestorTitles":["ComputerControlHttpServer"],"fullName":"ComputerControlHttpServer POST /call 请求体非对象 → 400 INVALID_ARGUMENT","status":"passed","title":"POST /call 请求体非对象 → 400 INVALID_ARGUMENT","duration":66.06919999999991,"failureMessages":[],"meta":{}},{"ancestorTitles":["ComputerControlHttpServer"],"fullName":"ComputerControlHttpServer 未知端点 → 400 INVALID_ARGUMENT","status":"passed","title":"未知端点 → 400 INVALID_ARGUMENT","duration":140.77840000000015,"failureMessages":[],"meta":{}}],"startTime":1787911307476,"endTime":1787911308704.7783,"status":"passed","message":"","name":"C:/CX-O/APP-Frontend/electron/plugins/computerControl/httpServer.test.ts"},{"assertionResults":[{"ancestorTitles":["computer_keyboard_control"],"fullName":"computer_keyboard_control type 成功且不写日志","status":"passed","title":"type 成功且不写日志","duration":6.438499999999976,"failureMessages":[],"meta":{}},{"ancestorTitles":["computer_keyboard_control"],"fullName":"computer_keyboard_control key / press 成功","status":"passed","title":"key / press 成功","duration":0.8787999999999556,"failureMessages":[],"meta":{}},{"ancestorTitles":["computer_keyboard_control"],"fullName":"computer_keyboard_control hotkey 成功","status":"passed","title":"hotkey 成功","duration":0.9675999999999476,"failureMessages":[],"meta":{}},{"ancestorTitles":["computer_keyboard_control"],"fullName":"computer_keyboard_control type 缺 text → INVALID_ARGUMENT 且不触碰驱动","status":"passed","title":"type 缺 text → INVALID_ARGUMENT 且不触碰驱动","duration":0.5539000000001124,"failureMessages":[],"meta":{}},{"ancestorTitles":["computer_keyboard_control"],"fullName":"computer_keyboard_control key 缺 key → INVALID_ARGUMENT","status":"passed","title":"key 缺 key → INVALID_ARGUMENT","duration":0.503400000000056,"failureMessages":[],"meta":{}},{"ancestorTitles":["computer_keyboard_control"],"fullName":"computer_keyboard_control hotkey 非法 modifiers → INVALID_ARGUMENT","status":"passed","title":"hotkey 非法 modifiers → INVALID_ARGUMENT","duration":0.8022999999998319,"failureMessages":[],"meta":{}},{"ancestorTitles":["computer_keyboard_control"],"fullName":"computer_keyboard_control 驱动失败 → EXECUTION_FAILED","status":"passed","title":"驱动失败 → EXECUTION_FAILED","duration":0.9613999999999123,"failureMessages":[],"meta":{}}],"startTime":1787911306800,"endTime":1787911306811.9614,"status":"passed","message":"","name":"C:/CX-O/APP-Frontend/electron/plugins/computerControl/keyboard.test.ts"},{"assertionResults":[{"ancestorTitles":["computer_run_command"],"fullName":"computer_run_command 成功执行并返回 exit_code/stdout","status":"passed","title":"成功执行并返回 exit_code/stdout","duration":283.5185999999999,"failureMessages":[],"meta":{}},{"ancestorTitles":["computer_run_command"],"fullName":"computer_run_command 结构化解耦：command+args 数组执行，不拼 shell","status":"passed","title":"结构化解耦：command+args 数组执行，不拼 shell","duration":267.8313000000003,"failureMessages":[],"meta":{}},{"ancestorTitles":["computer_run_command"],"fullName":"computer_run_command 缺 command → INVALID_ARGUMENT","status":"passed","title":"缺 command → INVALID_ARGUMENT","duration":0.3934999999996762,"failureMessages":[],"meta":{}},{"ancestorTitles":["computer_run_command"],"fullName":"computer_run_command args 非字符串数组 → INVALID_ARGUMENT","status":"passed","title":"args 非字符串数组 → INVALID_ARGUMENT","duration":0.3621999999995751,"failureMessages":[],"meta":{}},{"ancestorTitles":["computer_run_command"],"fullName":"computer_run_command timeout_ms 非法 → INVALID_ARGUMENT","status":"passed","title":"timeout_ms 非法 → INVALID_ARGUMENT","duration":0.2617000000000189,"failureMessages":[],"meta":{}},{"ancestorTitles":["computer_run_command"],"fullName":"computer_run_command 超时后返回 TIMEOUT 并回收进程树","status":"passed","title":"超时后返回 TIMEOUT 并回收进程树","duration":115.80019999999968,"failureMessages":[],"meta":{}},{"ancestorTitles":["computer_run_command"],"fullName":"computer_run_command 敏感输出按 redact_patterns 脱敏","status":"passed","title":"敏感输出按 redact_patterns 脱敏","duration":233.64530000000013,"failureMessages":[],"meta":{}},{"ancestorTitles":["computer_run_command"],"fullName":"computer_run_command O-3：默认配置下敏感输出脱敏生效（密码/令牌/Authorization 头）","status":"passed","title":"O-3：默认配置下敏感输出脱敏生效（密码/令牌/Authorization 头）","duration":276.9393,"failureMessages":[],"meta":{}},{"ancestorTitles":["computer_run_command"],"fullName":"computer_run_command O-2：env 仅透传白名单键，不展开 process.env","status":"passed","title":"O-2：env 仅透传白名单键，不展开 process.env","duration":1.554200000000037,"failureMessages":[],"meta":{}},{"ancestorTitles":["computer_run_command"],"fullName":"computer_run_command O-2：未传入 env 时不注入任何额外变量","status":"passed","title":"O-2：未传入 env 时不注入任何额外变量","duration":0.6796999999996842,"failureMessages":[],"meta":{}},{"ancestorTitles":["computer_run_command"],"fullName":"computer_run_command 输出超过上限时截断并标记 truncated","status":"passed","title":"输出超过上限时截断并标记 truncated","duration":223.36329999999998,"failureMessages":[],"meta":{}},{"ancestorTitles":["computer_run_command"],"fullName":"computer_run_command spawn 抛错（启动失败）→ EXECUTION_FAILED","status":"passed","title":"spawn 抛错（启动失败）→ EXECUTION_FAILED","duration":0.34409999999979846,"failureMessages":[],"meta":{}},{"ancestorTitles":["computer_run_command"],"fullName":"computer_run_command spawn 后触发 error 事件 → EXECUTION_FAILED","status":"passed","title":"spawn 后触发 error 事件 → EXECUTION_FAILED","duration":0.4169000000001688,"failureMessages":[],"meta":{}}],"startTime":1787911306788,"endTime":1787911308193.417,"status":"passed","message":"","name":"C:/CX-O/APP-Frontend/electron/plugins/computerControl/runCommand.test.ts"},{"assertionResults":[{"ancestorTitles":["computer_screen_control"],"fullName":"computer_screen_control capture 返回结构化结果","status":"passed","title":"capture 返回结构化结果","duration":6.820999999999913,"failureMessages":[],"meta":{}},{"ancestorTitles":["computer_screen_control"],"fullName":"computer_screen_control move 成功","status":"passed","title":"move 成功","duration":1.8443999999999505,"failureMessages":[],"meta":{}},{"ancestorTitles":["computer_screen_control"],"fullName":"computer_screen_control click 成功并透传按钮","status":"passed","title":"click 成功并透传按钮","duration":1.1195000000000164,"failureMessages":[],"meta":{}},{"ancestorTitles":["computer_screen_control"],"fullName":"computer_screen_control scroll 成功","status":"passed","title":"scroll 成功","duration":0.8523000000000138,"failureMessages":[],"meta":{}},{"ancestorTitles":["computer_screen_control"],"fullName":"computer_screen_control 缺 action → INVALID_ARGUMENT","status":"passed","title":"缺 action → INVALID_ARGUMENT","duration":1.0751999999999953,"failureMessages":[],"meta":{}},{"ancestorTitles":["computer_screen_control"],"fullName":"computer_screen_control move 缺数字坐标 → INVALID_ARGUMENT 且不触碰驱动","status":"passed","title":"move 缺数字坐标 → INVALID_ARGUMENT 且不触碰驱动","duration":0.7262000000000626,"failureMessages":[],"meta":{}},{"ancestorTitles":["computer_screen_control"],"fullName":"computer_screen_control 未知动作 → INVALID_ARGUMENT","status":"passed","title":"未知动作 → INVALID_ARGUMENT","duration":0.48870000000010805,"failureMessages":[],"meta":{}},{"ancestorTitles":["computer_screen_control"],"fullName":"computer_screen_control 驱动失败 → EXECUTION_FAILED","status":"passed","title":"驱动失败 → EXECUTION_FAILED","duration":0.6081000000001495,"failureMessages":[],"meta":{}}],"startTime":1787911306801,"endTime":1787911306814.6082,"status":"passed","message":"","name":"C:/CX-O/APP-Frontend/electron/plugins/computerControl/screen.test.ts"},{"assertionResults":[{"ancestorTitles":["meetingApi 失败响应错误传播（M4）"],"fullName":"meetingApi 失败响应错误传播（M4） success=false 且携带 error 字段：抛出真实服务端原因","status":"passed","title":"success=false 且携带 error 字段：抛出真实服务端原因","duration":5.614300000000185,"failureMessages":[],"meta":{}},{"ancestorTitles":["meetingApi 失败响应错误传播（M4）"],"fullName":"meetingApi 失败响应错误传播（M4） success=false 且 error 缺失时回退 message 字段","status":"passed","title":"success=false 且 error 缺失时回退 message 字段","duration":1.0271999999999935,"failureMessages":[],"meta":{}},{"ancestorTitles":["meetingApi 失败响应错误传播（M4）"],"fullName":"meetingApi 失败响应错误传播（M4） error/message 均缺失时回退默认文案而非静默返回 undefined","status":"passed","title":"error/message 均缺失时回退默认文案而非静默返回 undefined","duration":0.7096999999998843,"failureMessages":[],"meta":{}},{"ancestorTitles":["meetingApi 失败响应错误传播（M4）"],"fullName":"meetingApi 失败响应错误传播（M4） res 为空引用时同样抛默认文案（不因可选链短路误判成功）","status":"passed","title":"res 为空引用时同样抛默认文案（不因可选链短路误判成功）","duration":0.5424000000002707,"failureMessages":[],"meta":{}},{"ancestorTitles":["meetingApi 失败响应错误传播（M4）"],"fullName":"meetingApi 失败响应错误传播（M4） success=true 正常透传 data","status":"passed","title":"success=true 正常透传 data","duration":1.2879000000002634,"failureMessages":[],"meta":{}}],"startTime":1787911304993,"endTime":1787911305002.2878,"status":"passed","message":"","name":"C:/CX-O/APP-Frontend/src/api/clients/meeting.test.ts"},{"assertionResults":[{"ancestorTitles":["normalizePluginList"],"fullName":"normalizePluginList 透传数组形态","status":"passed","title":"透传数组形态","duration":2.8128999999998996,"failureMessages":[],"meta":{}},{"ancestorTitles":["normalizePluginList"],"fullName":"normalizePluginList 归一化 { plugins: [...] } 形态","status":"passed","title":"归一化 { plugins: [...] } 形态","duration":0.5945999999999003,"failureMessages":[],"meta":{}},{"ancestorTitles":["normalizePluginList"],"fullName":"normalizePluginList 兜底 { id: {...} } 字典形态","status":"passed","title":"兜底 { id: {...} } 字典形态","duration":0.792699999999968,"failureMessages":[],"meta":{}},{"ancestorTitles":["normalizePluginList"],"fullName":"normalizePluginList 空/非法输入返回空数组","status":"passed","title":"空/非法输入返回空数组","duration":1.578099999999722,"failureMessages":[],"meta":{}},{"ancestorTitles":["pluginUiUrl"],"fullName":"pluginUiUrl 拼接插件 UI 地址并在端口缺失时抛错","status":"passed","title":"拼接插件 UI 地址并在端口缺失时抛错","duration":2.5437000000001717,"failureMessages":[],"meta":{}}],"startTime":1787911306083,"endTime":1787911306092.5437,"status":"passed","message":"","name":"C:/CX-O/APP-Frontend/src/api/clients/neko.test.ts"},{"assertionResults":[{"ancestorTitles":["toolsApi.testTool 请求体契约（D1）"],"fullName":"toolsApi.testTool 请求体契约（D1） 参数以 { arguments: ... } 包裹发送，URL 指向 /api/tools/{id}/test","status":"passed","title":"参数以 { arguments: ... } 包裹发送，URL 指向 /api/tools/{id}/test","duration":8.166000000000167,"failureMessages":[],"meta":{}},{"ancestorTitles":["toolsApi.testTool 请求体契约（D1）"],"fullName":"toolsApi.testTool 请求体契约（D1） 未填参数时不裸传 undefined（JSON 序列化后命中后端 arguments 默认空参）","status":"passed","title":"未填参数时不裸传 undefined（JSON 序列化后命中后端 arguments 默认空参）","duration":1.0417999999999665,"failureMessages":[],"meta":{}}],"startTime":1787911306089,"endTime":1787911306099.0417,"status":"passed","message":"","name":"C:/CX-O/APP-Frontend/src/api/clients/tools.test.ts"},{"assertionResults":[{"ancestorTitles":["DEFAULT_BONE_CONTROLS 目录完整性"],"fullName":"DEFAULT_BONE_CONTROLS 目录完整性 骨骼数量应等于 26 项（扩容后）","status":"passed","title":"骨骼数量应等于 26 项（扩容后）","duration":3.724500000000262,"failureMessages":[],"meta":{}},{"ancestorTitles":["DEFAULT_BONE_CONTROLS 目录完整性"],"fullName":"DEFAULT_BONE_CONTROLS 目录完整性 骨骼数量应至少 12 项（兼容旧阈值）","status":"passed","title":"骨骼数量应至少 12 项（兼容旧阈值）","duration":0.6325999999999112,"failureMessages":[],"meta":{}},{"ancestorTitles":["DEFAULT_BONE_CONTROLS 目录完整性"],"fullName":"DEFAULT_BONE_CONTROLS 目录完整性 每项均应包含 id/label/rotationRange/prompt 四字段","status":"passed","title":"每项均应包含 id/label/rotationRange/prompt 四字段","duration":6.914199999999255,"failureMessages":[],"meta":{}},{"ancestorTitles":["DEFAULT_BONE_CONTROLS 目录完整性"],"fullName":"DEFAULT_BONE_CONTROLS 目录完整性 rotationRange 的 x/y/z 均为 [min,max] 且 min<=max","status":"passed","title":"rotationRange 的 x/y/z 均为 [min,max] 且 min<=max","duration":16.294800000000578,"failureMessages":[],"meta":{}},{"ancestorTitles":["isControlledBone"],"fullName":"isControlledBone head 命中 true","status":"passed","title":"head 命中 true","duration":0.4489999999996144,"failureMessages":[],"meta":{}},{"ancestorTitles":["isControlledBone"],"fullName":"isControlledBone leftUpperArm 命中 true","status":"passed","title":"leftUpperArm 命中 true","duration":0.38479999999981374,"failureMessages":[],"meta":{}},{"ancestorTitles":["isControlledBone"],"fullName":"isControlledBone leftPinky 返回 false（白名单外）","status":"passed","title":"leftPinky 返回 false（白名单外）","duration":0.35750000000007276,"failureMessages":[],"meta":{}},{"ancestorTitles":["isControlledBone"],"fullName":"isControlledBone 新增骨骼 leftShoulder 命中 true","status":"passed","title":"新增骨骼 leftShoulder 命中 true","duration":0.3726999999998952,"failureMessages":[],"meta":{}},{"ancestorTitles":["isControlledBone"],"fullName":"isControlledBone 新增骨骼 leftFoot 命中 true","status":"passed","title":"新增骨骼 leftFoot 命中 true","duration":0.4191000000000713,"failureMessages":[],"meta":{}},{"ancestorTitles":["isControlledBone"],"fullName":"isControlledBone 新增骨骼 leftEye 命中 true","status":"passed","title":"新增骨骼 leftEye 命中 true","duration":0.3577000000004773,"failureMessages":[],"meta":{}},{"ancestorTitles":["isControlledBone"],"fullName":"isControlledBone 新增骨骼 leftThumb 命中 true","status":"passed","title":"新增骨骼 leftThumb 命中 true","duration":0.3121999999993932,"failureMessages":[],"meta":{}},{"ancestorTitles":["isControlledBone"],"fullName":"isControlledBone 新增骨骼 leftIndex 命中 true","status":"passed","title":"新增骨骼 leftIndex 命中 true","duration":0.27450000000044383,"failureMessages":[],"meta":{}},{"ancestorTitles":["isControlledBone"],"fullName":"isControlledBone 未开放手指 leftMiddle 返回 false（白名单外）","status":"passed","title":"未开放手指 leftMiddle 返回 false（白名单外）","duration":0.2992999999996755,"failureMessages":[],"meta":{}},{"ancestorTitles":["isControlledBone"],"fullName":"isControlledBone 未开放手指 rightPinky 返回 false（白名单外）","status":"passed","title":"未开放手指 rightPinky 返回 false（白名单外）","duration":0.28139999999984866,"failureMessages":[],"meta":{}},{"ancestorTitles":["isControlledBone"],"fullName":"isControlledBone 未开放脚趾 leftToes/rightToes 返回 false（白名单外）","status":"passed","title":"未开放脚趾 leftToes/rightToes 返回 false（白名单外）","duration":0.34389999999984866,"failureMessages":[],"meta":{}},{"ancestorTitles":["isControlledBone"],"fullName":"isControlledBone 大小写不敏感：HEAD 命中 true","status":"passed","title":"大小写不敏感：HEAD 命中 true","duration":0.431999999999789,"failureMessages":[],"meta":{}},{"ancestorTitles":["getBoneRange"],"fullName":"getBoneRange head 返回含 ±0.6 的 range","status":"passed","title":"head 返回含 ±0.6 的 range","duration":0.6202000000002954,"failureMessages":[],"meta":{}},{"ancestorTitles":["getBoneRange"],"fullName":"getBoneRange leftUpperArm 的 z 范围为 [-1.5,1.5]","status":"passed","title":"leftUpperArm 的 z 范围为 [-1.5,1.5]","duration":0.42189999999936845,"failureMessages":[],"meta":{}},{"ancestorTitles":["getBoneRange"],"fullName":"getBoneRange 不存在的骨骼返回 undefined","status":"passed","title":"不存在的骨骼返回 undefined","duration":0.3481000000001586,"failureMessages":[],"meta":{}},{"ancestorTitles":["getBoneRange"],"fullName":"getBoneRange 新增骨骼 leftShoulder 的 z 范围为 [-0.8,0.8]","status":"passed","title":"新增骨骼 leftShoulder 的 z 范围为 [-0.8,0.8]","duration":0.36519999999927677,"failureMessages":[],"meta":{}},{"ancestorTitles":["getBoneRange"],"fullName":"getBoneRange 新增骨骼 leftThumb 各轴均为 [-0.5,0.5]","status":"passed","title":"新增骨骼 leftThumb 各轴均为 [-0.5,0.5]","duration":0.600999999999658,"failureMessages":[],"meta":{}},{"ancestorTitles":["getBoneRange"],"fullName":"getBoneRange 新增骨骼 leftIndex 各轴均为 [-0.6,0.6]","status":"passed","title":"新增骨骼 leftIndex 各轴均为 [-0.6,0.6]","duration":0.7541000000001077,"failureMessages":[],"meta":{}},{"ancestorTitles":["getBoneRange"],"fullName":"getBoneRange 新增骨骼 leftEye 各轴均为 [-0.15,0.15]","status":"passed","title":"新增骨骼 leftEye 各轴均为 [-0.15,0.15]","duration":0.6422000000002299,"failureMessages":[],"meta":{}},{"ancestorTitles":["getBoneRange"],"fullName":"getBoneRange 未开放脚趾 leftToes 返回 undefined","status":"passed","title":"未开放脚趾 leftToes 返回 undefined","duration":0.2822999999998501,"failureMessages":[],"meta":{}},{"ancestorTitles":["getBoneRange"],"fullName":"getBoneRange 大小写不敏感：Neck 命中 ok","status":"passed","title":"大小写不敏感：Neck 命中 ok","duration":0.35210000000006403,"failureMessages":[],"meta":{}},{"ancestorTitles":["GN-004 O1：catalog 与 hidden_prompt.yaml 受控骨骼清单一致"],"fullName":"GN-004 O1：catalog 与 hidden_prompt.yaml 受控骨骼清单一致 catalog 全部骨骼 id 均应出现在 hidden_prompt.yaml 受控骨骼清单中","status":"passed","title":"
[...]
"矩形内命中（含边界）","duration":0.9101999999998043,"failureMessages":[],"meta":{}},{"ancestorTitles":["pointInRect"],"fullName":"pointInRect 矩形外不命中","status":"passed","title":"矩形外不命中","duration":0.48649999999997817,"failureMessages":[],"meta":{}},{"ancestorTitles":["pointInRect"],"fullName":"pointInRect 零尺寸矩形不命中","status":"passed","title":"零尺寸矩形不命中","duration":0.38229999999975917,"failureMessages":[],"meta":{}},{"ancestorTitles":["shouldIgnoreMouse"],"fullName":"shouldIgnoreMouse 命中头像椭圆 → 不穿透","status":"passed","title":"命中头像椭圆 → 不穿透","duration":0.5104999999998654,"failureMessages":[],"meta":{}},{"ancestorTitles":["shouldIgnoreMouse"],"fullName":"shouldIgnoreMouse 命中附加交互矩形 → 不穿透","status":"passed","title":"命中附加交互矩形 → 不穿透","duration":0.33550000000013824,"failureMessages":[],"meta":{}},{"ancestorTitles":["shouldIgnoreMouse"],"fullName":"shouldIgnoreMouse 椭圆与矩形之外 → 穿透","status":"passed","title":"椭圆与矩形之外 → 穿透","duration":0.3369999999999891,"failureMessages":[],"meta":{}},{"ancestorTitles":["shouldIgnoreMouse"],"fullName":"shouldIgnoreMouse 无画布时仅按附加矩形判定","status":"passed","title":"无画布时仅按附加矩形判定","duration":0.34859999999980573,"failureMessages":[],"meta":{}},{"ancestorTitles":["shouldIgnoreMouse"],"fullName":"shouldIgnoreMouse 多个附加矩形任一命中即不穿透","status":"passed","title":"多个附加矩形任一命中即不穿透","duration":0.32409999999981665,"failureMessages":[],"meta":{}}],"startTime":1787911303264,"endTime":1787911303273.3486,"status":"passed","message":"","name":"C:/CX-O/APP-Frontend/src/pages/pet/hitGeometry.test.ts"},{"assertionResults":[{"ancestorTitles":["pickLipSource"],"fullName":"pickLipSource 全部静默时为 none","status":"passed","title":"全部静默时为 none","duration":1.6347999999998137,"failureMessages":[],"meta":{}},{"ancestorTitles":["pickLipSource"],"fullName":"pickLipSource 对话 TTS 优先级最高","status":"passed","title":"对话 TTS 优先级最高","duration":0.36149999999997817,"failureMessages":[],"meta":{}},{"ancestorTitles":["pickLipSource"],"fullName":"pickLipSource 弹幕播报让位 TTS、压过麦克风","status":"passed","title":"弹幕播报让位 TTS、压过麦克风","duration":0.28650000000016007,"failureMessages":[],"meta":{}},{"ancestorTitles":["pickLipSource"],"fullName":"pickLipSource 仅麦克风说话时选 mic","status":"passed","title":"仅麦克风说话时选 mic","duration":0.20859999999993306,"failureMessages":[],"meta":{}},{"ancestorTitles":["vadStatusToSpeaking"],"fullName":"vadStatusToSpeaking speech_start 置真、speech_end 置假","status":"passed","title":"speech_start 置真、speech_end 置假","duration":0.3267000000000735,"failureMessages":[],"meta":{}},{"ancestorTitles":["vadStatusToSpeaking"],"fullName":"vadStatusToSpeaking 未知状态保持前值，避免口型卡死","status":"passed","title":"未知状态保持前值，避免口型卡死","duration":0.3429999999998472,"failureMessages":[],"meta":{}}],"startTime":1787911306411,"endTime":1787911306415.343,"status":"passed","message":"","name":"C:/CX-O/APP-Frontend/src/pages/pet/lipMixer.test.ts"},{"assertionResults":[{"ancestorTitles":["MeetingRoomView 互动空间"],"fullName":"MeetingRoomView 互动空间 建会面板：开启观众席后 start 提交 audience_enabled","status":"passed","title":"建会面板：开启观众席后 start 提交 audience_enabled","duration":374.3678,"failureMessages":[],"meta":{}},{"ancestorTitles":["MeetingRoomView 互动空间"],"fullName":"MeetingRoomView 互动空间 消息流三态渲染：用户/观众(名字)/Agent","status":"passed","title":"消息流三态渲染：用户/观众(名字)/Agent","duration":77.7594999999992,"failureMessages":[],"meta":{}},{"ancestorTitles":["MeetingRoomView 互动空间"],"fullName":"MeetingRoomView 互动空间 消息流为空显示空态提示","status":"passed","title":"消息流为空显示空态提示","duration":62.24369999999999,"failureMessages":[],"meta":{}},{"ancestorTitles":["MeetingRoomView 互动空间"],"fullName":"MeetingRoomView 互动空间 会议中观众席开关：调用 toggleAudience","status":"passed","title":"会议中观众席开关：调用 toggleAudience","duration":58.7534999999998,"failureMessages":[],"meta":{}},{"ancestorTitles":["MeetingRoomView 互动空间"],"fullName":"MeetingRoomView 互动空间 @agent 快捷点名：插入 @名 到输入框并 speak 携带 mention","status":"passed","title":"@agent 快捷点名：插入 @名 到输入框并 speak 携带 mention","duration":136.0709999999999,"failureMessages":[],"meta":{}}],"startTime":1787911300202,"endTime":1787911300912.071,"status":"passed","message":"","name":"C:/CX-O/APP-Frontend/src/pages/pet/MeetingRoomView.test.tsx"},{"assertionResults":[{"ancestorTitles":["dispatch 层：VersionGuard"],"fullName":"dispatch 层：VersionGuard 初始状态 lastVersion=-1，接受任何 ≥0 的 version","status":"passed","title":"初始状态 lastVersion=-1，接受任何 ≥0 的 version","duration":3.7586999999984982,"failureMessages":[],"meta":{}},{"ancestorTitles":["dispatch 层：VersionGuard"],"fullName":"dispatch 层：VersionGuard version=undefined 视为无 version 字段（如 get_draft 响应），不丢弃","status":"passed","title":"version=undefined 视为无 version 字段（如 get_draft 响应），不丢弃","duration":0.6582000000016706,"failureMessages":[],"meta":{}},{"ancestorTitles":["dispatch 层：VersionGuard"],"fullName":"dispatch 层：VersionGuard update 后只接受比 lastVersion 更新的 version","status":"passed","title":"update 后只接受比 lastVersion 更新的 version","duration":0.7495999999991909,"failureMessages":[],"meta":{}},{"ancestorTitles":["dispatch 层：VersionGuard"],"fullName":"dispatch 层：VersionGuard update 只增不减","status":"passed","title":"update 只增不减","duration":0.5460999999995693,"failureMessages":[],"meta":{}},{"ancestorTitles":["dispatch 层：VersionGuard"],"fullName":"dispatch 层：VersionGuard reset 重置基线","status":"passed","title":"reset 重置基线","duration":0.625,"failureMessages":[],"meta":{}},{"ancestorTitles":["dispatch 层：VersionGuard"],"fullName":"dispatch 层：VersionGuard reset() 无参默认 -1","status":"passed","title":"reset() 无参默认 -1","duration":0.4488000000001193,"failureMessages":[],"meta":{}},{"ancestorTitles":["dispatch 层：describeError"],"fullName":"dispatch 层：describeError 每个错误码枚举映射到中文文案","status":"passed","title":"每个错误码枚举映射到中文文案","duration":4.047500000000582,"failureMessages":[],"meta":{}},{"ancestorTitles":["dispatch 层：describeError"],"fullName":"dispatch 层：describeError 未知错误码走兜底（含 code 原文）","status":"passed","title":"未知错误码走兜底（含 code 原文）","duration":0.6424999999999272,"failureMessages":[],"meta":{}},{"ancestorTitles":["dispatch 层：describeError"],"fullName":"dispatch 层：describeError 附 details 时追加可读摘要","status":"passed","title":"附 details 时追加可读摘要","duration":0.7669000000005326,"failureMessages":[],"meta":{}},{"ancestorTitles":["dispatch 层：describeError"],"fullName":"dispatch 层：describeError details 为空对象时不追加括号","status":"passed","title":"details 为空对象时不追加括号","duration":0.6745000000009895,"failureMessages":[],"meta":{}},{"ancestorTitles":["dispatch 层：createDebouncedDispatch"],"fullName":"dispatch 层：createDebouncedDispatch 同 key 连续调用：仅最后一次真正下发，前面的 resolve(null)","status":"passed","title":"同 key 连续调用：仅最后一次真正下发，前面的 resolve(null)","duration":6.118000000000393,"failureMessages":[],"meta":{}},{"ancestorTitles":["dispatch 层：createDebouncedDispatch"],"fullName":"dispatch 层：createDebouncedDispatch 不同 track_id 的 key 互不干扰","status":"passed","title":"不同 track_id 的 key 互不干扰","duration":1.6431000000011409,"failureMessages":[],"meta":{}},{"ancestorTitles":["dispatch 层：createDebouncedDispatch"],"fullName":"dispatch 层：createDebouncedDispatch 防抖延迟从末次调用算起（清旧 timer 重计时）","status":"passed","title":"防抖延迟从末次调用算起（清旧 timer 重计时）","duration":1.7097999999987223,"failureMessages":[],"meta":{}},{"ancestorTitles":["dispatch 层：createDispatch"],"fullName":"dispatch 层：createDispatch draft_id 自动注入：args 未含 draft_id 时从 getDraftId() 补入","status":"passed","title":"draft_id 自动注入：args 未含 draft_id 时从 getDraftId() 补入","duration":1.528600000001461,"failureMessages":[],"meta":{}},{"ancestorTitles":["dispatch 层：createDispatch"],"fullName":"dispatch 层：createDispatch draft_id 不覆盖：args 已含 draft_id 时保留原值","status":"passed","title":"draft_id 不覆盖：args 已含 draft_id 时保留原值","duration":0.9063999999998487,"failureMessages":[],"meta":{}},{"ancestorTitles":["dispatch 层：createDispatch"],"fullName":"dispatch 层：createDispatch version 防乱序：过期响应丢弃（返回 null）","status":"passed","title":"version 防乱序：过期响应丢弃（返回 null）","duration":1.0145999999986088,"failureMessages":[],"meta":{}},{"ancestorTitles":["dispatch 层：createDispatch"],"fullName":"dispatch 层：createDispatch 网络错误：backend.execute 抛异常时返回 NETWORK_ERROR CommandResult","status":"passed","title":"网络错误：backend.execute 抛异常时返回 NETWORK_ERROR CommandResult","duration":1.3029999999998836,"failureMessages":[],"meta":{}},{"ancestorTitles":["dispatch 层：createDispatch"],"fullName":"dispatch 层：createDispatch setVersion / getVersion 基线管理","status":"passed","title":"setVersion / getVersion 基线管理","duration":0.9925999999995838,"failureMessages":[],"meta":{}},{"ancestorTitles":["dispatch 层：createRestBackend（REST 冒烟）"],"fullName":"dispatch 层：createRestBackend（REST 冒烟） createDraft → POST /api/music/drafts","status":"passed","title":"createDraft → POST /api/music/drafts","duration":5.898799999999028,"failureMessages":[],"meta":{}},{"ancestorTitles":["dispatch 层：createRestBackend（REST 冒烟）"],"fullName":"dispatch 层：createRestBackend（REST 冒烟） execute → POST /drafts/{id}/commands","status":"passed","title":"execute → POST /drafts/{id}/commands","duration":1.856999999999971,"failureMessages":[],"meta":{}},{"ancestorTitles":["dispatch 层：createRestBackend（REST 冒烟）"],"fullName":"dispatch 层：createRestBackend（REST 冒烟） execute 缺 draft_id 时 reject","status":"passed","title":"execute 缺 draft_id 时 reject","duration":4.723100000001068,"failureMessages":[],"meta":{}},{"ancestorTitles":["dispatch 层：createRestBackend（REST 冒烟）"],"fullName":"dispatch 层：createRestBackend（REST 冒烟） getDraft → GET /drafts/{id}","status":"passed","title":"getDraft → GET /drafts/{id}","duration":1.791800000000876,"failureMessages":[],"meta":{}},{"ancestorTitles":["dispatch 层：createRestBackend（REST 冒烟）"],"fullName":"dispatch 层：createRestBackend（REST 冒烟） deleteDraft → DELETE /drafts/{id}","status":"passed","title":"deleteDraft → DELETE /drafts/{id}","duration":1.8427999999985332,"failureMessages":[],"meta":{}},{"ancestorTitles":["dispatch 层：createRestBackend（REST 冒烟）"],"fullName":"dispatch 层：createRestBackend（REST 冒烟） listDrafts → GET /drafts","status":"passed","title":"listDrafts → GET /drafts","duration":2.2901999999994587,"failureMessages":[],"meta":{}},{"ancestorTitles":["CompositionPanel：初始化"],"fullName":"CompositionPanel：初始化 无 initialDraftId 时创建空白草稿（C4 全音符占位）","status":"passed","title":"无 initialDraftId 时创建空白草稿（C4 全音符占位）","duration":269.1764000000003,"failureMessages":[],"meta":{}},{"ancestorTitles":["CompositionPanel：初始化"],"fullName":"CompositionPanel：初始化 有 initialDraftId 时载入既有草稿","status":"passed","title":"有 initialDraftId 时载入既有草稿","duration":144.39000000000124,"failureMessages":[],"meta":{}},{"ancestorTitles":["CompositionPanel：初始化"],"fullName":"CompositionPanel：初始化 初始化期间显示 loading 态","status":"passed","title":"初始化期间显示 loading 态","duration":117.54370000000017,"failureMessages":[],"meta":{}},{"ancestorTitles":["CompositionPanel：初始化"],"fullName":"CompositionPanel：初始化 初始化失败时显示错误提示","status":"passed","title":"初始化失败时显示错误提示","duration":17.952899999998408,"failureMessages":[],"meta":{}},{"ancestorTitles":["CompositionPanel：交互1 — 添加音符（add_note）"],"fullName":"CompositionPanel：交互1 — 添加音符（add_note） melody 轨添加音符（首个 add_note 替换占位符）","status":"passed","title":"melody 轨添加音符（首个 add_note 替换占位符）","duration":136.41220000000067,"failureMessages":[],"meta":{}},{"ancestorTitles":["CompositionPanel：交互1 — 添加音符（add_note）"],"fullName":"CompositionPanel：交互1 — 添加音符（add_note） melody 轨追加音符（非首次）","status":"passed","title":"melody 轨追加音符（非首次）","duration":139.79029999999875,"failureMessages":[],"meta":{}},{"ancestorTitles":["CompositionPanel：交互1 — 添加音符（add_note）"],"fullName":"CompositionPanel：交互1 — 添加音符（add_note） 伴奏轨添加音符（带 offset）","status":"passed","title":"伴奏轨添加音符（带 offset）","duration":241.29219999999987,"failureMessages":[],"meta":{}},{"ancestorTitles":["CompositionPanel：交互2 — 选中修改（update_note）"],"fullName":"CompositionPanel：交互2 — 选中修改（update_note） 点击旋律音符选中 → 属性面板出现并回显当前值","status":"passed","title":"点击旋律音符选中 → 属性面板出现并回显当前值","duration":74.67749999999978,"failureMessages":[],"meta":{}},{"ancestorTitles":["CompositionPanel：交互2 — 选中修改（update_note）"],"fullName":"CompositionPanel：交互2 — 选中修改（update_note） 修改旋律音符属性 → dispatch update_note","status":"passed","title":"修改旋律音符属性 → dispatch update_note","duration":103.6346999999987,"failureMessages":[],"meta":{}},{"ancestorTitles":["CompositionPanel：交互2 — 选中修改（update_note）"],"fullName":"CompositionPanel：交互2 — 选中修改（update_note） 修改伴奏音符属性（offset + velocity）","status":"passed","title":"修改伴奏音符属性（offset + velocity）","duration":290.3832999999995,"failureMessages":[],"meta":{}},{"ancestorTitles":["CompositionPanel：交互2 — 选中修改（update_note）"],"fullName":"CompositionPanel：交互2 — 选中修改（update_note） 选中态高亮（selectedNote 传给 StaffScore）","status":"passed","title":"选中态高亮（selectedNote 传给 StaffScore）","duration":87.6856000000007,"failureMessages":[],"meta":{}},{"ancestorTitles":["CompositionPanel：交互3 — 移动音符（move_note）"],"fullName":"CompositionPanel：交互3 — 移动音符（move_note） melody 轨 move_note（重排）","status":"passed","title":"melody 轨 move_note（重排）","duration":97.54169999999976,"failureMessages":[],"meta":{}},{"ancestorTitles":["CompositionPanel：交互3 — 移动音符（move_note）"],"fullName":"CompositionPanel：交互3 — 移动音符（move_note） 伴奏轨 move_note（设置 offset）","status":"passed","title":"伴奏轨 move_note（设置 offset）","duration":252.9927000000007,"failureMessages":[],"meta":{}},{"ancestorTitles":["CompositionPanel：交互4 — 歌词行内编辑（set_lyric）"],"fullName":"CompositionPanel：交互4 — 歌词行内编辑（set_lyric） blur 提交 set_lyric","status":"passed","title":"blur 提交 set_lyric","duration":85.70110000000022,"failureMessages":[],"meta":{}},{"ancestorTitles":["CompositionPanel：交互4 — 歌词行内编辑（set_lyric）"],"fullName":"CompositionPanel：交互4 — 歌词行内编辑（set_lyric） Enter 键触发 blur 提交","status":"passed","title":"Enter 键触发 blur 提交","duration":77.16060000000107,"failureMessages":[],"meta":{}},{"ancestorTitles":["CompositionPanel：删除音符（delete_note）"],"fullName":"CompositionPanel：删除音符（delete_note） 删除旋律音符 → 选中清除","status":"passed","title":"删除旋律音符 → 选中清除","duration":160.4310999999998,"failureMessages":[],"meta":{}},{"ancestorTitles":["CompositionPanel：轨道管理（TrackManager）"],"fullName":"CompositionPanel：轨道管理（TrackManager） 添加伴奏轨 → dispatch add_track","status":"passed","title":"添加伴奏轨 → dispatch add_track","duration":130.1877000000004,"failureMessages":[],"meta":{}},{"ancestorTitles":["CompositionPanel：轨道管理（TrackManager）"],"fullName":"CompositionPanel：轨道管理（TrackManager） 删除伴奏轨 → dispatch remove_track","status":"passed","title":"删除伴奏轨 → dispatch remove_track","duration":145.24789999999848,"failureMessages":[],"meta":{}},{"ancestorTitles":["CompositionPanel：轨道管理（TrackManager）"],"fullName":"CompositionPanel：轨道管理（TrackManager） 切换音色 → dispatch set_track_instrument","status":"passed","title":"切换音色 → dispatch set_track_instrument","duration":160.95590000000084,"failureMessages":[],"meta":{}},{"ancestorTitles":["CompositionPanel：轨道管理（TrackManager）"],"fullName":"CompositionPanel：轨道管理（TrackManager） 切换模式 → dispatch set_track_mode","status":"passed","title":"切换模式 → dispatch set_track_mode","duration":145.84679999999935,"failureMessages":[],"meta":{}},{"ancestorTitles":["CompositionPanel：轨道管理（TrackManager）"],"fullName":"CompositionPanel：轨道管理（TrackManager） auto 轨编排 → dispatch arrange_track","status":"passed","title":"auto 轨编排 → dispatch arrange_track","duration":111.66620000000148,"failureMessages":[],"meta":{}},{"ancestorTitles":["CompositionPanel：轨道管理（TrackManager）"],"fullName":"CompositionPanel：轨道管理（TrackManager） 音量滑块调整 → 防抖后 dispatch set_track_mix","status":"passed","title":"音量滑块调整 → 防抖后 dispatch set_track_mix","duration":420.0673999999999,"failureMessages":[],"meta":{}},{"ancestorTitles":["CompositionPanel：轨道管理（TrackManager）"],"fullName":"CompositionPanel：轨道管理（TrackManager） 声像滑块调整 → 防抖后 dispatch set_track_mix","status":"passed","title":"声像滑块调整 → 防抖后 dispatch set_track_mix","duration":436.60529999999926,"failureMessages":[],"meta":{}},{"ancestorTitles":["CompositionPanel：轨道管理（TrackManager）"],"fullName":"CompositionPanel：轨道管理（TrackManager） 主旋律轨只读展示（无删除/编辑控件）","status":"passed","title":"主旋律轨只读展示（无删除/编辑控件）","duration":115.75290000000132,"failureMessages":[],"meta":{}},{"ancestorTitles":["CompositionPanel：草稿管理"],"fullName":"CompositionPanel：草稿管理 新建草稿按钮 → 创建空白草稿","status":"passed","title":"新建草稿按钮 → 创建空白草稿","duration":113.66990000000078,"failureMessages":[],"meta":{}},{"ancestorTitles":["CompositionPanel：草稿管理"],"fullName":"CompositionPanel：草稿管理 草稿列表显示并可载入","status":"passed","title":"草稿列表显示并可载入","duration":92.21130000000085,"failureMessages":[],"meta":{}},{"ancestorTitles":["CompositionPanel：草稿管理"],"fullName":"CompositionPanel：草稿管理 草稿列表为空时显示占位文本","status":"passed","title":"草稿列表为空时显示占位文本","duration":38.96190000000024,"failureMessages":[],"meta":{}},{"ancestorTitles":["CompositionPanel：提交合成（submit_draft）"],"fullName":"CompositionPanel：提交合成（submit_draft） 提交合成 → submit_draft → 显示任务信息","status":"passed","title":"提交合成 → submit_draft → 显示任务信息","duration":136.6823000000004,"failureMessages":[],"meta":{}},{"ancestorTitles":["CompositionPanel：提交合成（submit_draft）"],"fullName":"CompositionPanel：提交合成（submit_draft） 提交合成失败 → 显示错误","status":"passed","title":"提交合成失败 → 显示错误","duration":83.44729999999981,"failureMessages":[],"meta":{}},{"ancestorTitles":["CompositionPanel：提交合成（submit_draft）"],"fullName":"CompositionPanel：提交合成（submit_draft） 未初始化时提交按钮禁用","status":"passed","title":"未初始化时提交按钮禁用","duration":8.115799999999581,"failureMessages":[],"meta":{}},{"ancestorTitles":["CompositionPanel：歌曲历史"],"fullName":"CompositionPanel：歌曲历史 歌曲列表渲染","status":"passed","title":"歌曲列表渲染","duration":44.73960000000079,"failureMessages":[],"meta":{}},{"ancestorTitles":["CompositionPanel：歌曲历史"],"fullName":"CompositionPanel：歌曲历史 删除歌曲 → 调用 musicDeleteSong","status":"passed","title":"删除歌曲 → 调用 musicDeleteSong","duration":57.303899999998976,"failureMessages":[],"meta":{}},{"ancestorTitles":["CompositionPanel：歌曲历史"],"fullName":"CompositionPanel：歌曲历史 空歌曲列表显示占位文本","status":"passed","title":"空歌曲列表显示占位文本","duration":36.77759999999944,"failureMessages":[],"meta":{}},{"ancestorTitles":["CompositionPanel：错误处理"],"fullName":"CompositionPanel：错误处理 命令失败时显示可读错误文案","status":"passed","title":"命令失败时显示可读错误文案","duration":60.91859999999906,"failureMessages":[],"meta":{}},{"ancestorTitles":["CompositionPanel：错误处理"],"fullName":"CompositionPanel：错误处理 成功操作后清除错误提示","status":"passed","title":"成功操作后清除错误提示","duration":76.35539999999855,"failureMessages":[],"meta":{}},{"ancestorTitles":["CompositionPanel：version 防乱序（组件级）"],"fullName":"CompositionPanel：version 防乱序（组件级） version 不递增的响应被丢弃，score 不更新","status":"passed","title":"version 不递增的响应被丢弃，score 不更新","duration":147.27080000000024,"failureMessages":[],"meta":{}}],"startTime":1787911301435,"endTime":1787911306346.2708,"status":"passed","message":"","name":"C:/CX-O/APP-Frontend/src/pages/management/audioWorkstation/CompositionPanel.test.tsx"},{"assertionResults":[{"ancestorTitles":["StaffScore — 模块6 五线谱渲染层冒烟"],"fullName":"StaffScore — 模块6 五线谱渲染层冒烟 场景1：渲染空歌谱（仅 melody 占位）不报错","status":"passed","title":"场景1：渲染空歌谱（仅 melody 占位）不报错","duration":106.41829999999936,"failureMessages":[],"meta":{}},{"ancestorTitles":["StaffScore — 模块6 五线谱渲染层冒烟"],"fullName":"StaffScore — 模块6 五线谱渲染层冒烟 场景2：渲染 1 旋律 + 1 伴奏轨，SVG 输出含正确数量的音符","status":"passed","title":"场景2：渲染 1 旋律 + 1 伴奏轨，SVG 输出含正确数量的音符","duration":86.03310000000056,"failureMessages":[],"meta":{}},{"ancestorTitles":["StaffScore — 模块6 五线谱渲染层冒烟"],"fullName":"StaffScore — 模块6 五线谱渲染层冒烟 场景3：打击乐轨用 percussion clef","status":"passed","title":"场景3：打击乐轨用 percussion clef","duration":53.95769999999993,"failureMessages":[],"meta":{}},{"ancestorTitles":["StaffScore — 模块6 五线谱渲染层冒烟"],"fullName":"StaffScore — 模块6 五线谱渲染层冒烟 场景4：选中态高亮（selectedNote 命中的音符红色 setStyle）","status":"passed","title":"场景4：选中态高亮（selectedNote 命中的音符红色 setStyle）","duration":21.393200000000434,"failureMessages":[],"meta":{}},{"ancestorTitles":["StaffScore — 模块6 五线谱渲染层冒烟"],"fullName":"StaffScore — 模块6 五线谱渲染层冒烟 场景5：props 变化重渲（score 变化 → SVG 音符数量变化）","status":"passed","title":"场景5：props 变化重渲（score 变化 → SVG 音符数量变化）","duration":57.22929999999997,"failureMessages":[],"meta":{}}],"startTime":1787911300056,"endTime":1787911300381.2292,"status":"passed","message":"","name":"C:/CX-O/APP-Frontend/src/pages/management/audioWorkstation/staff/__tests__/StaffScore.test.tsx"}]}