============================= test session starts =============================
platform win32 -- Python 3.14.4, pytest-9.0.3, pluggy-1.6.0 -- C:\Python314\python.exe
cachedir: .pytest_cache
rootdir: C:\CX-O\CX-O-SERVER
configfile: pyproject.toml
plugins: anyio-4.13.0, asyncio-1.4.0, cov-7.1.0
asyncio: mode=Mode.AUTO, debug=False, asyncio_default_fixture_loop_scope=None, asyncio_default_test_loop_scope=function
collecting ... collected 4936 items

tests/test_acp_discover.py::test_init_defaults PASSED                    [  0%]
tests/test_acp_discover.py::test_init_custom_params PASSED               [  0%]
tests/test_acp_discover.py::test_get_status_not_running PASSED           [  0%]
tests/test_acp_discover.py::test_get_status_running PASSED               [  0%]
tests/test_acp_discover.py::test_get_local_ip_success PASSED             [  0%]
tests/test_acp_discover.py::test_get_local_ip_fallback_on_error PASSED   [  0%]
tests/test_acp_discover.py::test_start_idempotent_when_running PASSED    [  0%]
tests/test_acp_discover.py::test_start_creates_sockets_and_task PASSED   [  0%]
tests/test_acp_discover.py::test_start_on_socket_error_stops_and_raises PASSED [  0%]
tests/test_acp_discover.py::test_stop_when_not_running_is_noop PASSED    [  0%]
tests/test_acp_discover.py::test_stop_closes_sockets_and_cancels_task PASSED [  0%]
tests/test_acp_discover.py::test_broadcast_presence_without_socket_is_noop PASSED [  0%]
tests/test_acp_discover.py::test_broadcast_presence_sends_beacon PASSED  [  0%]
tests/test_acp_discover.py::test_broadcast_presence_swallows_exception PASSED [  0%]
tests/test_acp_discover.py::test_scan_network_without_socket_is_noop PASSED [  0%]
tests/test_acp_discover.py::test_scan_network_registers_remote_agent PASSED [  0%]
tests/test_acp_discover.py::test_scan_network_ignores_local_beacon PASSED [  0%]
tests/test_acp_discover.py::test_scan_network_ignores_non_beacon PASSED  [  0%]
tests/test_acp_discover.py::test_discovery_loop_runs_until_stopped PASSED [  0%]
tests/test_acp_discover.py::test_discover_once_returns_agents PASSED     [  0%]
tests/test_acp_discover.py::test_discover_once_ignores_local_agent PASSED [  0%]
tests/test_acp_group.py::test_create_group_returns_group PASSED          [  0%]
tests/test_acp_group.py::test_create_group_default_metadata PASSED       [  0%]
tests/test_acp_group.py::test_get_group_delegates PASSED                 [  0%]
tests/test_acp_group.py::test_list_groups_delegates PASSED               [  0%]
tests/test_acp_group.py::test_update_group_delegates PASSED              [  0%]
tests/test_acp_group.py::test_delete_group_delegates PASSED              [  0%]
tests/test_acp_group.py::test_join_group_not_found PASSED                [  0%]
tests/test_acp_group.py::test_join_group_inactive PASSED                 [  0%]
tests/test_acp_group.py::test_join_group_full PASSED                     [  0%]
tests/test_acp_group.py::test_join_group_already_member PASSED           [  0%]
tests/test_acp_group.py::test_join_group_success PASSED                  [  0%]
tests/test_acp_group.py::test_leave_group_not_found PASSED               [  0%]
tests/test_acp_group.py::test_leave_group_creator_cannot_leave PASSED    [  0%]
tests/test_acp_group.py::test_leave_group_success PASSED                 [  0%]
tests/test_acp_group.py::test_invite_member_group_not_found PASSED       [  0%]
tests/test_acp_group.py::test_invite_member_inviter_not_in_group PASSED  [  0%]
tests/test_acp_group.py::test_invite_member_inviter_guest_role PASSED    [  0%]
tests/test_acp_group.py::test_invite_member_success PASSED               [  0%]
tests/test_acp_group.py::test_kick_member_group_not_found PASSED         [  0%]
tests/test_acp_group.py::test_kick_member_not_admin PASSED               [  0%]
tests/test_acp_group.py::test_kick_member_target_is_creator PASSED       [  0%]
tests/test_acp_group.py::test_kick_member_success PASSED                 [  0%]
tests/test_acp_group.py::test_broadcast_to_group_not_found_raises PASSED [  0%]
tests/test_acp_group.py::test_broadcast_to_group_inactive_raises PASSED  [  0%]
tests/test_acp_group.py::test_broadcast_to_group_success PASSED          [  0%]
tests/test_acp_group.py::test_broadcast_custom_msg_type PASSED           [  0%]
tests/test_acp_group.py::test_get_group_messages_delegates PASSED        [  0%]
tests/test_acp_group.py::test_get_member_groups_empty PASSED             [  0%]
tests/test_acp_group.py::test_get_member_groups_filters PASSED           [  1%]
tests/test_acp_group.py::test_get_status PASSED                          [  1%]
tests/test_acp_group.py::test_broadcast_group_event_sends_control_message PASSED [  1%]
tests/test_acp_manager.py::test_acp_agent_info_to_dict PASSED            [  1%]
tests/test_acp_manager.py::test_acp_connection_info_to_dict PASSED       [  1%]
tests/test_acp_manager.py::test_acp_group_member_to_dict PASSED          [  1%]
tests/test_acp_manager.py::test_acp_group_info_to_dict PASSED            [  1%]
tests/test_acp_manager.py::test_acp_message_info_to_dict PASSED          [  1%]
tests/test_acp_manager.py::test_initialize_sets_local_agent PASSED       [  1%]
tests/test_acp_manager.py::test_register_agent_returns_with_last_seen PASSED [  1%]
tests/test_acp_manager.py::test_get_agent_returns_registered PASSED      [  1%]
tests/test_acp_manager.py::test_get_agent_unknown_returns_none PASSED    [  1%]
tests/test_acp_manager.py::test_list_agents_all PASSED                   [  1%]
tests/test_acp_manager.py::test_list_agents_online_only PASSED           [  1%]
tests/test_acp_manager.py::test_remove_agent PASSED                      [  1%]
tests/test_acp_manager.py::test_remove_agent_unknown_returns_false PASSED [  1%]
tests/test_acp_manager.py::test_update_agent_status PASSED               [  1%]
tests/test_acp_manager.py::test_update_agent_status_unknown PASSED       [  1%]
tests/test_acp_manager.py::test_update_agent_name_and_capabilities PASSED [  1%]
tests/test_acp_manager.py::test_update_agent_inactive_status PASSED      [  1%]
tests/test_acp_manager.py::test_update_agent_unknown_returns_false PASSED [  1%]
tests/test_acp_manager.py::test_create_and_get_connection PASSED         [  1%]
tests/test_acp_manager.py::test_get_connection_unknown PASSED            [  1%]
tests/test_acp_manager.py::test_list_connections_local_only PASSED       [  1%]
tests/test_acp_manager.py::test_list_connections_all PASSED              [  1%]
tests/test_acp_manager.py::test_update_connection PASSED                 [  1%]
tests/test_acp_manager.py::test_update_connection_unknown PASSED         [  1%]
tests/test_acp_manager.py::test_delete_connection PASSED                 [  1%]
tests/test_acp_manager.py::test_delete_connection_unknown PASSED         [  1%]
tests/test_acp_manager.py::test_create_and_get_group PASSED              [  1%]
tests/test_acp_manager.py::test_get_group_unknown PASSED                 [  1%]
tests/test_acp_manager.py::test_list_groups PASSED                       [  1%]
tests/test_acp_manager.py::test_update_group PASSED                      [  1%]
tests/test_acp_manager.py::test_update_group_unknown PASSED              [  1%]
tests/test_acp_manager.py::test_delete_group PASSED                      [  1%]
tests/test_acp_manager.py::test_delete_group_unknown PASSED              [  1%]
tests/test_acp_manager.py::test_add_group_member PASSED                  [  1%]
tests/test_acp_manager.py::test_add_group_member_unknown_group PASSED    [  1%]
tests/test_acp_manager.py::test_remove_group_member PASSED               [  1%]
tests/test_acp_manager.py::test_remove_group_member_unknown_group PASSED [  1%]
tests/test_acp_manager.py::test_send_group_message PASSED                [  1%]
tests/test_acp_manager.py::test_send_direct_message PASSED               [  1%]
tests/test_acp_manager.py::test_get_messages_limit PASSED                [  1%]
tests/test_acp_manager.py::test_get_messages_unread_only PASSED          [  1%]
tests/test_acp_manager.py::test_mark_messages_read PASSED                [  1%]
tests/test_acp_manager.py::test_get_messages_empty PASSED                [  1%]
tests/test_acp_manager.py::test_get_statistics PASSED                    [  1%]
tests/test_acp_manager.py::test_save_and_reload_data PASSED              [  1%]
tests/test_acp_manager.py::test_load_data_tolerates_corrupt_file PASSED  [  1%]
tests/test_acp_manager.py::test_start_without_discovery PASSED           [  2%]
tests/test_acp_manager.py::test_start_with_discovery PASSED              [  2%]
tests/test_acp_manager.py::test_concurrent_register_agents PASSED        [  2%]
tests/test_adaptive_polling.py::test_init_defaults PASSED                [  2%]
tests/test_adaptive_polling.py::test_init_custom_values PASSED           [  2%]
tests/test_adaptive_polling.py::test_record_packet_first_returns_zero PASSED [  2%]
tests/test_adaptive_polling.py::test_record_packet_subsequent_returns_interval_ms PASSED [  2%]
tests/test_adaptive_polling.py::test_record_packet_appends_latency_to_window PASSED [  2%]
tests/test_adaptive_polling.py::test_update_interval_avg_below_100_base_50 PASSED [  2%]
tests/test_adaptive_polling.py::test_update_interval_avg_between_100_and_500 PASSED [  2%]
tests/test_adaptive_polling.py::test_update_interval_avg_above_500 PASSED [  2%]
tests/test_adaptive_polling.py::test_update_interval_clamped_to_min PASSED [  2%]
tests/test_adaptive_polling.py::test_update_interval_clamped_to_max PASSED [  2%]
tests/test_adaptive_polling.py::test_update_interval_avg_zero_returns_early PASSED [  2%]
tests/test_adaptive_polling.py::test_get_average_latency_empty PASSED    [  2%]
tests/test_adaptive_polling.py::test_get_average_latency_with_values PASSED [  2%]
tests/test_adaptive_polling.py::test_get_average_latency_window_eviction PASSED [  2%]
tests/test_adaptive_polling.py::test_get_poll_interval PASSED            [  2%]
tests/test_adaptive_polling.py::test_set_offset_clamping[-1000--500] PASSED [  2%]
tests/test_adaptive_polling.py::test_set_offset_clamping[-500--500] PASSED [  2%]
tests/test_adaptive_polling.py::test_set_offset_clamping[0-0] PASSED     [  2%]
tests/test_adaptive_polling.py::test_set_offset_clamping[300-300] PASSED [  2%]
tests/test_adaptive_polling.py::test_set_offset_clamping[600-500] PASSED [  2%]
tests/test_adaptive_polling.py::test_set_window_size_clamping_lower PASSED [  2%]
tests/test_adaptive_polling.py::test_set_window_size_clamping_upper PASSED [  2%]
tests/test_adaptive_polling.py::test_set_window_size_preserves_recent_latencies PASSED [  2%]
tests/test_adaptive_polling.py::test_reset PASSED                        [  2%]
tests/test_adaptive_polling.py::test_get_stats_structure PASSED          [  2%]
tests/test_adaptive_polling.py::test_get_stats_empty_latencies PASSED    [  2%]
tests/test_adaptive_polling.py::test_get_adaptive_polling_manager_singleton PASSED [  2%]
tests/test_adaptive_polling.py::test_init_adaptive_polling_manager_replaces_instance PASSED [  2%]
tests/test_agent_context_manager.py::test_save_and_load_context PASSED   [  2%]
tests/test_agent_context_manager.py::test_append_message PASSED          [  2%]
tests/test_agent_context_manager.py::test_get_message_history PASSED     [  2%]
tests/test_agent_context_manager.py::test_clear_context PASSED           [  2%]
tests/test_agent_context_manager.py::test_get_context_summary PASSED     [  2%]
tests/test_agent_context_manager.py::test_update_last_active PASSED      [  2%]
tests/test_agent_context_manager.py::test_cleanup_old_messages PASSED    [  2%]
tests/test_agent_context_manager.py::test_persistence_across_instances PASSED [  2%]
tests/test_agent_context_manager.py::test_cache_miss_loads_from_file PASSED [  2%]
tests/test_agent_context_manager.py::test_load_context_limit PASSED      [  2%]
tests/test_agent_context_manager.py::test_get_agent_context_manager_singleton PASSED [  2%]
tests/test_agent_context_manager.py::TestAgentContextManagerExtended::test_save_empty_messages_list PASSED [  2%]
tests/test_agent_context_manager.py::TestAgentContextManagerExtended::test_load_nonexistent_agent_returns_empty PASSED [  2%]
tests/test_agent_context_manager.py::TestAgentContextManagerExtended::test_get_message_history_nonexistent_returns_empty PASSED [  2%]
tests/test_agent_context_manager.py::TestAgentContextManagerExtended::test_get_context_summary_nonexistent_agent PASSED [  2%]
tests/test_agent_context_manager.py::TestAgentContextManagerExtended::test_clear_nonexistent_agent_no_error PASSED [  2%]
tests/test_agent_context_manager.py::TestAgentContextManagerExtended::test_update_last_active_nonexistent_creates_context PASSED [  2%]
tests/test_agent_context_manager.py::TestAgentContextManagerExtended::test_append_message_with_unicode_and_emoji PASSED [  2%]
tests/test_agent_context_manager.py::TestAgentContextManagerExtended::test_append_message_with_very_long_content PASSED [  2%]
tests/test_agent_context_manager.py::TestAgentContextManagerExtended::test_append_message_empty_content PASSED [  3%]
tests/test_agent_context_manager.py::TestAgentContextManagerExtended::test_append_message_none_metadata PASSED [  3%]
tests/test_agent_context_manager.py::TestAgentContextManagerExtended::test_agent_id_with_filename_safe_special_chars PASSED [  3%]
tests/test_agent_context_manager.py::TestAgentContextManagerExtended::test_save_context_overwrite_preserves_created_at PASSED [  3%]
tests/test_agent_context_manager.py::TestAgentContextManagerExtended::test_save_context_overwrite_replaces_messages PASSED [  3%]
tests/test_agent_context_manager.py::TestAgentContextManagerExtended::test_append_message_accumulates PASSED [  3%]
tests/test_agent_context_manager.py::TestAgentContextManagerExtended::test_cleanup_no_op_when_under_keep_count PASSED [  3%]
tests/test_agent_context_manager.py::TestAgentContextManagerExtended::test_cleanup_keep_count_zero_edge_case PASSED [  3%]
tests/test_agent_context_manager.py::TestAgentContextManagerExtended::test_load_context_limit_zero_edge_case PASSED [  3%]
tests/test_agent_context_manager.py::TestAgentContextManagerExtended::test_save_and_load_memory_state PASSED [  3%]
tests/test_agent_context_manager.py::TestAgentContextManagerExtended::test_load_context_strips_metadata PASSED [  3%]
tests/test_agent_context_manager.py::TestAgentContextManagerExtended::test_get_message_history_returns_full_structure PASSED [  3%]
tests/test_agent_context_manager.py::TestAgentContextManagerExtended::test_agent_context_data_defaults PASSED [  3%]
tests/test_agent_context_manager.py::TestAgentContextManagerExtended::test_load_from_corrupted_file_returns_none PASSED [  3%]
tests/test_agent_context_manager.py::TestAgentContextManagerExtended::test_multi_agent_isolation PASSED [  3%]
tests/test_agent_context_manager.py::TestAgentContextManagerExtended::test_multi_agent_summaries_independent PASSED [  3%]
tests/test_agent_context_manager.py::TestAgentContextManagerExtended::test_thread_safe_concurrent_append PASSED [  3%]
tests/test_agent_context_manager.py::TestAgentContextManagerExtended::test_load_fixture_compatible_structure PASSED [  3%]
tests/test_agent_context_manager.py::TestGetAgentContextManagerSingletonExtended::test_singleton_reset_creates_new_instance PASSED [  3%]
tests/test_agent_interrupt_user.py::test_init_defaults PASSED            [  3%]
tests/test_agent_interrupt_user.py::test_get_instance_singleton PASSED   [  3%]
tests/test_agent_interrupt_user.py::test_get_agent_interrupt_module_returns_singleton PASSED [  3%]
tests/test_agent_interrupt_user.py::test_set_config PASSED               [  3%]
tests/test_agent_interrupt_user.py::test_set_config_defaults_when_missing PASSED [  3%]
tests/test_agent_interrupt_user.py::test_set_asr_client PASSED           [  3%]
tests/test_agent_interrupt_user.py::test_set_session_id PASSED           [  3%]
tests/test_agent_interrupt_user.py::test_set_context_manager PASSED      [  3%]
tests/test_agent_interrupt_user.py::test_set_callbacks PASSED            [  3%]
tests/test_agent_interrupt_user.py::test_on_user_speech_start PASSED     [  3%]
tests/test_agent_interrupt_user.py::test_on_user_speech_end PASSED       [  3%]
tests/test_agent_interrupt_user.py::test_on_user_speech_end_no_state_change_when_not_speaking PASSED [  3%]
tests/test_agent_interrupt_user.py::test_on_asr_partial_result_disabled_returns_false PASSED [  3%]
tests/test_agent_interrupt_user.py::test_on_asr_partial_result_speech_duration_below_min PASSED [  3%]
tests/test_agent_interrupt_user.py::test_on_asr_partial_result_cooldown_blocks PASSED [  3%]
tests/test_agent_interrupt_user.py::test_on_asr_partial_result_can_interrupt_true PASSED [  3%]
tests/test_agent_interrupt_user.py::test_on_asr_partial_result_final_returns_reply PASSED [  3%]
tests/test_agent_interrupt_user.py::test_on_asr_partial_result_partial_returns_false PASSED [  3%]
tests/test_agent_interrupt_user.py::test_on_asr_partial_result_appends_text_segments PASSED [  3%]
tests/test_agent_interrupt_user.py::test_check_can_interrupt_llm_unavailable PASSED [  3%]
tests/test_agent_interrupt_user.py::test_check_can_interrupt_response_error PASSED [  3%]
tests/test_agent_interrupt_user.py::test_check_can_interrupt_response_none PASSED [  3%]
tests/test_agent_interrupt_user.py::test_check_can_interrupt_normal_path PASSED [  3%]
tests/test_agent_interrupt_user.py::test_check_can_interrupt_exception_returns_false PASSED [  3%]
tests/test_agent_interrupt_user.py::test_build_interrupt_prompt_partial PASSED [  3%]
tests/test_agent_interrupt_user.py::test_build_interrupt_prompt_final PASSED [  3%]
tests/test_agent_interrupt_user.py::test_parse_interrupt_response_valid_json PASSED [  3%]
tests/test_agent_interrupt_user.py::test_parse_interrupt_response_final_forces_can_interrupt PASSED [  3%]
tests/test_agent_interrupt_user.py::test_parse_interrupt_response_json_decode_fallback_with_question PASSED [  3%]
tests/test_agent_interrupt_user.py::test_parse_interrupt_response_json_decode_fallback_no_question PASSED [  3%]
tests/test_agent_interrupt_user.py::test_interrupt_user_sync_callback PASSED [  4%]
tests/test_agent_interrupt_user.py::test_interrupt_user_async_callback PASSED [  4%]
tests/test_agent_interrupt_user.py::test_interrupt_user_start_tts_async PASSED [  4%]
tests/test_agent_interrupt_user.py::test_interrupt_user_callback_exception_swallowed PASSED [  4%]
tests/test_agent_interrupt_user.py::test_interrupt_user_no_callbacks_returns_true PASSED [  4%]
tests/test_agent_interrupt_user.py::test_is_user_speaking_property PASSED [  4%]
tests/test_agent_interrupt_user.py::test_user_current_text_property PASSED [  4%]
tests/test_alarm_manager.py::test_alarm_to_dict_without_triggered_at PASSED [  4%]
tests/test_alarm_manager.py::test_alarm_to_dict_with_triggered_at PASSED [  4%]
tests/test_alarm_manager.py::test_create_alarm_rejects_empty_agent_id PASSED [  4%]
tests/test_alarm_manager.py::test_create_alarm_rejects_whitespace_agent_id PASSED [  4%]
tests/test_alarm_manager.py::test_create_alarm_rejects_non_string_agent_id PASSED [  4%]
tests/test_alarm_manager.py::test_create_alarm_rejects_zero_seconds PASSED [  4%]
tests/test_alarm_manager.py::test_create_alarm_rejects_negative_seconds PASSED [  4%]
tests/test_alarm_manager.py::test_create_alarm_rejects_exceeding_max_delay PASSED [  4%]
tests/test_alarm_manager.py::test_create_alarm_rejects_message_too_long PASSED [  4%]
tests/test_alarm_manager.py::test_create_alarm_accepts_max_message_length PASSED [  4%]
tests/test_alarm_manager.py::test_create_alarm_returns_uuid_string PASSED [  4%]
tests/test_alarm_manager.py::test_get_alarm_returns_dict PASSED          [  4%]
tests/test_alarm_manager.py::test_get_alarm_returns_none_for_unknown PASSED [  4%]
tests/test_alarm_manager.py::test_get_alarms_by_agent_default_excludes_triggered PASSED [  4%]
tests/test_alarm_manager.py::test_get_alarms_by_agent_include_triggered PASSED [  4%]
tests/test_alarm_manager.py::test_get_alarms_by_agent_other_agent_empty PASSED [  4%]
tests/test_alarm_manager.py::test_cancel_alarm_pending_returns_true PASSED [  4%]
tests/test_alarm_manager.py::test_cancel_alarm_nonexistent_returns_false PASSED [  4%]
tests/test_alarm_manager.py::test_cancel_alarm_already_cancelled_returns_false PASSED [  4%]
tests/test_alarm_manager.py::test_mark_triggered_sets_status_and_timestamp PASSED [  4%]
tests/test_alarm_manager.py::test_mark_triggered_unknown_returns_false PASSED [  4%]
tests/test_alarm_manager.py::test_get_pending_alarms PASSED              [  4%]
tests/test_alarm_manager.py::test_schedule_alarm_immediate_trigger_when_delay_negative PASSED [  4%]
tests/test_alarm_manager.py::test_schedule_alarm_future_creates_timer PASSED [  4%]
tests/test_alarm_manager.py::test_trigger_alarm_invokes_callback PASSED  [  4%]
tests/test_alarm_manager.py::test_trigger_alarm_callback_exception_swallowed PASSED [  4%]
tests/test_alarm_manager.py::test_schedule_alarm_fires_after_delay PASSED [  4%]
tests/test_alarm_manager.py::test_trigger_alarm_after_shutdown_skipped PASSED [  4%]
tests/test_alarm_manager.py::test_restore_pending_alarms_reschedules PASSED [  4%]
tests/test_alarm_manager.py::test_restore_pending_alarms_triggers_past_alarms PASSED [  4%]
tests/test_alarm_manager.py::test_shutdown_cancels_timers PASSED         [  4%]
tests/test_alarm_manager.py::test_shutdown_sets_flag PASSED              [  4%]
tests/test_alarm_manager.py::test_shutdown_silences_logger PASSED        [  4%]
tests/test_alarm_manager.py::test_get_alarm_manager_singleton PASSED     [  4%]
tests/test_alarm_manager.py::test_reset_alarm_manager_clears_instance PASSED [  4%]
tests/test_alarm_manager.py::test_acreate_alarm_async PASSED             [  4%]
tests/test_alarm_manager.py::test_aget_alarm_async PASSED                [  4%]
tests/test_alarm_manager.py::test_acancel_alarm_async PASSED             [  4%]
tests/test_alarm_manager.py::test_aget_alarms_by_agent_async PASSED      [  4%]
tests/test_alarm_manager.py::test_amark_triggered_async PASSED           [  4%]
tests/test_alarm_manager.py::test_aget_pending_alarms_async PASSED       [  4%]
tests/test_alarm_manager.py::test_arestore_pending_alarms_async PASSED   [  4%]
tests/test_alarm_manager.py::test_get_connection_caches_per_thread PASSED [  5%]
tests/test_alarm_manager.py::test_close_all_connections PASSED           [  5%]
tests/test_api_app.py::test_register_api_routes_callable PASSED          [  5%]
tests/test_api_app.py::test_register_api_routes_returns_none PASSED      [  5%]
tests/test_api_app.py::test_register_api_routes_registers_performance_middleware PASSED [  5%]
tests/test_api_app.py::test_register_api_routes_registers_health_endpoint PASSED [  5%]
tests/test_api_app.py::test_register_api_routes_registers_root_endpoint PASSED [  5%]
tests/test_api_app.py::test_register_api_routes_registers_many_routes PASSED [  5%]
tests/test_api_app.py::test_registers_service_error_handler PASSED       [  5%]
tests/test_api_app.py::test_registers_validation_error_handler PASSED    [  5%]
tests/test_api_app.py::test_registers_generic_exception_handler PASSED   [  5%]
tests/test_api_app.py::test_exception_handler_for_exception_is_generic PASSED [  5%]
tests/test_api_app.py::test_health_returns_200 PASSED                    [  5%]
tests/test_api_app.py::test_health_all_services_healthy PASSED           [  5%]
tests/test_api_app.py::test_health_some_services_none_returns_degraded PASSED [  5%]
tests/test_api_app.py::test_health_all_services_none_returns_degraded PASSED [  5%]
tests/test_api_app.py::test_health_components_has_seven_keys PASSED      [  5%]
tests/test_api_app.py::test_health_components_all_false_when_none PASSED [  5%]
tests/test_api_app.py::test_health_components_all_true_when_healthy PASSED [  5%]
tests/test_api_app.py::test_health_components_reflects_each_field PASSED [  5%]
tests/test_api_app.py::test_health_version_is_fixed PASSED               [  5%]
tests/test_api_app.py::test_health_has_timestamp PASSED                  [  5%]
tests/test_api_app.py::test_root_returns_200 PASSED                      [  5%]
tests/test_api_app.py::test_root_returns_service_name PASSED             [  5%]
tests/test_api_app.py::test_root_returns_version PASSED                  [  5%]
tests/test_api_app.py::test_root_returns_description PASSED              [  5%]
tests/test_api_app.py::test_root_returns_docs_paths PASSED               [  5%]
tests/test_api_app.py::test_service_error_handler_returns_error_response PASSED [  5%]
tests/test_api_app.py::test_service_error_handler_default_500 PASSED     [  5%]
tests/test_api_app.py::test_generic_exception_handler_returns_500 PASSED [  5%]
tests/test_api_app.py::test_generic_exception_handler_returns_error_response PASSED [  5%]
tests/test_api_app.py::test_all_expected_api_prefixes_registered PASSED  [  5%]
tests/test_api_app.py::test_health_response_model_is_health_response PASSED [  5%]
tests/test_api_app.py::test_register_api_routes_idempotent_no_raise PASSED [  5%]
tests/test_api_exceptions.py::test_service_error_defaults PASSED         [  5%]
tests/test_api_exceptions.py::test_service_error_custom_error_code PASSED [  5%]
tests/test_api_exceptions.py::test_service_error_custom_details PASSED   [  5%]
tests/test_api_exceptions.py::test_service_error_details_default_empty_dict PASSED [  5%]
tests/test_api_exceptions.py::test_service_error_is_exception_subclass PASSED [  5%]
tests/test_api_exceptions.py::test_service_error_message_propagates_to_exception PASSED [  5%]
tests/test_api_exceptions.py::test_database_error_attributes PASSED      [  5%]
tests/test_api_exceptions.py::test_database_error_with_details PASSED    [  5%]
tests/test_api_exceptions.py::test_database_error_is_service_error PASSED [  5%]
tests/test_api_exceptions.py::test_memory_not_found_error PASSED         [  5%]
tests/test_api_exceptions.py::test_agent_not_found_error PASSED          [  5%]
tests/test_api_exceptions.py::test_session_not_found_error PASSED        [  5%]
tests/test_api_exceptions.py::test_llm_error_attributes PASSED           [  5%]
tests/test_api_exceptions.py::test_llm_error_with_details PASSED         [  5%]
tests/test_api_exceptions.py::test_vector_store_error_attributes PASSED  [  5%]
tests/test_api_exceptions.py::test_validation_error_attributes PASSED    [  5%]
tests/test_api_exceptions.py::test_validation_error_with_details PASSED  [  6%]
tests/test_api_exceptions.py::test_authentication_error_default_message PASSED [  6%]
tests/test_api_exceptions.py::test_authentication_error_custom_message PASSED [  6%]
tests/test_api_exceptions.py::test_rate_limit_error_defaults PASSED      [  6%]
tests/test_api_exceptions.py::test_rate_limit_error_custom_retry_after PASSED [  6%]
tests/test_api_exceptions.py::test_rate_limit_error_message_contains_seconds PASSED [  6%]
tests/test_api_exceptions.py::test_service_exception_handler_returns_jsonresponse PASSED [  6%]
tests/test_api_exceptions.py::test_service_exception_handler_content_structure PASSED [  6%]
tests/test_api_exceptions.py::test_service_exception_handler_for_subclass PASSED [  6%]
tests/test_api_exceptions.py::test_http_exception_handler_returns_jsonresponse PASSED [  6%]
tests/test_api_exceptions.py::test_http_exception_handler_content PASSED [  6%]
tests/test_api_exceptions.py::test_http_exception_handler_for_500 PASSED [  6%]
tests/test_api_exceptions.py::test_validation_exception_handler_returns_422 PASSED [  6%]
tests/test_api_exceptions.py::test_validation_exception_handler_content_structure PASSED [  6%]
tests/test_api_exceptions.py::test_generic_exception_handler_returns_500 PASSED [  6%]
tests/test_api_exceptions.py::test_generic_exception_handler_content_with_message PASSED [  6%]
tests/test_api_exceptions.py::test_generic_exception_handler_empty_message_details_none PASSED [  6%]
tests/test_api_exceptions.py::test_service_handler_output_matches_error_response PASSED [  6%]
tests/test_api_middleware_performance.py::test_api_stats_initial_structure PASSED [  6%]
tests/test_api_middleware_performance.py::test_record_api_call_increments_total_requests PASSED [  6%]
tests/test_api_middleware_performance.py::test_record_api_call_accumulates_total_time_ms PASSED [  6%]
tests/test_api_middleware_performance.py::test_record_api_call_slow_request_threshold PASSED [  6%]
tests/test_api_middleware_performance.py::test_record_api_call_exactly_100ms_not_slow PASSED [  6%]
tests/test_api_middleware_performance.py::test_record_api_call_fast_request_not_slow PASSED [  6%]
tests/test_api_middleware_performance.py::test_record_api_call_creates_new_endpoint_entry PASSED [  6%]
tests/test_api_middleware_performance.py::test_record_api_call_updates_existing_endpoint PASSED [  6%]
tests/test_api_middleware_performance.py::test_record_api_call_updates_max_time_ms PASSED [  6%]
tests/test_api_middleware_performance.py::test_record_api_call_updates_min_time_ms PASSED [  6%]
tests/test_api_middleware_performance.py::test_record_api_call_multiple_endpoints_isolated PASSED [  6%]
tests/test_api_middleware_performance.py::test_record_api_call_min_time_ms_initial_inf PASSED [  6%]
tests/test_api_middleware_performance.py::test_get_api_stats_empty_returns_zeros PASSED [  6%]
tests/test_api_middleware_performance.py::test_get_api_stats_average_calculation PASSED [  6%]
tests/test_api_middleware_performance.py::test_get_api_stats_slow_request_rate PASSED [  6%]
tests/test_api_middleware_performance.py::test_get_api_stats_includes_endpoints_dict PASSED [  6%]
tests/test_api_middleware_performance.py::test_middleware_adds_process_time_header PASSED [  6%]
tests/test_api_middleware_performance.py::test_middleware_process_time_is_float_string PASSED [  6%]
tests/test_api_middleware_performance.py::test_middleware_logs_warning_for_slow_request PASSED [  6%]
tests/test_api_middleware_performance.py::test_middleware_logs_info_for_medium_request PASSED [  6%]
tests/test_api_middleware_performance.py::test_middleware_logs_debug_for_fast_request PASSED [  6%]
tests/test_api_middleware_performance.py::test_middleware_preserves_response_body PASSED [  6%]
tests/test_api_middleware_performance.py::test_middleware_records_header_for_404 PASSED [  6%]
tests/test_api_response.py::test_api_response_defaults PASSED            [  6%]
tests/test_api_response.py::test_api_response_error_field_shadowed_by_classmethod PASSED [  6%]
tests/test_api_response.py::test_api_response_has_timestamp PASSED       [  6%]
tests/test_api_response.py::test_api_response_custom_fields PASSED       [  6%]
tests/test_api_response.py::test_api_response_ok_no_args PASSED          [  6%]
tests/test_api_response.py::test_api_response_ok_with_data PASSED        [  6%]
tests/test_api_response.py::test_api_response_ok_with_message PASSED     [  6%]
tests/test_api_response.py::test_api_response_ok_with_data_and_message PASSED [  6%]
tests/test_api_response.py::test_api_response_ok_returns_api_response_instance PASSED [  7%]
tests/test_api_response.py::test_api_response_error_basic XFAIL (API...) [  7%]
tests/test_api_response.py::test_api_response_error_with_code XFAIL      [  7%]
tests/test_api_response.py::test_api_response_error_with_data XFAIL      [  7%]
tests/test_api_response.py::test_api_response_error_returns_api_response_instance XFAIL [  7%]
tests/test_api_response.py::test_paginated_response_defaults PASSED      [  7%]
tests/test_api_response.py::test_paginated_response_has_timestamp PASSED [  7%]
tests/test_api_response.py::test_paginated_response_create_basic PASSED  [  7%]
tests/test_api_response.py::test_paginated_response_create_total_pages_round_up PASSED [  7%]
tests/test_api_response.py::test_paginated_response_create_exact_multiple PASSED [  7%]
tests/test_api_response.py::test_paginated_response_create_zero_page_size PASSED [  7%]
tests/test_api_response.py::test_paginated_response_create_zero_total PASSED [  7%]
tests/test_api_response.py::test_paginated_response_create_default_page_size PASSED [  7%]
tests/test_api_response.py::test_health_response_defaults PASSED         [  7%]
tests/test_api_response.py::test_health_response_has_timestamp PASSED    [  7%]
tests/test_api_response.py::test_health_response_custom PASSED           [  7%]
tests/test_api_response.py::test_health_response_status_degraded PASSED  [  7%]
tests/test_api_response.py::test_error_response_defaults PASSED          [  7%]
tests/test_api_response.py::test_error_response_has_timestamp PASSED     [  7%]
tests/test_api_response.py::test_error_response_custom_fields PASSED     [  7%]
tests/test_api_response.py::test_error_response_success_always_false PASSED [  7%]
tests/test_api_response.py::test_error_response_with_details_dict PASSED [  7%]
tests/test_asr_interrupt.py::test_init_defaults PASSED                   [  7%]
tests/test_asr_interrupt.py::test_get_instance_singleton PASSED          [  7%]
tests/test_asr_interrupt.py::test_get_asr_interrupt_module_returns_singleton PASSED [  7%]
tests/test_asr_interrupt.py::test_set_config PASSED                      [  7%]
tests/test_asr_interrupt.py::test_set_config_defaults_when_missing PASSED [  7%]
tests/test_asr_interrupt.py::test_set_interrupt_callback PASSED          [  7%]
tests/test_asr_interrupt.py::test_set_tts_playing_true PASSED            [  7%]
tests/test_asr_interrupt.py::test_set_tts_playing_false_resets_interrupt PASSED [  7%]
tests/test_asr_interrupt.py::test_set_session_id PASSED                  [  7%]
tests/test_asr_interrupt.py::test_set_context_manager PASSED             [  7%]
tests/test_asr_interrupt.py::test_on_asr_result_disabled PASSED          [  7%]
tests/test_asr_interrupt.py::test_on_asr_result_empty_text PASSED        [  7%]
tests/test_asr_interrupt.py::test_on_asr_result_whitespace_only PASSED   [  7%]
tests/test_asr_interrupt.py::test_on_asr_result_tts_not_playing PASSED   [  7%]
tests/test_asr_interrupt.py::test_on_asr_result_main_llm_mode PASSED     [  7%]
tests/test_asr_interrupt.py::test_on_asr_result_independent_mode PASSED  [  7%]
tests/test_asr_interrupt.py::test_check_with_main_llm_unavailable PASSED [  7%]
tests/test_asr_interrupt.py::test_check_with_main_llm_response_error PASSED [  7%]
tests/test_asr_interrupt.py::test_check_with_main_llm_response_none PASSED [  7%]
tests/test_asr_interrupt.py::test_check_with_main_llm_interrupt PASSED   [  7%]
tests/test_asr_interrupt.py::test_check_with_main_llm_ignore PASSED      [  7%]
tests/test_asr_interrupt.py::test_check_with_main_llm_continue PASSED    [  7%]
tests/test_asr_interrupt.py::test_check_with_main_llm_exception_returns_ignore PASSED [  7%]
tests/test_asr_interrupt.py::test_parse_interrupt_decision[##[INTERRUPT]##-INTERRUPT] PASSED [  7%]
tests/test_asr_interrupt.py::test_parse_interrupt_decision[##[IGNORE]##-IGNORE] PASSED [  7%]
tests/test_asr_interrupt.py::test_parse_interrupt_decision[##[CONTINUE]##-CONTINUE] PASSED [  7%]
tests/test_asr_interrupt.py::test_parse_interrupt_decision[unknown response-IGNORE] PASSED [  7%]
tests/test_asr_interrupt.py::test_check_with_independent_llm_interrupt PASSED [  8%]
tests/test_asr_interrupt.py::test_check_with_independent_llm_ignore PASSED [  8%]
tests/test_asr_interrupt.py::test_check_with_independent_llm_continue PASSED [  8%]
tests/test_asr_interrupt.py::test_check_with_independent_llm_exception PASSED [  8%]
tests/test_asr_interrupt.py::test_call_independent_llm_valid_json PASSED [  8%]
tests/test_asr_interrupt.py::test_call_independent_llm_json_decode_fallback PASSED [  8%]
tests/test_asr_interrupt.py::test_call_independent_llm_timeout PASSED    [  8%]
tests/test_asr_interrupt.py::test_call_independent_llm_exception PASSED  [  8%]
tests/test_asr_interrupt.py::test_trigger_interrupt_sets_flag PASSED     [  8%]
tests/test_asr_interrupt.py::test_trigger_interrupt_async_callback PASSED [  8%]
tests/test_asr_interrupt.py::test_trigger_interrupt_sync_callback PASSED [  8%]
tests/test_asr_interrupt.py::test_trigger_interrupt_callback_exception_swallowed PASSED [  8%]
tests/test_asr_interrupt.py::test_trigger_interrupt_no_callback PASSED   [  8%]
tests/test_asr_interrupt.py::test_reset_interrupt PASSED                 [  8%]
tests/test_asr_interrupt.py::test_is_interrupted_property PASSED         [  8%]
tests/test_asr_service.py::test_target_fs_constant PASSED                [  8%]
tests/test_asr_service.py::test_regex_constant PASSED                    [  8%]
tests/test_asr_service.py::test_init_defaults PASSED                     [  8%]
tests/test_asr_service.py::test_init_custom_values PASSED                [  8%]
tests/test_asr_service.py::test_mode_property_returns_init_mode[remote] PASSED [  8%]
tests/test_asr_service.py::test_mode_property_returns_init_mode[embedded] PASSED [  8%]
tests/test_asr_service.py::test_initialize_remote_mode_sets_initialized PASSED [  8%]
tests/test_asr_service.py::test_initialize_remote_mode_keeps_mode PASSED [  8%]
tests/test_asr_service.py::test_initialize_embedded_fallback_to_remote_on_failure PASSED [  8%]
tests/test_asr_service.py::test_initialize_embedded_success_loads_model PASSED [  8%]
tests/test_asr_service.py::test_initialize_embedded_skips_reload_if_model_cached PASSED [  8%]
tests/test_asr_service.py::test_shutdown_resets_globals PASSED           [  8%]
tests/test_asr_service.py::test_recognize_file_raises_when_not_found PASSED [  8%]
tests/test_asr_service.py::test_recognize_file_reads_and_recognizes PASSED [  8%]
tests/test_asr_service.py::test_recognize_file_accepts_path_object PASSED [  8%]
tests/test_asr_service.py::test_recognize_remote_mode_dispatches_to_remote PASSED [  8%]
tests/test_asr_service.py::test_recognize_embedded_no_model_dispatches_to_remote PASSED [  8%]
tests/test_asr_service.py::test_recognize_embedded_with_model_dispatches_to_embedded PASSED [  8%]
tests/test_asr_service.py::test_recognize_base64_remote_mode_dispatches_to_remote_base64 PASSED [  8%]
tests/test_asr_service.py::test_recognize_base64_embedded_with_model_dispatches_to_embedded PASSED [  8%]
tests/test_asr_service.py::test_recognize_remote_success_parses_results PASSED [  8%]
tests/test_asr_service.py::test_recognize_remote_non200_returns_error PASSED [  8%]
tests/test_asr_service.py::test_recognize_remote_200_empty_results_returns_empty_text PASSED [  8%]
tests/test_asr_service.py::test_recognize_remote_base64_returns_json PASSED [  8%]
tests/test_asr_service.py::test_recognize_remote_base64_url_uses_asr_endpoint PASSED [  8%]
tests/test_asr_service.py::test_get_asr_service_returns_singleton PASSED [  8%]
tests/test_asr_service.py::test_get_asr_service_uses_settings PASSED     [  8%]
tests/test_cache.py::test_cache_entry_defaults PASSED                    [  8%]
tests/test_cache.py::test_lru_get_miss_returns_none_and_counts PASSED    [  8%]
tests/test_cache.py::test_lru_set_and_get_hit PASSED                     [  8%]
tests/test_cache.py::test_lru_set_overwrite_resets_entry PASSED          [  8%]
tests/test_cache.py::test_lru_ttl_expiry_returns_none PASSED             [  8%]
tests/test_cache.py::test_lru_default_ttl_from_constructor PASSED        [  8%]
tests/test_cache.py::test_lru_explicit_ttl_none_falls_back_to_default PASSED [  8%]
tests/test_cache.py::test_lru_eviction_when_over_max_size PASSED         [  8%]
tests/test_cache.py::test_lru_move_to_end_on_get_changes_eviction_order PASSED [  9%]
tests/test_cache.py::test_lru_delete_existing_and_missing PASSED         [  9%]
tests/test_cache.py::test_lru_clear_resets_stats PASSED                  [  9%]
tests/test_cache.py::test_lru_get_stats_hit_rate_calc PASSED             [  9%]
tests/test_cache.py::test_cache_manager_singleton PASSED                 [  9%]
tests/test_cache.py::test_cache_manager_get_cache_creates_and_reuses PASSED [  9%]
tests/test_cache.py::test_cache_manager_get_all_stats_and_clear_all PASSED [  9%]
tests/test_cache.py::test_cached_decorator_caches_result PASSED          [  9%]
tests/test_cache.py::test_cached_decorator_with_key_func PASSED          [  9%]
tests/test_cache.py::test_cached_decorator_different_args_separate_cache PASSED [  9%]
tests/test_config.py::test_env_prefix_is_cxo PASSED                      [  9%]
tests/test_config.py::test_get_env_config_returns_empty_when_no_env PASSED [  9%]
tests/test_config.py::test_env_config_string_mapping[CXO_SYSTEM_HOST-path_parts0-0.0.0.0] PASSED [  9%]
tests/test_config.py::test_env_config_string_mapping[CXO_SYSTEM_LOG_LEVEL-path_parts1-DEBUG] PASSED [  9%]
tests/test_config.py::test_env_config_string_mapping[CXO_GATEWAY_HOST-path_parts2-10.0.0.1] PASSED [  9%]
tests/test_config.py::test_env_config_string_mapping[CXO_LLM_PROVIDER-path_parts3-openai] PASSED [  9%]
tests/test_config.py::test_env_config_string_mapping[CXO_LLM_HOST-path_parts4-http://llm:8080] PASSED [  9%]
tests/test_config.py::test_env_config_string_mapping[CXO_LLM_MODEL-path_parts5-gpt-4] PASSED [  9%]
tests/test_config.py::test_env_config_string_mapping[CXO_LLM_API_KEY-path_parts6-sk-xxx] PASSED [  9%]
tests/test_config.py::test_env_config_string_mapping[CXO_DATABASE_PATH-path_parts7-/data/x.db] PASSED [  9%]
tests/test_config.py::test_env_config_string_mapping[CXO_MEMORY_VECTOR_BACKEND-path_parts8-qdrant] PASSED [  9%]
tests/test_config.py::test_env_config_string_mapping[CXO_MEMORY_EMBEDDING_PROVIDER-path_parts9-openai] PASSED [  9%]
tests/test_config.py::test_env_config_string_mapping[CXO_MEMORY_EMBEDDING_MODEL-path_parts10-text-embedding-3] PASSED [  9%]
tests/test_config.py::test_env_config_string_mapping[CXO_ASR_MODE-path_parts11-local] PASSED [  9%]
tests/test_config.py::test_env_config_string_mapping[CXO_TTS_MODE-path_parts12-orpheus] PASSED [  9%]
tests/test_config.py::test_env_config_string_mapping[CXO_LOG_LEVEL-path_parts13-WARNING] PASSED [  9%]
tests/test_config.py::test_env_config_string_mapping[CXO_GRAPH_DATABASE_PATH-path_parts14-/data/graph.db] PASSED [  9%]
tests/test_config.py::test_env_config_nested_services_asr_url PASSED     [  9%]
tests/test_config.py::test_env_config_nested_services_tts_url PASSED     [  9%]
tests/test_config.py::test_env_config_nested_services_index_tts_url PASSED [  9%]
tests/test_config.py::test_env_config_port_converted_to_int[CXO_SYSTEM_PORT-path_parts0] PASSED [  9%]
tests/test_config.py::test_env_config_port_converted_to_int[CXO_GATEWAY_PORT-path_parts1] PASSED [  9%]
tests/test_config.py::test_env_config_port_invalid_value_raises PASSED   [  9%]
tests/test_config.py::test_env_config_debug_converted_to_bool[true-True] PASSED [  9%]
tests/test_config.py::test_env_config_debug_converted_to_bool[True-True] PASSED [  9%]
tests/test_config.py::test_env_config_debug_converted_to_bool[TRUE-True] PASSED [  9%]
tests/test_config.py::test_env_config_debug_converted_to_bool[1-True] PASSED [  9%]
tests/test_config.py::test_env_config_debug_converted_to_bool[yes-True] PASSED [  9%]
tests/test_config.py::test_env_config_debug_converted_to_bool[YES-True] PASSED [  9%]
tests/test_config.py::test_env_config_debug_converted_to_bool[false-False] PASSED [  9%]
tests/test_config.py::test_env_config_debug_converted_to_bool[False-False] PASSED [  9%]
tests/test_config.py::test_env_config_debug_converted_to_bool[0-False] PASSED [  9%]
tests/test_config.py::test_env_config_debug_converted_to_bool[no-False] PASSED [  9%]
tests/test_config.py::test_env_config_debug_converted_to_bool[anything-else-False] PASSED [  9%]
tests/test_config.py::test_env_config_workers_converted_to_int PASSED    [  9%]
tests/test_config.py::test_env_config_gateway_config_skipped PASSED      [  9%]
tests/test_config.py::test_env_config_graph_enabled_not_converted_to_bool PASSED [  9%]
tests/test_config.py::test_env_config_multiple_keys_same_section PASSED  [  9%]
tests/test_config.py::test_system_config_defaults PASSED                 [  9%]
tests/test_config.py::test_gateway_config_defaults PASSED                [ 10%]
tests/test_config.py::test_llm_config_defaults PASSED                    [ 10%]
tests/test_config.py::test_memory_config_defaults PASSED                 [ 10%]
tests/test_config.py::test_database_config_defaults PASSED               [ 10%]
tests/test_config.py::test_database_config_url_property PASSED           [ 10%]
tests/test_config.py::test_asr_config_defaults PASSED                    [ 10%]
tests/test_config.py::test_tts_config_defaults PASSED                    [ 10%]
tests/test_config.py::test_logging_config_defaults PASSED                [ 10%]
tests/test_config.py::test_acp_config_defaults PASSED                    [ 10%]
tests/test_config.py::test_models_config_defaults PASSED                 [ 10%]
tests/test_config.py::test_models_config_get_model_config PASSED         [ 10%]
tests/test_config.py::test_models_config_get_model_config_direct_when_no_defaults PASSED [ 10%]
tests/test_config.py::test_unified_config_defaults_all_sections_present PASSED [ 10%]
tests/test_config.py::test_unified_config_from_mock_config_overrides_defaults PASSED [ 10%]
tests/test_config.py::test_unified_config_partial_dict_uses_defaults PASSED [ 10%]
tests/test_config.py::test_settings_loads_from_config_file PASSED        [ 10%]
tests/test_config.py::test_settings_config_path_recorded PASSED          [ 10%]
tests/test_config.py::test_settings_missing_config_file_uses_defaults PASSED [ 10%]
tests/test_config.py::test_settings_env_overrides_file_config PASSED     [ 10%]
tests/test_config.py::test_settings_is_singleton PASSED                  [ 10%]
tests/test_config.py::test_settings_reload_rereads_config PASSED         [ 10%]
tests/test_config.py::test_get_service_url_returns_configured_url PASSED [ 10%]
tests/test_config.py::test_get_service_url_unknown_service_raises PASSED [ 10%]
tests/test_config.py::test_unified_config_template_schema_is_seed_stage PASSED [ 10%]
tests/test_config.py::test_mock_config_satisfies_unified_config_schema_seed PASSED [ 10%]
tests/test_context_manager.py::test_init_default_max_history_from_settings PASSED [ 10%]
tests/test_context_manager.py::test_init_custom_max_history PASSED       [ 10%]
tests/test_context_manager.py::test_init_explicit_none_uses_default PASSED [ 10%]
tests/test_context_manager.py::test_init_initial_dicts_empty PASSED      [ 10%]
tests/test_context_manager.py::test_add_message_creates_session PASSED   [ 10%]
tests/test_context_manager.py::test_add_message_appends_to_existing PASSED [ 10%]
tests/test_context_manager.py::test_add_message_trims_to_max_history PASSED [ 10%]
tests/test_context_manager.py::test_add_message_max_history_one PASSED   [ 10%]
tests/test_context_manager.py::test_add_message_isolates_sessions PASSED [ 10%]
tests/test_context_manager.py::test_add_danmaku_message_builds_role_and_content PASSED [ 10%]
tests/test_context_manager.py::test_add_danmaku_message_missing_user_fields PASSED [ 10%]
tests/test_context_manager.py::test_add_danmaku_message_missing_content PASSED [ 10%]
tests/test_context_manager.py::test_add_danmaku_message_returns_dict PASSED [ 10%]
tests/test_context_manager.py::test_get_context_unknown_session_returns_empty_list PASSED [ 10%]
tests/test_context_manager.py::test_get_context_returns_messages PASSED  [ 10%]
tests/test_context_manager.py::test_clear_context_removes_context PASSED [ 10%]
tests/test_context_manager.py::test_clear_context_removes_system_prompt_sent_flag PASSED [ 10%]
tests/test_context_manager.py::test_clear_context_does_not_remove_system_prompt PASSED [ 10%]
tests/test_context_manager.py::test_clear_context_unknown_session_no_error PASSED [ 10%]
tests/test_context_manager.py::test_set_system_prompt_stores_prompt PASSED [ 10%]
tests/test_context_manager.py::test_set_system_prompt_resets_sent_flag PASSED [ 10%]
tests/test_context_manager.py::test_get_system_prompt_returns_stored PASSED [ 10%]
tests/test_context_manager.py::test_get_system_prompt_unknown_returns_empty PASSED [ 10%]
tests/test_context_manager.py::test_mark_system_prompt_as_sent_sets_true PASSED [ 10%]
tests/test_context_manager.py::test_is_system_prompt_sent_default_false PASSED [ 11%]
tests/test_context_manager.py::test_get_context_with_system_prompt_includes_once PASSED [ 11%]
tests/test_context_manager.py::test_get_context_with_system_prompt_not_repeated PASSED [ 11%]
tests/test_context_manager.py::test_get_context_with_system_prompt_include_false PASSED [ 11%]
tests/test_context_manager.py::test_get_context_with_system_prompt_no_prompt_returns_context_only PASSED [ 11%]
tests/test_context_manager.py::test_get_context_with_system_prompt_empty_session PASSED [ 11%]
tests/test_context_manager.py::test_get_context_with_system_prompt_unknown_session PASSED [ 11%]
tests/test_context_manager.py::test_get_context_str_formats_messages PASSED [ 11%]
tests/test_context_manager.py::test_get_context_str_empty_session_returns_empty_string PASSED [ 11%]
tests/test_context_manager.py::test_get_context_str_missing_role_defaults_user PASSED [ 11%]
tests/test_context_manager.py::test_get_context_str_missing_content_defaults_empty PASSED [ 11%]
tests/test_context_manager.py::test_get_context_manager_returns_singleton PASSED [ 11%]
tests/test_context_manager.py::test_get_context_manager_returns_context_manager_instance PASSED [ 11%]
tests/test_context_summarizer.py::test_init_no_llm_client PASSED         [ 11%]
tests/test_context_summarizer.py::test_set_llm_client PASSED             [ 11%]
tests/test_context_summarizer.py::test_init_with_llm_client PASSED       [ 11%]
tests/test_context_summarizer.py::test_summarize_empty_messages PASSED   [ 11%]
tests/test_context_summarizer.py::test_summarize_rule_based_concise PASSED [ 11%]
tests/test_context_summarizer.py::test_summarize_rule_based_detailed PASSED [ 11%]
tests/test_context_summarizer.py::test_summarize_max_length_truncation PASSED [ 11%]
tests/test_context_summarizer.py::test_summarize_rule_based_only_user_messages PASSED [ 11%]
tests/test_context_summarizer.py::test_summarize_rule_based_no_user_messages PASSED [ 11%]
tests/test_context_summarizer.py::test_summarize_with_llm_success PASSED [ 11%]
tests/test_context_summarizer.py::test_summarize_with_llm_exception_falls_back PASSED [ 11%]
tests/test_context_summarizer.py::test_summarize_with_llm_invalid_json_falls_back PASSED [ 11%]
tests/test_context_summarizer.py::test_extract_key_points_empty PASSED   [ 11%]
tests/test_context_summarizer.py::test_extract_key_points_rule_based PASSED [ 11%]
tests/test_context_summarizer.py::test_extract_key_points_rule_based_short_content_skipped PASSED [ 11%]
tests/test_context_summarizer.py::test_extract_key_points_with_llm_success PASSED [ 11%]
tests/test_context_summarizer.py::test_extract_key_points_with_llm_non_list_returns_empty PASSED [ 11%]
tests/test_context_summarizer.py::test_extract_key_points_with_llm_exception_falls_back PASSED [ 11%]
tests/test_context_summarizer.py::test_format_conversation PASSED        [ 11%]
tests/test_context_summarizer.py::test_format_conversation_empty PASSED  [ 11%]
tests/test_context_summarizer.py::test_format_conversation_missing_content PASSED [ 11%]
tests/test_context_summarizer.py::test_rule_based_summary_concile_style PASSED [ 11%]
tests/test_context_summarizer.py::test_rule_based_summary_detailed_style PASSED [ 11%]
tests/test_context_summarizer.py::test_rule_based_summary_empty PASSED   [ 11%]
tests/test_core_context_manager.py::test_create_session_returns_uuid PASSED [ 11%]
tests/test_core_context_manager.py::test_create_session_with_params PASSED [ 11%]
tests/test_core_context_manager.py::test_create_session_custom_id PASSED [ 11%]
tests/test_core_context_manager.py::test_create_session_default_title PASSED [ 11%]
tests/test_core_context_manager.py::test_get_session_unknown_returns_none PASSED [ 11%]
tests/test_core_context_manager.py::test_get_sessions_filters_workspace PASSED [ 11%]
tests/test_core_context_manager.py::test_get_sessions_active_only PASSED [ 11%]
tests/test_core_context_manager.py::test_get_sessions_limit PASSED       [ 11%]
tests/test_core_context_manager.py::test_update_session_title PASSED     [ 11%]
tests/test_core_context_manager.py::test_update_session_summary PASSED   [ 11%]
tests/test_core_context_manager.py::test_update_session_is_active PASSED [ 11%]
tests/test_core_context_manager.py::test_update_session_no_valid_fields_returns_false PASSED [ 11%]
tests/test_core_context_manager.py::test_update_session_unknown_returns_false PASSED [ 11%]
tests/test_core_context_manager.py::test_delete_session_removes_messages PASSED [ 12%]
tests/test_core_context_manager.py::test_delete_unknown_session PASSED   [ 12%]
tests/test_core_context_manager.py::test_clear_all_sessions PASSED       [ 12%]
tests/test_core_context_manager.py::test_add_message_returns_id PASSED   [ 12%]
tests/test_core_context_manager.py::test_add_message_invalid_role_raises PASSED [ 12%]
tests/test_core_context_manager.py::test_add_message_valid_roles PASSED  [ 12%]
tests/test_core_context_manager.py::test_add_message_increments_count PASSED [ 12%]
tests/test_core_context_manager.py::test_get_messages_with_metadata PASSED [ 12%]
tests/test_core_context_manager.py::test_get_messages_limit_and_offset PASSED [ 12%]
tests/test_core_context_manager.py::test_get_messages_exclude_deleted PASSED [ 12%]
tests/test_core_context_manager.py::test_get_messages_include_deleted PASSED [ 12%]
tests/test_core_context_manager.py::test_delete_message PASSED           [ 12%]
tests/test_core_context_manager.py::test_delete_message_unknown PASSED   [ 12%]
tests/test_core_context_manager.py::test_get_message_count_excludes_deleted PASSED [ 12%]
tests/test_core_context_manager.py::test_clear_session_messages PASSED   [ 12%]
tests/test_core_context_manager.py::test_get_statistics PASSED           [ 12%]
tests/test_core_context_manager.py::test_get_statistics_empty_workspace PASSED [ 12%]
tests/test_core_context_manager.py::test_add_mono_context_returns_true PASSED [ 12%]
tests/test_core_context_manager.py::test_get_mono_context_returns_valid PASSED [ 12%]
tests/test_core_context_manager.py::test_get_mono_context_excludes_expired PASSED [ 12%]
tests/test_core_context_manager.py::test_get_mono_context_unknown_session PASSED [ 12%]
tests/test_core_context_manager.py::test_clear_expired_mono_specific_session PASSED [ 12%]
tests/test_core_context_manager.py::test_clear_expired_mono_all PASSED   [ 12%]
tests/test_core_context_manager.py::test_row_to_session_metadata_null_handled PASSED [ 12%]
tests/test_core_context_manager.py::test_row_to_message_metadata_null_handled PASSED [ 12%]
tests/test_core_context_manager.py::test_close_connection PASSED         [ 12%]
tests/test_core_context_manager.py::test_shutdown_closes_all_connections PASSED [ 12%]
tests/test_core_context_manager.py::test_clear_cache PASSED              [ 12%]
tests/test_core_context_manager.py::test_thread_local_connection PASSED  [ 12%]
tests/test_core_context_manager.py::test_shutdown_closes_other_thread_connections PASSED [ 12%]
tests/test_core_exceptions.py::test_error_code_class_attribute[CoreException] PASSED [ 12%]
tests/test_core_exceptions.py::test_error_code_class_attribute[DatabaseError] PASSED [ 12%]
tests/test_core_exceptions.py::test_error_code_class_attribute[ValidationError] PASSED [ 12%]
tests/test_core_exceptions.py::test_error_code_class_attribute[ACPError] PASSED [ 12%]
tests/test_core_exceptions.py::test_error_code_class_attribute[MemoryOperationError] PASSED [ 12%]
tests/test_core_exceptions.py::test_error_code_class_attribute[VectorStoreError] PASSED [ 12%]
tests/test_core_exceptions.py::test_error_code_class_attribute[LLMError] PASSED [ 12%]
tests/test_core_exceptions.py::test_error_code_class_attribute[ToolError] PASSED [ 12%]
tests/test_core_exceptions.py::test_error_code_class_attribute[MCPError] PASSED [ 12%]
tests/test_core_exceptions.py::test_error_code_class_attribute[ContextError] PASSED [ 12%]
tests/test_core_exceptions.py::test_error_codes_are_unique_across_classes PASSED [ 12%]
tests/test_core_exceptions.py::test_init_default_message[CoreException] PASSED [ 12%]
tests/test_core_exceptions.py::test_init_default_message[DatabaseError] PASSED [ 12%]
tests/test_core_exceptions.py::test_init_default_message[ValidationError] PASSED [ 12%]
tests/test_core_exceptions.py::test_init_default_message[ACPError] PASSED [ 12%]
tests/test_core_exceptions.py::test_init_default_message[MemoryOperationError] PASSED [ 12%]
tests/test_core_exceptions.py::test_init_default_message[VectorStoreError] PASSED [ 12%]
tests/test_core_exceptions.py::test_init_default_message[LLMError] PASSED [ 12%]
tests/test_core_exceptions.py::test_init_default_message[ToolError] PASSED [ 12%]
tests/test_core_exceptions.py::test_init_default_message[MCPError] PASSED [ 13%]
tests/test_core_exceptions.py::test_init_default_message[ContextError] PASSED [ 13%]
tests/test_core_exceptions.py::test_init_default_code_falls_back_to_error_code[CoreException] PASSED [ 13%]
tests/test_core_exceptions.py::test_init_default_code_falls_back_to_error_code[DatabaseError] PASSED [ 13%]
tests/test_core_exceptions.py::test_init_default_code_falls_back_to_error_code[ValidationError] PASSED [ 13%]
tests/test_core_exceptions.py::test_init_default_code_falls_back_to_error_code[ACPError] PASSED [ 13%]
tests/test_core_exceptions.py::test_init_default_code_falls_back_to_error_code[MemoryOperationError] PASSED [ 13%]
tests/test_core_exceptions.py::test_init_default_code_falls_back_to_error_code[VectorStoreError] PASSED [ 13%]
tests/test_core_exceptions.py::test_init_default_code_falls_back_to_error_code[LLMError] PASSED [ 13%]
tests/test_core_exceptions.py::test_init_default_code_falls_back_to_error_code[ToolError] PASSED [ 13%]
tests/test_core_exceptions.py::test_init_default_code_falls_back_to_error_code[MCPError] PASSED [ 13%]
tests/test_core_exceptions.py::test_init_default_code_falls_back_to_error_code[ContextError] PASSED [ 13%]
tests/test_core_exceptions.py::test_init_default_details_is_empty_dict[CoreException] PASSED [ 13%]
tests/test_core_exceptions.py::test_init_default_details_is_empty_dict[DatabaseError] PASSED [ 13%]
tests/test_core_exceptions.py::test_init_default_details_is_empty_dict[ValidationError] PASSED [ 13%]
tests/test_core_exceptions.py::test_init_default_details_is_empty_dict[ACPError] PASSED [ 13%]
tests/test_core_exceptions.py::test_init_default_details_is_empty_dict[MemoryOperationError] PASSED [ 13%]
tests/test_core_exceptions.py::test_init_default_details_is_empty_dict[VectorStoreError] PASSED [ 13%]
tests/test_core_exceptions.py::test_init_default_details_is_empty_dict[LLMError] PASSED [ 13%]
tests/test_core_exceptions.py::test_init_default_details_is_empty_dict[ToolError] PASSED [ 13%]
tests/test_core_exceptions.py::test_init_default_details_is_empty_dict[MCPError] PASSED [ 13%]
tests/test_core_exceptions.py::test_init_default_details_is_empty_dict[ContextError] PASSED [ 13%]
tests/test_core_exceptions.py::test_init_no_args_does_not_raise[CoreException] PASSED [ 13%]
tests/test_core_exceptions.py::test_init_no_args_does_not_raise[DatabaseError] PASSED [ 13%]
tests/test_core_exceptions.py::test_init_no_args_does_not_raise[ValidationError] PASSED [ 13%]
tests/test_core_exceptions.py::test_init_no_args_does_not_raise[ACPError] PASSED [ 13%]
tests/test_core_exceptions.py::test_init_no_args_does_not_raise[MemoryOperationError] PASSED [ 13%]
tests/test_core_exceptions.py::test_init_no_args_does_not_raise[VectorStoreError] PASSED [ 13%]
tests/test_core_exceptions.py::test_init_no_args_does_not_raise[LLMError] PASSED [ 13%]
tests/test_core_exceptions.py::test_init_no_args_does_not_raise[ToolError] PASSED [ 13%]
tests/test_core_exceptions.py::test_init_no_args_does_not_raise[MCPError] PASSED [ 13%]
tests/test_core_exceptions.py::test_init_no_args_does_not_raise[ContextError] PASSED [ 13%]
tests/test_core_exceptions.py::test_init_custom_message[CoreException] PASSED [ 13%]
tests/test_core_exceptions.py::test_init_custom_message[DatabaseError] PASSED [ 13%]
tests/test_core_exceptions.py::test_init_custom_message[ValidationError] PASSED [ 13%]
tests/test_core_exceptions.py::test_init_custom_message[ACPError] PASSED [ 13%]
tests/test_core_exceptions.py::test_init_custom_message[MemoryOperationError] PASSED [ 13%]
tests/test_core_exceptions.py::test_init_custom_message[VectorStoreError] PASSED [ 13%]
tests/test_core_exceptions.py::test_init_custom_message[LLMError] PASSED [ 13%]
tests/test_core_exceptions.py::test_init_custom_message[ToolError] PASSED [ 13%]
tests/test_core_exceptions.py::test_init_custom_message[MCPError] PASSED [ 13%]
tests/test_core_exceptions.py::test_init_custom_message[ContextError] PASSED [ 13%]
tests/test_core_exceptions.py::test_init_custom_code_overrides_error_code[CoreException] PASSED [ 13%]
tests/test_core_exceptions.py::test_init_custom_code_overrides_error_code[DatabaseError] PASSED [ 13%]
tests/test_core_exceptions.py::test_init_custom_code_overrides_error_code[ValidationError] PASSED [ 13%]
tests/test_core_exceptions.py::test_init_custom_code_overrides_error_code[ACPError] PASSED [ 13%]
tests/test_core_exceptions.py::test_init_custom_code_overrides_error_code[MemoryOperationError] PASSED [ 13%]
tests/test_core_exceptions.py::test_init_custom_code_overrides_error_code[VectorStoreError] PASSED [ 13%]
tests/test_core_exceptions.py::test_init_custom_code_overrides_error_code[LLMError] PASSED [ 13%]
tests/test_core_exceptions.py::test_init_custom_code_overrides_error_code[ToolError] PASSED [ 13%]
tests/test_core_exceptions.py::test_init_custom_code_overrides_error_code[MCPError] PASSED [ 14%]
tests/test_core_exceptions.py::test_init_custom_code_overrides_error_code[ContextError] PASSED [ 14%]
tests/test_core_exceptions.py::test_init_custom_details[CoreException] PASSED [ 14%]
tests/test_core_exceptions.py::test_init_custom_details[DatabaseError] PASSED [ 14%]
tests/test_core_exceptions.py::test_init_custom_details[ValidationError] PASSED [ 14%]
tests/test_core_exceptions.py::test_init_custom_details[ACPError] PASSED [ 14%]
tests/test_core_exceptions.py::test_init_custom_details[MemoryOperationError] PASSED [ 14%]
tests/test_core_exceptions.py::test_init_custom_details[VectorStoreError] PASSED [ 14%]
tests/test_core_exceptions.py::test_init_custom_details[LLMError] PASSED [ 14%]
tests/test_core_exceptions.py::test_init_custom_details[ToolError] PASSED [ 14%]
tests/test_core_exceptions.py::test_init_custom_details[MCPError] PASSED [ 14%]
tests/test_core_exceptions.py::test_init_custom_details[ContextError] PASSED [ 14%]
tests/test_core_exceptions.py::test_init_custom_all_params PASSED        [ 14%]
tests/test_core_exceptions.py::test_init_code_none_falls_back PASSED     [ 14%]
tests/test_core_exceptions.py::test_init_details_none_falls_back_to_empty PASSED [ 14%]
tests/test_core_exceptions.py::test_str_format_default[CoreException] PASSED [ 14%]
tests/test_core_exceptions.py::test_str_format_default[DatabaseError] PASSED [ 14%]
tests/test_core_exceptions.py::test_str_format_default[ValidationError] PASSED [ 14%]
tests/test_core_exceptions.py::test_str_format_default[ACPError] PASSED  [ 14%]
tests/test_core_exceptions.py::test_str_format_default[MemoryOperationError] PASSED [ 14%]
tests/test_core_exceptions.py::test_str_format_default[VectorStoreError] PASSED [ 14%]
tests/test_core_exceptions.py::test_str_format_default[LLMError] PASSED  [ 14%]
tests/test_core_exceptions.py::test_str_format_default[ToolError] PASSED [ 14%]
tests/test_core_exceptions.py::test_str_format_default[MCPError] PASSED  [ 14%]
tests/test_core_exceptions.py::test_str_format_default[ContextError] PASSED [ 14%]
tests/test_core_exceptions.py::test_str_format_custom_code_and_message PASSED [ 14%]
tests/test_core_exceptions.py::test_str_contains_brackets_and_space PASSED [ 14%]
tests/test_core_exceptions.py::test_to_dict_has_four_fields[CoreException] PASSED [ 14%]
tests/test_core_exceptions.py::test_to_dict_has_four_fields[DatabaseError] PASSED [ 14%]
tests/test_core_exceptions.py::test_to_dict_has_four_fields[ValidationError] PASSED [ 14%]
tests/test_core_exceptions.py::test_to_dict_has_four_fields[ACPError] PASSED [ 14%]
tests/test_core_exceptions.py::test_to_dict_has_four_fields[MemoryOperationError] PASSED [ 14%]
tests/test_core_exceptions.py::test_to_dict_has_four_fields[VectorStoreError] PASSED [ 14%]
tests/test_core_exceptions.py::test_to_dict_has_four_fields[LLMError] PASSED [ 14%]
tests/test_core_exceptions.py::test_to_dict_has_four_fields[ToolError] PASSED [ 14%]
tests/test_core_exceptions.py::test_to_dict_has_four_fields[MCPError] PASSED [ 14%]
tests/test_core_exceptions.py::test_to_dict_has_four_fields[ContextError] PASSED [ 14%]
tests/test_core_exceptions.py::test_to_dict_error_field_is_class_name[CoreException] PASSED [ 14%]
tests/test_core_exceptions.py::test_to_dict_error_field_is_class_name[DatabaseError] PASSED [ 14%]
tests/test_core_exceptions.py::test_to_dict_error_field_is_class_name[ValidationError] PASSED [ 14%]
tests/test_core_exceptions.py::test_to_dict_error_field_is_class_name[ACPError] PASSED [ 14%]
tests/test_core_exceptions.py::test_to_dict_error_field_is_class_name[MemoryOperationError] PASSED [ 14%]
tests/test_core_exceptions.py::test_to_dict_error_field_is_class_name[VectorStoreError] PASSED [ 14%]
tests/test_core_exceptions.py::test_to_dict_error_field_is_class_name[LLMError] PASSED [ 14%]
tests/test_core_exceptions.py::test_to_dict_error_field_is_class_name[ToolError] PASSED [ 14%]
tests/test_core_exceptions.py::test_to_dict_error_field_is_class_name[MCPError] PASSED [ 14%]
tests/test_core_exceptions.py::test_to_dict_error_field_is_class_name[ContextError] PASSED [ 14%]
tests/test_core_exceptions.py::test_to_dict_code_field[CoreException] PASSED [ 14%]
tests/test_core_exceptions.py::test_to_dict_code_field[DatabaseError] PASSED [ 14%]
tests/test_core_exceptions.py::test_to_dict_code_field[ValidationError] PASSED [ 15%]
tests/test_core_exceptions.py::test_to_dict_code_field[ACPError] PASSED  [ 15%]
tests/test_core_exceptions.py::test_to_dict_code_field[MemoryOperationError] PASSED [ 15%]
tests/test_core_exceptions.py::test_to_dict_code_field[VectorStoreError] PASSED [ 15%]
tests/test_core_exceptions.py::test_to_dict_code_field[LLMError] PASSED  [ 15%]
tests/test_core_exceptions.py::test_to_dict_code_field[ToolError] PASSED [ 15%]
tests/test_core_exceptions.py::test_to_dict_code_field[MCPError] PASSED  [ 15%]
tests/test_core_exceptions.py::test_to_dict_code_field[ContextError] PASSED [ 15%]
tests/test_core_exceptions.py::test_to_dict_message_field[CoreException] PASSED [ 15%]
tests/test_core_exceptions.py::test_to_dict_message_field[DatabaseError] PASSED [ 15%]
tests/test_core_exceptions.py::test_to_dict_message_field[ValidationError] PASSED [ 15%]
tests/test_core_exceptions.py::test_to_dict_message_field[ACPError] PASSED [ 15%]
tests/test_core_exceptions.py::test_to_dict_message_field[MemoryOperationError] PASSED [ 15%]
tests/test_core_exceptions.py::test_to_dict_message_field[VectorStoreError] PASSED [ 15%]
tests/test_core_exceptions.py::test_to_dict_message_field[LLMError] PASSED [ 15%]
tests/test_core_exceptions.py::test_to_dict_message_field[ToolError] PASSED [ 15%]
tests/test_core_exceptions.py::test_to_dict_message_field[MCPError] PASSED [ 15%]
tests/test_core_exceptions.py::test_to_dict_message_field[ContextError] PASSED [ 15%]
tests/test_core_exceptions.py::test_to_dict_details_field[CoreException] PASSED [ 15%]
tests/test_core_exceptions.py::test_to_dict_details_field[DatabaseError] PASSED [ 15%]
tests/test_core_exceptions.py::test_to_dict_details_field[ValidationError] PASSED [ 15%]
tests/test_core_exceptions.py::test_to_dict_details_field[ACPError] PASSED [ 15%]
tests/test_core_exceptions.py::test_to_dict_details_field[MemoryOperationError] PASSED [ 15%]
tests/test_core_exceptions.py::test_to_dict_details_field[VectorStoreError] PASSED [ 15%]
tests/test_core_exceptions.py::test_to_dict_details_field[LLMError] PASSED [ 15%]
tests/test_core_exceptions.py::test_to_dict_details_field[ToolError] PASSED [ 15%]
tests/test_core_exceptions.py::test_to_dict_details_field[MCPError] PASSED [ 15%]
tests/test_core_exceptions.py::test_to_dict_details_field[ContextError] PASSED [ 15%]
tests/test_core_exceptions.py::test_to_dict_with_custom_values PASSED    [ 15%]
tests/test_core_exceptions.py::test_to_dict_returns_new_dict_each_call PASSED [ 15%]
tests/test_core_exceptions.py::test_subclass_inherits_core_exception[DatabaseError] PASSED [ 15%]
tests/test_core_exceptions.py::test_subclass_inherits_core_exception[ValidationError] PASSED [ 15%]
tests/test_core_exceptions.py::test_subclass_inherits_core_exception[ACPError] PASSED [ 15%]
tests/test_core_exceptions.py::test_subclass_inherits_core_exception[MemoryOperationError] PASSED [ 15%]
tests/test_core_exceptions.py::test_subclass_inherits_core_exception[VectorStoreError] PASSED [ 15%]
tests/test_core_exceptions.py::test_subclass_inherits_core_exception[LLMError] PASSED [ 15%]
tests/test_core_exceptions.py::test_subclass_inherits_core_exception[ToolError] PASSED [ 15%]
tests/test_core_exceptions.py::test_subclass_inherits_core_exception[MCPError] PASSED [ 15%]
tests/test_core_exceptions.py::test_subclass_inherits_core_exception[ContextError] PASSED [ 15%]
tests/test_core_exceptions.py::test_all_exceptions_inherit_exception[CoreException] PASSED [ 15%]
tests/test_core_exceptions.py::test_all_exceptions_inherit_exception[DatabaseError] PASSED [ 15%]
tests/test_core_exceptions.py::test_all_exceptions_inherit_exception[ValidationError] PASSED [ 15%]
tests/test_core_exceptions.py::test_all_exceptions_inherit_exception[ACPError] PASSED [ 15%]
tests/test_core_exceptions.py::test_all_exceptions_inherit_exception[MemoryOperationError] PASSED [ 15%]
tests/test_core_exceptions.py::test_all_exceptions_inherit_exception[VectorStoreError] PASSED [ 15%]
tests/test_core_exceptions.py::test_all_exceptions_inherit_exception[LLMError] PASSED [ 15%]
tests/test_core_exceptions.py::test_all_exceptions_inherit_exception[ToolError] PASSED [ 15%]
tests/test_core_exceptions.py::test_all_exceptions_inherit_exception[MCPError] PASSED [ 15%]
tests/test_core_exceptions.py::test_all_exceptions_inherit_exception[ContextError] PASSED [ 15%]
tests/test_core_exceptions.py::test_core_exception_is_exception PASSED   [ 16%]
tests/test_core_exceptions.py::test_raise_and_catch_specific[CoreException] PASSED [ 16%]
tests/test_core_exceptions.py::test_raise_and_catch_specific[DatabaseError] PASSED [ 16%]
tests/test_core_exceptions.py::test_raise_and_catch_specific[ValidationError] PASSED [ 16%]
tests/test_core_exceptions.py::test_raise_and_catch_specific[ACPError] PASSED [ 16%]
tests/test_core_exceptions.py::test_raise_and_catch_specific[MemoryOperationError] PASSED [ 16%]
tests/test_core_exceptions.py::test_raise_and_catch_specific[VectorStoreError] PASSED [ 16%]
tests/test_core_exceptions.py::test_raise_and_catch_specific[LLMError] PASSED [ 16%]
tests/test_core_exceptions.py::test_raise_and_catch_specific[ToolError] PASSED [ 16%]
tests/test_core_exceptions.py::test_raise_and_catch_specific[MCPError] PASSED [ 16%]
tests/test_core_exceptions.py::test_raise_and_catch_specific[ContextError] PASSED [ 16%]
tests/test_core_exceptions.py::test_catch_subclass_as_core_exception PASSED [ 16%]
tests/test_core_exceptions.py::test_catch_subclass_as_exception PASSED   [ 16%]
tests/test_core_exceptions.py::test_caught_exception_preserves_attributes PASSED [ 16%]
tests/test_core_exceptions.py::test_caught_core_exception_preserves_subclass_type PASSED [ 16%]
tests/test_core_exceptions.py::test_error_codes_schema_is_seed_stage PASSED [ 16%]
tests/test_core_exceptions.py::test_to_dict_satisfies_error_codes_schema_seed[CoreException] PASSED [ 16%]
tests/test_core_exceptions.py::test_to_dict_satisfies_error_codes_schema_seed[DatabaseError] PASSED [ 16%]
tests/test_core_exceptions.py::test_to_dict_satisfies_error_codes_schema_seed[ValidationError] PASSED [ 16%]
tests/test_core_exceptions.py::test_to_dict_satisfies_error_codes_schema_seed[ACPError] PASSED [ 16%]
tests/test_core_exceptions.py::test_to_dict_satisfies_error_codes_schema_seed[MemoryOperationError] PASSED [ 16%]
tests/test_core_exceptions.py::test_to_dict_satisfies_error_codes_schema_seed[VectorStoreError] PASSED [ 16%]
tests/test_core_exceptions.py::test_to_dict_satisfies_error_codes_schema_seed[LLMError] PASSED [ 16%]
tests/test_core_exceptions.py::test_to_dict_satisfies_error_codes_schema_seed[ToolError] PASSED [ 16%]
tests/test_core_exceptions.py::test_to_dict_satisfies_error_codes_schema_seed[MCPError] PASSED [ 16%]
tests/test_core_exceptions.py::test_to_dict_satisfies_error_codes_schema_seed[ContextError] PASSED [ 16%]
tests/test_core_exceptions.py::test_to_dict_with_details_satisfies_error_codes_schema_seed PASSED [ 16%]
tests/test_core_utils.py::TestDeepMerge::test_simple_override PASSED     [ 16%]
tests/test_core_utils.py::TestDeepMerge::test_nested_dict_merge PASSED   [ 16%]
tests/test_core_utils.py::TestDeepMerge::test_non_dict_override_dict PASSED [ 16%]
tests/test_core_utils.py::TestDeepMerge::test_dict_override_non_dict PASSED [ 16%]
tests/test_core_utils.py::TestDeepMerge::test_empty_override_returns_copy PASSED [ 16%]
tests/test_core_utils.py::TestDeepMerge::test_new_key_added PASSED       [ 16%]
tests/test_core_utils.py::TestDeepMerge::test_deeply_nested_merge PASSED [ 16%]
tests/test_core_utils.py::TestFormatMessagesForSummary::test_basic_format PASSED [ 16%]
tests/test_core_utils.py::TestFormatMessagesForSummary::test_long_content_truncated PASSED [ 16%]
tests/test_core_utils.py::TestFormatMessagesForSummary::test_custom_max_content_length PASSED [ 16%]
tests/test_core_utils.py::TestFormatMessagesForSummary::test_empty_list_returns_empty_string PASSED [ 16%]
tests/test_core_utils.py::TestFormatMessagesForSummary::test_missing_role_defaults_to_unknown PASSED [ 16%]
tests/test_core_utils.py::TestFormatMessagesForSummary::test_missing_content_defaults_to_empty PASSED [ 16%]
tests/test_core_utils.py::TestFormatMessagesForSummary::test_exactly_at_limit_not_truncated PASSED [ 16%]
tests/test_core_utils.py::TestSharedHttpClient::test_get_returns_singleton PASSED [ 16%]
tests/test_core_utils.py::TestSharedHttpClient::test_close_resets_singleton PASSED [ 16%]
tests/test_core_utils.py::TestSharedHttpClient::test_close_when_none_is_noop PASSED [ 16%]
tests/test_core_utils.py::TestSharedHttpClient::test_client_has_timeout_config PASSED [ 16%]
tests/test_core_utils.py::TestSharedHttpClient::test_close_aclose_called PASSED [ 16%]
tests/test_core_utils.py::TestRetryWithBackoff::test_first_attempt_success PASSED [ 16%]
tests/test_core_utils.py::TestRetryWithBackoff::test_retry_then_success PASSED [ 16%]
tests/test_core_utils.py::TestRetryWithBackoff::test_all_attempts_fail_raises PASSED [ 16%]
tests/test_core_utils.py::TestRetryWithBackoff::test_5xx_status_error_retries PASSED [ 16%]
tests/test_core_utils.py::TestRetryWithBackoff::test_4xx_status_error_no_retry PASSED [ 17%]
tests/test_core_utils.py::TestRetryWithBackoff::test_5xx_all_fail_raises PASSED [ 17%]
tests/test_core_utils.py::TestRetryWithBackoff::test_unexpected_exception_raises_immediately PASSED [ 17%]
tests/test_core_utils.py::TestRetryWithBackoff::test_read_timeout_retries PASSED [ 17%]
tests/test_core_utils.py::TestRetryWithBackoff::test_args_kwargs_passed_to_func PASSED [ 17%]
tests/test_core_utils.py::TestRetryWithBackoff::test_max_delay_caps_sleep PASSED [ 17%]
tests/test_cxfc_discovery.py::test_init_defaults PASSED                  [ 17%]
tests/test_cxfc_discovery.py::test_init_custom_params PASSED             [ 17%]
tests/test_cxfc_discovery.py::test_get_discovered_initially_empty PASSED [ 17%]
tests/test_cxfc_discovery.py::test_get_discovered_returns_set_value PASSED [ 17%]
tests/test_cxfc_discovery.py::test_stop_discovery_when_not_running_is_noop PASSED [ 17%]
tests/test_cxfc_discovery.py::test_stop_discovery_closes_sockets_and_clears_running PASSED [ 17%]
tests/test_cxfc_discovery.py::test_stop_discovery_cancels_task PASSED    [ 17%]
tests/test_cxfc_discovery.py::test_scan_network_returns_beacons PASSED   [ 17%]
tests/test_cxfc_discovery.py::test_scan_network_ignores_non_beacon PASSED [ 17%]
tests/test_cxfc_discovery.py::test_scan_network_stops_on_timeout PASSED  [ 17%]
tests/test_cxfc_discovery.py::test_scan_network_continues_on_parse_exception PASSED [ 17%]
tests/test_cxfc_discovery.py::test_start_discovery_idempotent_when_running PASSED [ 17%]
tests/test_cxfc_discovery.py::test_start_discovery_on_socket_error_stops_and_raises PASSED [ 17%]
tests/test_cxfc_discovery.py::test_broadcast_presence_without_socket_is_noop PASSED [ 17%]
tests/test_cxfc_discovery.py::test_scan_network_internal_without_socket_is_noop PASSED [ 17%]
tests/test_cxfc_discovery.py::test_broadcast_presence_sends_beacon PASSED [ 17%]
tests/test_cxfc_discovery.py::test_broadcast_presence_swallows_exception PASSED [ 17%]
tests/test_cxfc_manager.py::test_init_defaults PASSED                    [ 17%]
tests/test_cxfc_manager.py::test_set_tool_registry PASSED                [ 17%]
tests/test_cxfc_manager.py::test_set_ws_manager PASSED                   [ 17%]
tests/test_cxfc_manager.py::test_set_on_event_callback PASSED            [ 17%]
tests/test_cxfc_manager.py::test_check_alive_returns_true_on_200 PASSED  [ 17%]
tests/test_cxfc_manager.py::test_check_alive_returns_false_on_non_200 PASSED [ 17%]
tests/test_cxfc_manager.py::test_check_alive_returns_false_on_exception PASSED [ 17%]
tests/test_cxfc_manager.py::test_fetch_tools_returns_list_on_200 PASSED  [ 17%]
tests/test_cxfc_manager.py::test_fetch_tools_returns_empty_on_non_200 PASSED [ 17%]
tests/test_cxfc_manager.py::test_fetch_tools_returns_empty_on_exception PASSED [ 17%]
tests/test_cxfc_manager.py::test_fetch_skills_returns_list_on_200 PASSED [ 17%]
tests/test_cxfc_manager.py::test_fetch_skills_returns_empty_on_exception PASSED [ 17%]
tests/test_cxfc_manager.py::test_connect_to_plugin_not_alive_returns_none PASSED [ 17%]
tests/test_cxfc_manager.py::test_connect_to_plugin_success PASSED        [ 17%]
tests/test_cxfc_manager.py::test_connect_to_plugin_health_exception_uses_defaults PASSED [ 17%]
tests/test_cxfc_manager.py::test_register_plugin PASSED                  [ 17%]
tests/test_cxfc_manager.py::test_register_plugin_with_tool_registry PASSED [ 17%]
tests/test_cxfc_manager.py::test_register_plugin_tool_registry_exception_swallowed PASSED [ 17%]
tests/test_cxfc_manager.py::test_disconnect_plugin_nonexistent_is_noop PASSED [ 17%]
tests/test_cxfc_manager.py::test_disconnect_plugin_remove_persistent PASSED [ 17%]
tests/test_cxfc_manager.py::test_disconnect_plugin_keep_persistent PASSED [ 17%]
tests/test_cxfc_manager.py::test_disconnect_plugin_with_tool_registry PASSED [ 17%]
tests/test_cxfc_manager.py::test_call_tool_plugin_not_found PASSED       [ 17%]
tests/test_cxfc_manager.py::test_call_tool_plugin_disconnected PASSED    [ 17%]
tests/test_cxfc_manager.py::test_call_tool_success PASSED                [ 17%]
tests/test_cxfc_manager.py::test_call_tool_http_exception PASSED         [ 17%]
tests/test_cxfc_manager.py::test_update_heartbeat_plugin_not_found PASSED [ 18%]
tests/test_cxfc_manager.py::test_update_heartbeat_by_port PASSED         [ 18%]
tests/test_cxfc_manager.py::test_update_heartbeat_was_disconnected_reregisters PASSED [ 18%]
tests/test_cxfc_manager.py::test_update_heartbeat_connected_no_reregister PASSED [ 18%]
tests/test_cxfc_manager.py::test_push_event_broadcasts_via_ws_manager PASSED [ 18%]
tests/test_cxfc_manager.py::test_push_event_ws_exception_swallowed PASSED [ 18%]
tests/test_cxfc_manager.py::test_push_event_triggers_matched_skill PASSED [ 18%]
tests/test_cxfc_manager.py::test_push_event_no_callback_no_trigger PASSED [ 18%]
tests/test_cxfc_manager.py::test_push_event_callback_exception_swallowed PASSED [ 18%]
tests/test_cxfc_manager.py::test_refresh_plugin_not_found PASSED         [ 18%]
tests/test_cxfc_manager.py::test_refresh_plugin_disconnected PASSED      [ 18%]
tests/test_cxfc_manager.py::test_refresh_plugin_success PASSED           [ 18%]
tests/test_cxfc_manager.py::test_get_plugins_returns_list PASSED         [ 18%]
tests/test_cxfc_manager.py::test_get_plugins_empty PASSED                [ 18%]
tests/test_cxfc_manager.py::test_get_plugin_found PASSED                 [ 18%]
[...]
tests/test_websocket_manager.py::TestConnectionPool::test_disconnect_removes_from_channels PASSED [ 99%]
tests/test_websocket_manager.py::TestConnectionPool::test_send_to_client_sends_message PASSED [ 99%]
tests/test_websocket_manager.py::TestConnectionPool::test_send_to_client_nonexistent_no_error PASSED [ 99%]
tests/test_websocket_manager.py::TestConnectionPool::test_send_message_is_alias PASSED [ 99%]
tests/test_websocket_manager.py::TestBroadcast::test_broadcast_sends_to_all PASSED [ 99%]
tests/test_websocket_manager.py::TestBroadcast::test_broadcast_excludes_client PASSED [ 99%]
tests/test_websocket_manager.py::TestBroadcast::test_broadcast_no_connections_no_error PASSED [ 99%]
tests/test_websocket_manager.py::TestBroadcast::test_broadcast_cleans_up_disconnected PASSED [ 99%]
tests/test_websocket_manager.py::TestBroadcast::test_broadcast_to_channel_sends_to_subscribers PASSED [ 99%]
tests/test_websocket_manager.py::TestBroadcast::test_broadcast_to_channel_no_subscribers_no_error PASSED [ 99%]
tests/test_websocket_manager.py::TestBroadcast::test_broadcast_to_channel_cleans_disconnected PASSED [ 99%]
tests/test_websocket_manager.py::TestBroadcast::test_broadcast_external_event PASSED [ 99%]
tests/test_websocket_manager.py::TestChannelSubscription::test_subscribe_creates_channel_and_adds_client PASSED [ 99%]
tests/test_websocket_manager.py::TestChannelSubscription::test_subscribe_nonexistent_client_noop PASSED [ 99%]
tests/test_websocket_manager.py::TestChannelSubscription::test_subscribe_multiple_clients_same_channel PASSED [ 99%]
tests/test_websocket_manager.py::TestChannelSubscription::test_unsubscribe_removes_from_channel PASSED [ 99%]
tests/test_websocket_manager.py::TestChannelSubscription::test_unsubscribe_nonexistent_client_noop PASSED [ 99%]
tests/test_websocket_manager.py::TestChannelSubscription::test_remove_from_channel_deletes_empty_channel PASSED [ 99%]
tests/test_websocket_manager.py::TestChannelSubscription::test_remove_from_channel_keeps_nonempty_channel PASSED [ 99%]
tests/test_websocket_manager.py::TestHandlerRouting::test_register_handler_stores_callable PASSED [ 99%]
tests/test_websocket_manager.py::TestHandlerRouting::test_register_action_handler_stores_callable PASSED [ 99%]
tests/test_websocket_manager.py::TestHandlerRouting::test_get_handler_returns_registered PASSED [ 99%]
tests/test_websocket_manager.py::TestHandlerRouting::test_get_handler_unregistered_returns_none PASSED [ 99%]
tests/test_websocket_manager.py::TestHandlerRouting::test_handle_message_dispatches_to_handler PASSED [ 99%]
tests/test_websocket_manager.py::TestHandlerRouting::test_handle_message_unknown_type_sends_error PASSED [ 99%]
tests/test_websocket_manager.py::TestHandlerRouting::test_handle_message_handler_exception_sends_error PASSED [ 99%]
tests/test_websocket_manager.py::TestHandlerRouting::test_handle_message_missing_type_defaults_unknown PASSED [ 99%]
tests/test_websocket_manager.py::TestHandlerRouting::test_handle_action_message_dispatches PASSED [ 99%]
tests/test_websocket_manager.py::TestHandlerRouting::test_handle_action_message_unknown_action_sends_error PASSED [ 99%]
tests/test_websocket_manager.py::TestHandlerRouting::test_handle_action_message_missing_action_sends_error PASSED [ 99%]
tests/test_websocket_manager.py::TestTimeoutAndCleanup::test_set_agent_timeout_stores PASSED [ 99%]
tests/test_websocket_manager.py::TestTimeoutAndCleanup::test_set_offline_callback_stores PASSED [ 99%]
tests/test_websocket_manager.py::TestTimeoutAndCleanup::test_cleanup_inactive_disconnects_timed_out PASSED [ 99%]
tests/test_websocket_manager.py::TestTimeoutAndCleanup::test_cleanup_inactive_triggers_offline_callback PASSED [ 99%]
tests/test_websocket_manager.py::TestTimeoutAndCleanup::test_cleanup_inactive_keeps_active_connections PASSED [ 99%]
tests/test_websocket_manager.py::TestTimeoutAndCleanup::test_cleanup_inactive_default_timeout_1800s PASSED [ 99%]
tests/test_websocket_manager.py::TestTimeoutAndCleanup::test_cleanup_inactive_offline_callback_exception_handled PASSED [ 99%]
tests/test_websocket_manager.py::TestTimeoutAndCleanup::test_start_and_stop_cleanup_task PASSED [ 99%]
tests/test_websocket_manager.py::TestTimeoutAndCleanup::test_stop_cleanup_task_without_start_no_error PASSED [ 99%]
tests/test_websocket_manager.py::TestStats::test_increment_tts_count PASSED [ 99%]
tests/test_websocket_manager.py::TestStats::test_increment_asr_count PASSED [ 99%]
tests/test_websocket_manager.py::TestStats::test_increment_llm_count PASSED [ 99%]
tests/test_websocket_manager.py::TestStats::test_get_stats_empty PASSED  [ 99%]
tests/test_websocket_manager.py::TestStats::test_get_stats_with_connections_and_channels PASSED [ 99%]
tests/test_websocket_manager.py::TestGetWebsocketManager::test_returns_singleton PASSED [ 99%]
tests/test_websocket_manager.py::TestGetWebsocketManager::test_creates_instance_when_none PASSED [ 99%]
tests/test_websocket_manager.py::TestEdgeCases::test_connect_disconnect_broadcast_consistency PASSED [ 99%]
tests/test_websocket_manager.py::TestEdgeCases::test_track_background_task_prevents_gc PASSED [ 99%]
tests/test_websocket_manager.py::TestEdgeCases::test_channel_with_no_connections_in_broadcast PASSED [ 99%]
tests/test_websocket_manager.py::TestEdgeCases::test_subscribe_to_channel_idempotent PASSED [100%]

============================== warnings summary ===============================
..\..\Users\NBLLT666\AppData\Roaming\Python\Python314\site-packages\fastapi\testclient.py:1
  C:\Users\NBLLT666\AppData\Roaming\Python\Python314\site-packages\fastapi\testclient.py:1: StarletteDeprecationWarning: Using `httpx` with `starlette.testclient` is deprecated; install `httpx2` instead.
    from starlette.testclient import TestClient as TestClient  # noqa

server\api\routers\graph.py:158
  C:\CX-O\CX-O-SERVER\server\api\routers\graph.py:158: FastAPIDeprecationWarning: `regex` has been deprecated, please use `pattern` instead
    direction: str = Query(default="both", regex="^(outgoing|incoming|both)$"),

server\api\routers\graph.py:396
  C:\CX-O\CX-O-SERVER\server\api\routers\graph.py:396: FastAPIDeprecationWarning: `regex` has been deprecated, please use `pattern` instead
    method: str = Query(default="lpa", regex="^(lpa|louvain)$"),

server\api\routers\graph.py:409
  C:\CX-O\CX-O-SERVER\server\api\routers\graph.py:409: FastAPIDeprecationWarning: `regex` has been deprecated, please use `pattern` instead
    method: str = Query(default="lpa", regex="^(lpa|louvain)$"),

server\api\response.py:9
  C:\CX-O\CX-O-SERVER\server\api\response.py:9: PydanticDeprecatedSince20: Support for class-based `config` is deprecated, use ConfigDict instead. Deprecated in Pydantic V2.0 to be removed in V3.0. See Pydantic V2 Migration Guide at https://errors.pydantic.dev/2.13/migration/
    class APIResponse(BaseModel, Generic[T]):

server\core\cxfc\models.py:12
  C:\CX-O\CX-O-SERVER\server\core\cxfc\models.py:12: PydanticDeprecatedSince20: Support for class-based `config` is deprecated, use ConfigDict instead. Deprecated in Pydantic V2.0 to be removed in V3.0. See Pydantic V2 Migration Guide at https://errors.pydantic.dev/2.13/migration/
    class CXFCPluginInfo(BaseModel):

..\..\Users\NBLLT666\AppData\Roaming\Python\Python314\site-packages\pydantic\_internal\_generate_schema.py:325: 11 warnings
  C:\Users\NBLLT666\AppData\Roaming\Python\Python314\site-packages\pydantic\_internal\_generate_schema.py:325: PydanticDeprecatedSince20: `json_encoders` is deprecated. See https://docs.pydantic.dev/2.13/concepts/serialization/#custom-serializers for alternatives. Deprecated in Pydantic V2.0 to be removed in V3.0. See Pydantic V2 Migration Guide at https://errors.pydantic.dev/2.13/migration/
    warnings.warn(

server\core\cxfc\models.py:40
  C:\CX-O\CX-O-SERVER\server\core\cxfc\models.py:40: PydanticDeprecatedSince20: Support for class-based `config` is deprecated, use ConfigDict instead. Deprecated in Pydantic V2.0 to be removed in V3.0. See Pydantic V2 Migration Guide at https://errors.pydantic.dev/2.13/migration/
    class CXFCEvent(BaseModel):

server\core\plugins\models.py:41
  C:\CX-O\CX-O-SERVER\server\core\plugins\models.py:41: PydanticDeprecatedSince20: Support for class-based `config` is deprecated, use ConfigDict instead. Deprecated in Pydantic V2.0 to be removed in V3.0. See Pydantic V2 Migration Guide at https://errors.pydantic.dev/2.13/migration/
    class PluginMetadata(BaseModel):

server\core\plugins\models.py:69
  C:\CX-O\CX-O-SERVER\server\core\plugins\models.py:69: PydanticDeprecatedSince20: Support for class-based `config` is deprecated, use ConfigDict instead. Deprecated in Pydantic V2.0 to be removed in V3.0. See Pydantic V2 Migration Guide at https://errors.pydantic.dev/2.13/migration/
    class PluginHook(BaseModel):

server\core\plugins\models.py:81
  C:\CX-O\CX-O-SERVER\server\core\plugins\models.py:81: PydanticDeprecatedSince20: Support for class-based `config` is deprecated, use ConfigDict instead. Deprecated in Pydantic V2.0 to be removed in V3.0. See Pydantic V2 Migration Guide at https://errors.pydantic.dev/2.13/migration/
    class Plugin(BaseModel):

server\core\plugins\models.py:113
  C:\CX-O\CX-O-SERVER\server\core\plugins\models.py:113: PydanticDeprecatedSince20: Support for class-based `config` is deprecated, use ConfigDict instead. Deprecated in Pydantic V2.0 to be removed in V3.0. See Pydantic V2 Migration Guide at https://errors.pydantic.dev/2.13/migration/
    class PluginEvent(BaseModel):

server\core\session\models.py:17
  C:\CX-O\CX-O-SERVER\server\core\session\models.py:17: PydanticDeprecatedSince20: Support for class-based `config` is deprecated, use ConfigDict instead. Deprecated in Pydantic V2.0 to be removed in V3.0. See Pydantic V2 Migration Guide at https://errors.pydantic.dev/2.13/migration/
    class Session(BaseModel):

server\core\session\models.py:38
  C:\CX-O\CX-O-SERVER\server\core\session\models.py:38: PydanticDeprecatedSince20: Support for class-based `config` is deprecated, use ConfigDict instead. Deprecated in Pydantic V2.0 to be removed in V3.0. See Pydantic V2 Migration Guide at https://errors.pydantic.dev/2.13/migration/
    class SessionMessage(BaseModel):

tests/test_agent_interrupt_user.py::test_interrupt_user_sync_callback
tests/test_agent_interrupt_user.py::test_interrupt_user_async_callback
tests/test_agent_interrupt_user.py::test_interrupt_user_callback_exception_swallowed
  C:\CX-O\CX-O-SERVER\server\services\agent_interrupt_user.py:223: DeprecationWarning: 'asyncio.iscoroutinefunction' is deprecated and slated for removal in Python 3.16; use inspect.iscoroutinefunction() instead
    if asyncio.iscoroutinefunction(self._interrupt_user_callback):

tests/test_agent_interrupt_user.py::test_interrupt_user_start_tts_async
  C:\CX-O\CX-O-SERVER\server\services\agent_interrupt_user.py:234: DeprecationWarning: 'asyncio.iscoroutinefunction' is deprecated and slated for removal in Python 3.16; use inspect.iscoroutinefunction() instead
    if asyncio.iscoroutinefunction(self._start_tts_callback):

tests/test_asr_interrupt.py::test_trigger_interrupt_async_callback
tests/test_asr_interrupt.py::test_trigger_interrupt_sync_callback
tests/test_asr_interrupt.py::test_trigger_interrupt_callback_exception_swallowed
  C:\CX-O\CX-O-SERVER\server\services\asr_interrupt.py:222: DeprecationWarning: 'asyncio.iscoroutinefunction' is deprecated and slated for removal in Python 3.16; use inspect.iscoroutinefunction() instead
    if asyncio.iscoroutinefunction(self._interrupt_callback):

tests/test_cxfc_models.py::test_cxfc_plugin_info_json_encoders_datetime
  C:\CX-O\CX-O-SERVER\tests\test_cxfc_models.py:99: PydanticDeprecatedSince20: The `dict` method is deprecated; use `model_dump` instead. Deprecated in Pydantic V2.0 to be removed in V3.0. See Pydantic V2 Migration Guide at https://errors.pydantic.dev/2.13/migration/
    data = p.dict()

tests/test_cxfc_models.py::test_cxfc_plugin_info_json_encoders_datetime
  C:\CX-O\CX-O-SERVER\tests\test_cxfc_models.py:103: PydanticDeprecatedSince20: The `json` method is deprecated; use `model_dump_json` instead. Deprecated in Pydantic V2.0 to be removed in V3.0. See Pydantic V2 Migration Guide at https://errors.pydantic.dev/2.13/migration/
    raw = json.loads(p.json())

tests/test_cxfc_models.py::test_cxfc_event_with_data_and_timestamp
  C:\CX-O\CX-O-SERVER\tests\test_cxfc_models.py:153: PydanticDeprecatedSince20: The `json` method is deprecated; use `model_dump_json` instead. Deprecated in Pydantic V2.0 to be removed in V3.0. See Pydantic V2 Migration Guide at https://errors.pydantic.dev/2.13/migration/
    raw = json.loads(e.json())

tests/test_graph_migration.py::TestMigrationManager::test_migrate_from_neo4j_returns_error_on_exception
tests/test_graph_migration.py::TestMigrationManager::test_migrate_from_neo4j_returns_success
  C:\CX-O\CX-O-SERVER\server\core\graph\semantic_search.py:32: DeprecationWarning: 
  Python client v3 `weaviate.Client(...)` has been removed.
  
  Upgrade your code to use Python client v4 `weaviate.WeaviateClient` connections and methods.
      - For Python Client v4 usage, see: https://weaviate.io/developers/weaviate/client-libraries/python
      - For code migration, see: https://weaviate.io/developers/weaviate/client-libraries/python/v3_v4_migration
  
  If you have to use v3 code, install the v3 client and pin the v3 dependency in your requirements file: `weaviate-client>=3.26.7;<4.0.0`
    self._client = weaviate.Client(

tests/test_lifecycle.py::test_init_service_sync_factory_success
tests/test_lifecycle.py::test_init_service_async_factory_success
tests/test_lifecycle.py::test_init_service_factory_exception_returns_none
tests/test_lifecycle.py::test_init_service_passes_args_and_kwargs
tests/test_lifecycle.py::test_init_service_uses_custom_logger
tests/test_lifecycle.py::test_init_service_kwargs_none_treated_as_empty
  C:\CX-O\CX-O-SERVER\server\core\lifecycle.py:40: DeprecationWarning: 'asyncio.iscoroutinefunction' is deprecated and slated for removal in Python 3.16; use inspect.iscoroutinefunction() instead
    if asyncio.iscoroutinefunction(factory):

tests/test_lifecycle.py::test_shutdown_service_sync_fn
tests/test_lifecycle.py::test_shutdown_service_async_fn
tests/test_lifecycle.py::test_shutdown_service_exception_does_not_raise
tests/test_lifecycle.py::test_shutdown_service_async_exception_does_not_raise
tests/test_lifecycle.py::test_shutdown_service_passes_args_and_kwargs
tests/test_lifecycle.py::test_shutdown_service_uses_custom_logger
tests/test_lifecycle.py::test_shutdown_service_kwargs_none_treated_as_empty
  C:\CX-O\CX-O-SERVER\server\core\lifecycle.py:72: DeprecationWarning: 'asyncio.iscoroutinefunction' is deprecated and slated for removal in Python 3.16; use inspect.iscoroutinefunction() instead
    if asyncio.iscoroutinefunction(coro_or_fn):

tests/test_logging_config.py::TestStructuredLogFormatter::test_format_basic_fields
tests/test_logging_config.py::TestStructuredLogFormatter::test_format_with_exception
tests/test_logging_config.py::TestStructuredLogFormatter::test_format_includes_extra_fields
tests/test_logging_config.py::TestStructuredLogFormatter::test_format_excludes_standard_fields_from_extra
tests/test_logging_config.py::TestStructuredLogFormatter::test_format_extra_unserializable_falls_back_to_str
tests/test_logging_config.py::TestStructuredLogFormatter::test_format_no_extra_when_disabled
  C:\CX-O\CX-O-SERVER\server\core\logging_config.py:28: DeprecationWarning: datetime.datetime.utcnow() is deprecated and scheduled for removal in a future version. Use timezone-aware objects to represent datetimes in UTC: datetime.datetime.now(datetime.UTC).
    "timestamp": datetime.utcnow().isoformat() + "Z",

tests/test_plugins_manager.py::TestExecuteHooks::test_sync_handler_returns_pluginresult
tests/test_plugins_manager.py::TestExecuteHooks::test_sync_handler_returns_dict
tests/test_plugins_manager.py::TestExecuteHooks::test_async_handler
tests/test_plugins_manager.py::TestExecuteHooks::test_handler_exception_recorded
tests/test_plugins_manager.py::TestExecuteHooks::test_stop_on_modify_breaks_loop
tests/test_plugins_manager.py::TestExecuteHooks::test_handler_returns_arbitrary_data_wrapped
  C:\CX-O\CX-O-SERVER\server\core\plugins\manager.py:330: DeprecationWarning: 'asyncio.iscoroutinefunction' is deprecated and slated for removal in Python 3.16; use inspect.iscoroutinefunction() instead
    if asyncio.iscoroutinefunction(hook.handler):

tests/test_plugins_manager.py::TestEnableDisablePlugin::test_enable_with_instance_initialize
tests/test_plugins_manager.py::TestEnableDisablePlugin::test_disable_calls_shutdown
  C:\CX-O\CX-O-SERVER\server\core\plugins\manager.py:244: DeprecationWarning: 'asyncio.iscoroutinefunction' is deprecated and slated for removal in Python 3.16; use inspect.iscoroutinefunction() instead
    if asyncio.iscoroutinefunction(plugin.instance.initialize):

tests/test_plugins_manager.py::TestEnableDisablePlugin::test_disable_calls_shutdown
  C:\CX-O\CX-O-SERVER\server\core\plugins\manager.py:279: DeprecationWarning: 'asyncio.iscoroutinefunction' is deprecated and slated for removal in Python 3.16; use inspect.iscoroutinefunction() instead
    if asyncio.iscoroutinefunction(plugin.instance.shutdown):

tests/test_plugins_manager.py::TestUpdatePluginConfig::test_update_config_notifies_sync_on_config_change
tests/test_plugins_manager.py::TestUpdatePluginConfig::test_update_config_handles_exception_in_on_config_change
  C:\CX-O\CX-O-SERVER\server\core\plugins\manager.py:379: DeprecationWarning: 'asyncio.iscoroutinefunction' is deprecated and slated for removal in Python 3.16; use inspect.iscoroutinefunction() instead
    if asyncio.iscoroutinefunction(plugin.instance.on_config_change):

tests/test_plugins_models.py::TestPlugin::test_to_dict
tests/test_plugins_models.py::TestPlugin::test_to_dict_loaded_at_none
  C:\CX-O\CX-O-SERVER\server\core\plugins\models.py:104: PydanticDeprecatedSince20: The `dict` method is deprecated; use `model_dump` instead. Deprecated in Pydantic V2.0 to be removed in V3.0. See Pydantic V2 Migration Guide at https://errors.pydantic.dev/2.13/migration/
    "metadata": self.metadata.dict(),

tests/test_router_agents.py::TestUpdateAgentEndpoint::test_update_success
  C:\CX-O\CX-O-SERVER\server\api\routers\agents.py:256: PydanticDeprecatedSince20: The `dict` method is deprecated; use `model_dump` instead. Deprecated in Pydantic V2.0 to be removed in V3.0. See Pydantic V2 Migration Guide at https://errors.pydantic.dev/2.13/migration/
    update_data = request.dict(exclude_unset=True)

tests/test_tools_registry.py::TestToolRegistryCallToolSync::test_call_tool_sync_function
tests/test_tools_registry.py::TestToolRegistryCallToolSync::test_call_tool_async_function_in_sync_context
tests/test_tools_registry.py::TestToolRegistryCallToolSync::test_call_tool_type_error_returns_correct_usage
tests/test_tools_registry.py::TestToolRegistryCallToolSync::test_call_tool_generic_exception_returns_correct_usage
  C:\CX-O\CX-O-SERVER\server\core\tools\registry.py:208: DeprecationWarning: 'asyncio.iscoroutinefunction' is deprecated and slated for removal in Python 3.16; use inspect.iscoroutinefunction() instead
    if asyncio.iscoroutinefunction(tool.function):

tests/test_tools_registry.py::TestToolRegistryCallToolAsync::test_call_tool_async_function_awaited
tests/test_tools_registry.py::TestToolRegistryCallToolAsync::test_call_tool_async_sync_function
tests/test_tools_registry.py::TestToolRegistryCallToolAsync::test_call_tool_async_exception
  C:\CX-O\CX-O-SERVER\server\core\tools\registry.py:273: DeprecationWarning: 'asyncio.iscoroutinefunction' is deprecated and slated for removal in Python 3.16; use inspect.iscoroutinefunction() instead
    if asyncio.iscoroutinefunction(tool.function):

-- Docs: https://docs.pytest.org/en/stable/how-to/capture-warnings.html
==== 4896 passed, 4 skipped, 36 xfailed, 76 warnings in 119.32s (0:01:59) =====
