{"numTotalTestSuites":271,"numPassedTestSuites":269,"numFailedTestSuites":2,"numPendingTestSuites":0,"numTotalTests":663,"numPassedTests":662,"numFailedTests":1,"numPendingTests":0,"numTodoTests":0,"snapshot":{"added":0,"failure":false,"filesAdded":0,"filesRemoved":0,"filesRemovedList":[],"filesUnmatched":0,"filesUpdated":0,"matched":0,"total":0,"unchecked":0,"uncheckedKeysByFile":[],"unmatched":0,"updated":0,"didUpdate":false},"startTime":1787996580589,"success":false,"testResults":[{"assertionResults":[{"ancestorTitles":["config 配置读写"],"fullName":"config 配置读写 文件缺失（ENOENT）时读取返回 null，不抛异常","status":"passed","title":"文件缺失（ENOENT）时读取返回 null，不抛异常","duration":2.81269999999995,"failureMessages":[],"meta":{}},{"ancestorTitles":["config 配置读写"],"fullName":"config 配置读写 setConfig/getConfig 正常往返写入","status":"passed","title":"setConfig/getConfig 正常往返写入","duration":7.993800000000192,"failureMessages":[],"meta":{}},{"ancestorTitles":["config 配置读写"],"fullName":"config 配置读写 损坏 JSON 时读取容错返回默认空表（不再 rethrow），下次写入自动重建","status":"passed","title":"损坏 JSON 时读取容错返回默认空表（不再 rethrow），下次写入自动重建","duration":31.970800000000054,"failureMessages":[],"meta":{}},{"ancestorTitles":["config 配置读写"],"fullName":"config 配置读写 原子替换写入后不残留 .tmp 临时文件","status":"passed","title":"原子替换写入后不残留 .tmp 临时文件","duration":17.564200000000255,"failureMessages":[],"meta":{}}],"startTime":1787996595640,"endTime":1787996595701.5642,"status":"passed","message":"","name":"C:/CX-O/APP-Frontend/electron/config.test.ts"},{"assertionResults":[{"ancestorTitles":["isTrustedUrl"],"fullName":"isTrustedUrl file:// 来源信任（打包产物页面）","status":"passed","title":"file:// 来源信任（打包产物页面）","duration":2.604400000000169,"failureMessages":[],"meta":{}},{"ancestorTitles":["isTrustedUrl"],"fullName":"isTrustedUrl http://localhost:* 任意端口信任（dev server）","status":"passed","title":"http://localhost:* 任意端口信任（dev server）","duration":0.8897999999999229,"failureMessages":[],"meta":{}},{"ancestorTitles":["isTrustedUrl"],"fullName":"isTrustedUrl http://127.0.0.1:* 信任","status":"passed","title":"http://127.0.0.1:* 信任","duration":0.33809999999994034,"failureMessages":[],"meta":{}},{"ancestorTitles":["isTrustedUrl"],"fullName":"isTrustedUrl evil http 来源拒绝","status":"passed","title":"evil http 来源拒绝","duration":0.5400999999992564,"failureMessages":[],"meta":{}},{"ancestorTitles":["isTrustedUrl"],"fullName":"isTrustedUrl 私有 IP 及其它网段 http 拒绝","status":"passed","title":"私有 IP 及其它网段 http 拒绝","duration":0.6964000000007218,"failureMessages":[],"meta":{}},{"ancestorTitles":["isTrustedUrl"],"fullName":"isTrustedUrl 非法输入一律不可信","status":"passed","title":"非法输入一律不可信","duration":0.5850999999993292,"failureMessages":[],"meta":{}},{"ancestorTitles":["isTrustedSender（senderFrame 形态）"],"fullName":"isTrustedSender（senderFrame 形态） 正常 frame URL 判定透传","status":"passed","title":"正常 frame URL 判定透传","duration":0.7181999999993423,"failureMessages":[],"meta":{}},{"ancestorTitles":["isTrustedSender（senderFrame 形态）"],"fullName":"isTrustedSender（senderFrame 形态） senderFrame 为 null（页面销毁瞬间）一律不可信","status":"passed","title":"senderFrame 为 null（页面销毁瞬间）一律不可信","duration":0.3518999999996595,"failureMessages":[],"meta":{}},{"ancestorTitles":["isTrustedSender（senderFrame 形态）"],"fullName":"isTrustedSender（senderFrame 形态） senderFrame.url 为空串/undefined 不可信","status":"passed","title":"senderFrame.url 为空串/undefined 不可信","duration":0.5675000000001091,"failureMessages":[],"meta":{}},{"ancestorTitles":["isTrustedSender（senderFrame 形态）"],"fullName":"isTrustedSender（senderFrame 形态） frame 对象标记已销毁或 url getter 抛错 → 不可信","status":"passed","title":"frame 对象标记已销毁或 url getter 抛错 → 不可信","duration":0.7529000000004089,"failureMessages":[],"meta":{}},{"ancestorTitles":["isTrustedSender（senderFrame 形态）"],"fullName":"isTrustedSender（senderFrame 形态） 旧事件形态（无 senderFrame 字段）回退 sender?url","status":"passed","title":"旧事件形态（无 senderFrame 字段）回退 sender?url","duration":0.8203999999996086,"failureMessages":[],"meta":{}},{"ancestorTitles":["registerIpcHandler 守卫行为"],"fullName":"registerIpcHandler 守卫行为 可信来源放行业务 handler 并透传返回值","status":"passed","title":"可信来源放行业务 handler 并透传返回值","duration":2.842800000000352,"failureMessages":[],"meta":{}},{"ancestorTitles":["registerIpcHandler 守卫行为"],"fullName":"registerIpcHandler 守卫行为 不可信来源拒绝：业务 handler 不执行，返回 undefined 且不抛错","status":"passed","title":"不可信来源拒绝：业务 handler 不执行，返回 undefined 且不抛错","duration":1.8328000000001339,"failureMessages":[],"meta":{}},{"ancestorTitles":["registerIpcHandler 守卫行为"],"fullName":"registerIpcHandler 守卫行为 warning 日志对超长 URL 做截断","status":"passed","title":"warning 日志对超长 URL 做截断","duration":0.8945999999996275,"failureMessages":[],"meta":{}}],"startTime":1787996587399,"endTime":1787996587414.8945,"status":"passed","message":"","name":"C:/CX-O/APP-Frontend/electron/security.test.ts"},{"assertionResults":[{"ancestorTitles":["startup 启动配置"],"fullName":"startup 启动配置 isSupportedPlatform：仅 Windows 返回 true","status":"passed","title":"isSupportedPlatform：仅 Windows 返回 true","duration":3.113800000000083,"failureMessages":[],"meta":{}},{"ancestorTitles":["startup 启动配置"],"fullName":"startup 启动配置 isRunningAsAdmin：net session 成功判定为管理员，抛错则非管理员","status":"passed","title":"isRunningAsAdmin：net session 成功判定为管理员，抛错则非管理员","duration":1.3428000000003522,"failureMessages":[],"meta":{}},{"ancestorTitles":["startup 启动配置"],"fullName":"startup 启动配置 isRunningAsAdmin：非 Windows 恒为 false，且不调用 net","status":"passed","title":"isRunningAsAdmin：非 Windows 恒为 false，且不调用 net","duration":1.2757999999994354,"failureMessages":[],"meta":{}},{"ancestorTitles":["startup 启动配置"],"fullName":"startup 启动配置 getStartupSettings：配置缺失时返回默认关闭态","status":"passed","title":"getStartupSettings：配置缺失时返回默认关闭态","duration":0.9094000000004598,"failureMessages":[],"meta":{}},{"ancestorTitles":["startup 启动配置"],"fullName":"startup 启动配置 getStartupSettings：读取持久化的 auto_start 与 run_as_admin","status":"passed","title":"getStartupSettings：读取持久化的 auto_start 与 run_as_admin","duration":0.6257999999997992,"failureMessages":[],"meta":{}},{"ancestorTitles":["startup 启动配置"],"fullName":"startup 启动配置 setAutoStart：持久化并同步系统登录项","status":"passed","title":"setAutoStart：持久化并同步系统登录项","duration":4.065000000000509,"failureMessages":[],"meta":{}},{"ancestorTitles":["startup 启动配置"],"fullName":"startup 启动配置 setAutoStart：登录项更新失败时回滚持久化并返回 false","status":"passed","title":"setAutoStart：登录项更新失败时回滚持久化并返回 false","duration":14.685100000000602,"failureMessages":[],"meta":{}},{"ancestorTitles":["startup 启动配置"],"fullName":"startup 启动配置 setAutoStart：非 Windows 平台不写登录项","status":"passed","title":"setAutoStart：非 Windows 平台不写登录项","duration":0.7193999999999505,"failureMessages":[],"meta":{}},{"ancestorTitles":["startup 启动配置"],"fullName":"startup 启动配置 setRunAsAdmin：仅持久化 run_as_admin","status":"passed","title":"setRunAsAdmin：仅持久化 run_as_admin","duration":1.4952000000002954,"failureMessages":[],"meta":{}},{"ancestorTitles":["startup 启动配置"],"fullName":"startup 启动配置 applyStartupOnLaunch：run_as_admin=true 且未提权时请求提权 relaunch","status":"passed","title":"applyStartupOnLaunch：run_as_admin=true 且未提权时请求提权 relaunch","duration":3.9615999999996347,"failureMessages":[],"meta":{}},{"ancestorTitles":["startup 启动配置"],"fullName":"startup 启动配置 applyStartupOnLaunch：已提权时不重复请求","status":"passed","title":"applyStartupOnLaunch：已提权时不重复请求","duration":0.9695000000001528,"failureMessages":[],"meta":{}},{"ancestorTitles":["startup 启动配置"],"fullName":"startup 启动配置 applyStartupOnLaunch：run_as_admin 关闭时不触发提权","status":"passed","title":"applyStartupOnLaunch：run_as_admin 关闭时不触发提权","duration":0.6948000000002139,"failureMessages":[],"meta":{}},{"ancestorTitles":["startup 启动配置"],"fullName":"startup 启动配置 applyStartupOnLaunch：非 Windows 平台不触发提权","status":"passed","title":"applyStartupOnLaunch：非 Windows 平台不触发提权","duration":0.8220000000001164,"failureMessages":[],"meta":{}}],"startTime":1787996587451,"endTime":1787996587487.822,"status":"passed","message":"","name":"C:/CX-O/APP-Frontend/electron/startup.test.ts"},{"assertionResults":[{"ancestorTitles":["store 槽位名校验（防路径穿越）"],"fullName":"store 槽位名校验（防路径穿越） 合法名可正常保存与读取","status":"passed","title":"合法名可正常保存与读取","duration":10.535100000000057,"failureMessages":[],"meta":{}},{"ancestorTitles":["store 槽位名校验（防路径穿越）"],"fullName":"store 槽位名校验（防路径穿越） 保存使用 `../` 的槽位名被拒绝（抛错，不落盘）","status":"passed","title":"保存使用 `../` 的槽位名被拒绝（抛错，不落盘）","duration":1.9710999999997512,"failureMessages":[],"meta":{}},{"ancestorTitles":["store 槽位名校验（防路径穿越）"],"fullName":"store 槽位名校验（防路径穿越） 保存含路径分隔符的槽位名被拒绝","status":"passed","title":"保存含路径分隔符的槽位名被拒绝","duration":0.5729999999998654,"failureMessages":[],"meta":{}},{"ancestorTitles":["store 槽位名校验（防路径穿越）"],"fullName":"store 槽位名校验（防路径穿越） 加载非法槽位名返回默认 null，不读外部文件","status":"passed","title":"加载非法槽位名返回默认 null，不读外部文件","duration":4.470299999999952,"failureMessages":[],"meta":{}},{"ancestorTitles":["store 槽位名校验（防路径穿越）"],"fullName":"store 槽位名校验（防路径穿越） 加载不存在的槽位名返回 null（合法名缺失）","status":"passed","title":"加载不存在的槽位名返回 null（合法名缺失）","duration":0.9648000000001957,"failureMessages":[],"meta":{}}],"startTime":1787996595640,"endTime":1787996595658.9648,"status":"passed","message":"","name":"C:/CX-O/APP-Frontend/electron/store.test.ts"},{"assertionResults":[{"ancestorTitles":["App 连接检测门与路由骨架"],"fullName":"App 连接检测门与路由骨架 后端可达时渲染管理界面占位页","status":"passed","title":"后端可达时渲染管理界面占位页","duration":222.88860000000022,"failureMessages":[],"meta":{}},{"ancestorTitles":["App 连接检测门与路由骨架"],"fullName":"App 连接检测门与路由骨架 后端不可达时渲染连接设置页","status":"passed","title":"后端不可达时渲染连接设置页","duration":114.68840000000091,"failureMessages":[],"meta":{}},{"ancestorTitles":["App 连接检测门与路由骨架"],"fullName":"App 连接检测门与路由骨架 后端不可达但 #/pet 路由时仍渲染桌宠页（连接门不拦截）","status":"passed","title":"后端不可达但 #/pet 路由时仍渲染桌宠页（连接门不拦截）","duration":51.69499999999971,"failureMessages":[],"meta":{}},{"ancestorTitles":["App 连接检测门与路由骨架"],"fullName":"App 连接检测门与路由骨架 后端不可达但 #/danmaku 路由时仍渲染弹幕页（连接门不拦截）","status":"passed","title":"后端不可达但 #/danmaku 路由时仍渲染弹幕页（连接门不拦截）","duration":32.257599999999,"failureMessages":[],"meta":{}}],"startTime":1787996599989,"endTime":1787996600410.2576,"status":"passed","message":"","name":"C:/CX-O/APP-Frontend/src/App.test.tsx"},{"assertionResults":[{"ancestorTitles":["parseHeartRateMeasurement"],"fullName":"parseHeartRateMeasurement UINT8 格式解析（flags=0）","status":"passed","title":"UINT8 格式解析（flags=0）","duration":1.640100000000075,"failureMessages":[],"meta":{}},{"ancestorTitles":["parseHeartRateMeasurement"],"fullName":"parseHeartRateMeasurement UINT16 格式解析（flags=0x01，小端）","status":"passed","title":"UINT16 格式解析（flags=0x01，小端）","duration":0.3287000000000262,"failureMessages":[],"meta":{}},{"ancestorTitles":["parseHeartRateMeasurement"],"fullName":"parseHeartRateMeasurement 数据过短抛错","status":"passed","title":"数据过短抛错","duration":1.2946000000001732,"failureMessages":[],"meta":{}},{"ancestorTitles":["makeDeviceFingerprint"],"fullName":"makeDeviceFingerprint 确定性且区分 name+address 组合","status":"passed","title":"确定性且区分 name+address 组合","duration":1.2429000000001906,"failureMessages":[],"meta":{}},{"ancestorTitles":["BleHeartRateCollector"],"fullName":"BleHeartRateCollector 扫描：标记带 0x180D 的设备并返回列表，按 device_name_hint 过滤","status":"passed","title":"扫描：标记带 0x180D 的设备并返回列表，按 device_name_hint 过滤","duration":7.074099999999817,"failureMessages":[],"meta":{}},{"ancestorTitles":["BleHeartRateCollector"],"fullName":"BleHeartRateCollector 扫描中 connect 打断 → discover 监听器移除（无泄漏）","status":"passed","title":"扫描中 connect 打断 → discover 监听器移除（无泄漏）","duration":1.793800000000374,"failureMessages":[],"meta":{}},{"ancestorTitles":["BleHeartRateCollector"],"fullName":"BleHeartRateCollector 扫描中 disconnect 打断 → discover 监听器移除（无泄漏）","status":"passed","title":"扫描中 disconnect 打断 → discover 监听器移除（无泄漏）","duration":1.003700000000208,"failureMessages":[],"meta":{}},{"ancestorTitles":["BleHeartRateCollector"],"fullName":"BleHeartRateCollector 重复 扫描→连接 循环不累积 discover 监听器","status":"passed","title":"重复 扫描→连接 循环不累积 discover 监听器","duration":1.841399999999794,"failureMessages":[],"meta":{}},{"ancestorTitles":["BleHeartRateCollector"],"fullName":"BleHeartRateCollector 正常扫描收尾（推进定时器）同样移除 discover 监听器","status":"passed","title":"正常扫描收尾（推进定时器）同样移除 discover 监听器","duration":0.981499999999869,"failureMessages":[],"meta":{}},{"ancestorTitles":["BleHeartRateCollector"],"fullName":"BleHeartRateCollector 能力探测：扫不到 0x180D → 状态 unsupported","status":"passed","title":"能力探测：扫不到 0x180D → 状态 unsupported","duration":1.7973000000001775,"failureMessages":[],"meta":{}},{"ancestorTitles":["BleHeartRateCollector"],"fullName":"BleHeartRateCollector 连接：订阅 0x2A37 并把 HR 解析结果经 onHr 回传（无效样本丢弃）","status":"passed","title":"连接：订阅 0x2A37 并把 HR 解析结果经 onHr 回传（无效样本丢弃）","duration":1.6885999999999513,"failureMessages":[],"meta":{}},{"ancestorTitles":["BleHeartRateCollector"],"fullName":"BleHeartRateCollector 断线重连：disconnect 事件进入 reconnecting，间隔后自动重连成功","status":"passed","title":"断线重连：disconnect 事件进入 reconnecting，间隔后自动重连成功","duration":1.492200000000139,"failureMessages":[],"meta":{}},{"ancestorTitles":["BleHeartRateCollector"],"fullName":"BleHeartRateCollector 手动 disconnect 取消自动重连，不再续排","status":"passed","title":"手动 disconnect 取消自动重连，不再续排","duration":0.9468000000001666,"failureMessages":[],"meta":{}},{"ancestorTitles":["BleHeartRateCollector"],"fullName":"BleHeartRateCollector noble 加载失败 graceful 降级：状态 unavailable，API 不崩溃","status":"failed","title":"noble 加载失败 graceful 降级：状态 unavailable，API 不崩溃","duration":30.897500000000036,"failureMessages":["AssertionError: expected 'idle' to be 'unavailable' // Object.is equality\n    at C:\\CX-O\\APP-Frontend\\electron\\ble\\ble_collector.test.ts:385:42\n    at file:///C:/CX-O/APP-Frontend/node_modules/@vitest/runner/dist/index.js:146:14\n    at file:///C:/CX-O/APP-Frontend/node_modules/@vitest/runner/dist/index.js:533:11\n    at runWithTimeout (file:///C:/CX-O/APP-Frontend/node_modules/@vitest/runner/dist/index.js:39:7)\n    at runTest (file:///C:/CX-O/APP-Frontend/node_modules/@vitest/runner/dist/index.js:1056:17)\n    at runSuite (file:///C:/CX-O/APP-Frontend/node_modules/@vitest/runner/dist/index.js:1205:15)\n    at runSuite (file:///C:/CX-O/APP-Frontend/node_modules/@vitest/runner/dist/index.js:1205:15)\n    at runFiles (file:///C:/CX-O/APP-Frontend/node_modules/@vitest/runner/dist/index.js:1262:5)\n    at startTests (file:///C:/CX-O/APP-Frontend/node_modules/@vitest/runner/dist/index.js:1271:3)\n    at file:///C:/CX-O/APP-Frontend/node_modules/vitest/dist/chunks/runBaseTests.3qpJUEJM.js:126:11"],"meta":{}},{"ancestorTitles":["PhysioUploader"],"fullName":"PhysioUploader HR 上送 ≤1Hz 节流：窗口内丢弃，窗口外放行","status":"passed","title":"HR 上送 ≤1Hz 节流：窗口内丢弃，窗口外放行","duration":5.976900000000114,"failureMessages":[],"meta":{}},{"ancestorTitles":["PhysioUploader"],"fullName":"PhysioUploader 后端离线：丢弃当前样本不积压，不抛异常","status":"passed","title":"后端离线：丢弃当前样本不积压，不抛异常","duration":0.8029000000001361,"failureMessages":[],"meta":{}},{"ancestorTitles":["PhysioUploader"],"fullName":"PhysioUploader 系统静默周期上送：≥30s 间隔，载荷 {system_idle_sec, user_active}","status":"passed","title":"系统静默周期上送：≥30s 间隔，载荷 {system_idle_sec, user_active}","duration":1.6147000000000844,"failureMessages":[],"meta":{}}],"startTime":1787996597066,"endTime":1787996597129.6147,"status":"failed","message":"","name":"C:/CX-O/APP-Frontend/electron/ble/ble_collector.test.ts"},{"assertionResults":[{"ancestorTitles":["PhysioUploader 后端地址解析"],"fullName":"PhysioUploader 后端地址解析 reportHr 每轮上送经 resolver 取最新地址（不再沿用构造期快照）","status":"passed","title":"reportHr 每轮上送经 resolver 取最新地址（不再沿用构造期快照）","duration":9.163099999999758,"failureMessages":[],"meta":{}},{"ancestorTitles":["PhysioUploader 后端地址解析"],"fullName":"PhysioUploader 后端地址解析 reportState 同样跟随最新地址；resolver 返回空值时回落构造期快照","status":"passed","title":"reportState 同样跟随最新地址；resolver 返回空值时回落构造期快照","duration":1.2640999999998712,"failureMessages":[],"meta":{}},{"ancestorTitles":["PhysioUploader 后端地址解析"],"fullName":"PhysioUploader 后端地址解析 后端不可用时 reportHr 丢弃不抛异常（离线隔离语义保持）","status":"passed","title":"后端不可用时 reportHr 丢弃不抛异常（离线隔离语义保持）","duration":3.3307999999997264,"failureMessages":[],"meta":{}}],"startTime":1787996594936,"endTime":1787996594950.3308,"status":"passed","message":"","name":"C:/CX-O/APP-Frontend/electron/ble/uploader.test.ts"},{"assertionResults":[{"ancestorTitles":["CxfcClient"],"fullName":"CxfcClient 注册携带 token 与指纹，随后按周期发心跳","status":"passed","title":"注册携带 token 与指纹，随后按周期发心跳","duration":17.826999999999998,"failureMessages":[],"meta":{}},{"ancestorTitles":["CxfcClient"],"fullName":"CxfcClient 后端不可用时退避重连，恢复后注册成功","status":"passed","title":"后端不可用时退避重连，恢复后注册成功","duration":2.827600000000075,"failureMessages":[],"meta":{}},{"ancestorTitles":["CxfcClient"],"fullName":"CxfcClient 心跳返回 404 时重置为未注册以便重新注册","status":"passed","title":"心跳返回 404 时重置为未注册以便重新注册","duration":2.18730000000005,"failureMessages":[],"meta":{}},{"ancestorTitles":["CxfcClient"],"fullName":"CxfcClient 退出 stop 时调用 DELETE 注销","status":"passed","title":"退出 stop 时调用 DELETE 注销","duration":2.2559000000001106,"failureMessages":[],"meta":{}}],"startTime":1787996596668,"endTime":1787996596693.2559,"status":"passed","message":"","name":"C:/CX-O/APP-Frontend/electron/cxfc/client.test.ts"},{"assertionResults":[{"ancestorTitles":["parsePluginIdFromSource"],"fullName":"parsePluginIdFromSource 解析 plugin: 前缀","status":"passed","title":"解析 plugin: 前缀","duration":2.8895999999995183,"failureMessages":[],"meta":{}},{"ancestorTitles":["buildToolSchema"],"fullName":"buildToolSchema 映射 CXFC 工具 schema","status":"passed","title":"映射 CXFC 工具 schema","duration":1.770200000000841,"failureMessages":[],"meta":{}},{"ancestorTitles":["ToolRegistrarStore"],"fullName":"ToolRegistrarStore register/unregister/clear/listSchemas","status":"passed","title":"register/unregister/clear/listSchemas","duration":26.472000000000662,"failureMessages":[],"meta":{}},{"ancestorTitles":["handleRegistrarRoute（模拟 neko 主服务器 /api/tools/*）"],"fullName":"handleRegistrarRoute（模拟 neko 主服务器 /api/tools/*） register → get → clear","status":"passed","title":"register → get → clear","duration":4.593899999999849,"failureMessages":[],"meta":{}},{"ancestorTitles":["handleRegistrarRoute（模拟 neko 主服务器 /api/tools/*）"],"fullName":"handleRegistrarRoute（模拟 neko 主服务器 /api/tools/*） 非 POST 返回 400","status":"passed","title":"非 POST 返回 400","duration":0.4705999999996493,"failureMessages":[],"meta":{}},{"ancestorTitles":["executeNekoToolCall"],"fullName":"executeNekoToolCall 把工具调用转发到插件服务器并映射结果","status":"passed","title":"把工具调用转发到插件服务器并映射结果","duration":14.956100000000333,"failureMessages":[],"meta":{}},{"ancestorTitles":["executeNekoToolCall"],"fullName":"executeNekoToolCall is_error 映射为失败","status":"passed","title":"is_error 映射为失败","duration":1.0892999999996391,"failureMessages":[],"meta":{}},{"ancestorTitles":["executeNekoToolCall"],"fullName":"executeNekoToolCall 未知工具 / 缺插件端口 → 失败","status":"passed","title":"未知工具 / 缺插件端口 → 失败","duration":0.31190000000060536,"failureMessages":[],"meta":{}},{"ancestorTitles":["executeNekoToolCall"],"fullName":"executeNekoToolCall M-G：转发请求携带 abort signal（超时上限 NEKO_FORWARD_TIMEOUT_MS）","status":"passed","title":"M-G：转发请求携带 abort signal（超时上限 NEKO_FORWARD_TIMEOUT_MS）","duration":1.1953999999996086,"failureMessages":[],"meta":{}},{"ancestorTitles":["executeNekoToolCall"],"fullName":"executeNekoToolCall M-G：超时中止映射为 PLUGIN_OFFLINE（语义与邻近网络错误一致，message 标明超时）","status":"passed","title":"M-G：超时中止映射为 PLUGIN_OFFLINE（语义与邻近网络错误一致，message 标明超时）","duration":0.7608000000000175,"failureMessages":[],"meta":{}},{"ancestorTitles":["executeNekoToolCall"],"fullName":"executeNekoToolCall M-G：网络拒绝（非超时）仍映射为 PLUGIN_OFFLINE","status":"passed","title":"M-G：网络拒绝（非超时）仍映射为 PLUGIN_OFFLINE","duration":0.9025000000001455,"failureMessages":[],"meta":{}}],"startTime":1787996587445,"endTime":1787996587501.9026,"status":"passed","message":"","name":"C:/CX-O/APP-Frontend/electron/neko/toolBridgeCore.test.ts"},{"assertionResults":[{"ancestorTitles":["httpToWsUrl"],"fullName":"httpToWsUrl http → ws，并去除末尾斜杠","status":"passed","title":"http → ws，并去除末尾斜杠","duration":539.4895999999999,"failureMessages":[],"meta":{}},{"ancestorTitles":["httpToWsUrl"],"fullName":"httpToWsUrl https → wss","status":"passed","title":"https → wss","duration":531.6480000000001,"failureMessages":[],"meta":{}},{"ancestorTitles":["httpToWsUrl"],"fullName":"httpToWsUrl 保留路径段，且不被路径中的 http 子串干扰","status":"passed","title":"保留路径段，且不被路径中的 http 子串干扰","duration":21.27009999999973,"failureMessages":[],"meta":{}},{"ancestorTitles":["httpToWsUrl"],"fullName":"httpToWsUrl 非法 URL 走朴素替换兜底（仅替换 http 前缀，https 残留 s 与参考实现口径一致）","status":"passed","title":"非法 URL 走朴素替换兜底（仅替换 http 前缀，https 残留 s 与参考实现口径一致）","duration":19.478500000000167,"failureMessages":[],"meta":{}},{"ancestorTitles":["getApiBaseUrl 优先级"],"fullName":"getApiBaseUrl 优先级 无缓存无存储时返回默认值","status":"passed","title":"无缓存无存储时返回默认值","duration":15.430900000000292,"failureMessages":[],"meta":{}},{"ancestorTitles":["getApiBaseUrl 优先级"],"fullName":"getApiBaseUrl 优先级 localStorage 值优先于默认值","status":"passed","title":"localStorage 值优先于默认值","duration":539.4173000000001,"failureMessages":[],"meta":{}},{"ancestorTitles":["getApiBaseUrl 优先级"],"fullName":"getApiBaseUrl 优先级 setBackendUrl 写入的缓存优先于 localStorage","status":"passed","title":"setBackendUrl 写入的缓存优先于 localStorage","duration":22.589099999999235,"failureMessages":[],"meta":{}},{"ancestorTitles":["getWsBaseUrl 优先级与推导"],"fullName":"getWsBaseUrl 优先级与推导 无任何显式 WS 配置时由 HTTP 地址推导","status":"passed","title":"无任何显式 WS 配置时由 HTTP 地址推导","duration":29.189300000000003,"failureMessages":[],"meta":{}},{"ancestorTitles":["getWsBaseUrl 优先级与推导"],"fullName":"getWsBaseUrl 优先级与推导 localStorage 显式 WS 地址优先于推导","status":"passed","title":"localStorage 显式 WS 地址优先于推导","duration":202.64390000000003,"failureMessages":[],"meta":{}},{"ancestorTitles":["getWsBaseUrl 优先级与推导"],"fullName":"getWsBaseUrl 优先级与推导 setWsUrl 运行时覆盖并持久化","status":"passed","title":"setWsUrl 运行时覆盖并持久化","duration":20.754100000000108,"failureMessages":[],"meta":{}},{"ancestorTitles":["setBackendUrl 的 Electron 持久化"],"fullName":"setBackendUrl 的 Electron 持久化 Electron 环境下同步调用 IPC setBackendUrl","status":"passed","title":"Electron 环境下同步调用 IPC setBackendUrl","duration":25.407900000000154,"failureMessages":[],"meta":{}},{"ancestorTitles":["setBackendUrl 的 Electron 持久化"],"fullName":"setBackendUrl 的 Electron 持久化 浏览器环境下不触碰 electronAPI","status":"passed","title":"浏览器环境下不触碰 electronAPI","duration":29.863099999999577,"failureMessages":[],"meta":{}},{"ancestorTitles":["initBackendUrl 启动解析"],"fullName":"initBackendUrl 启动解析 浏览器模式：localStorage > env > 默认","status":"passed","title":"浏览器模式：localStorage > env > 默认","duration":19.688000000000102,"failureMessages":[],"meta":{}},{"ancestorTitles":["initBackendUrl 启动解析"],"fullName":"initBackendUrl 启动解析 Electron 模式：IPC 返回地址优先，写缓存与 localStorage，https 推导 wss","status":"passed","title":"Electron 模式：IPC 返回地址优先，写缓存与 localStorage，https 推导 wss","duration":215.15629999999965,"failureMessages":[],"meta":{}},{"ancestorTitles":["initBackendUrl 启动解析"],"fullName":"initBackendUrl 启动解析 Electron 模式：IPC 抛错时回退常规链","status":"passed","title":"Electron 模式：IPC 抛错时回退常规链","duration":24.57759999999962,"failureMessages":[],"meta":{}},{"ancestorTitles":["shouldRetry 重试方法白名单"],"fullName":"shouldRetry 重试方法白名单 GET/HEAD 网络错误与 408/429/5xx 触发重试，其余 4xx 不重试","status":"passed","title":"GET/HEAD 网络错误与 408/429/5xx 触发重试，其余 4xx 不重试","duration":19.38709999999992,"failureMessages":[],"meta":{}},{"ancestorTitles":["shouldRetry 重试方法白名单"],"fullName":"shouldRetry 重试方法白名单 POST 等非幂等方法不自动重试（网络错误也不重试，避免重复投递）","status":"passed","title":"POST 等非幂等方法不自动重试（网络错误也不重试，避免重复投递）","duration":14.21349999999984,"failureMessages":[],"meta":{}},{"ancestorTitles":["shouldRetry 重试方法白名单"],"fullName":"shouldRetry 重试方法白名单 retryable===true 显式声明后非幂等方法可重试","status":"passed","title":"retryable===true 显式声明后非幂等方法可重试","duration":10.196399999999812,"failureMessages":[],"meta":{}},{"ancestorTitles":["shouldRetry 重试方法白名单"],"fullName":"shouldRetry 重试方法白名单 无 config 时不可判定方法 → 不重试","status":"passed","title":"无 config 时不可判定方法 → 不重试","duration":22.6242000000002,"failureMessages":[],"meta":{}}],"startTime":1787996587415,"endTime":1787996589740.6243,"status":"passed","message":"","name":"C:/CX-O/APP-Frontend/src/api/base.test.ts"},{"assertionResults":[{"ancestorTitles":["applyAvatarTags 分发"],"fullName":"applyAvatarTags 分发 emotion → setEmotion(emotion, 1.0)","status":"passed","title":"emotion → setEmotion(emotion, 1.0)","duration":9.095100000000002,"failureMessages":[],"meta":{}},{"ancestorTitles":["applyAvatarTags 分发"],"fullName":"applyAvatarTags 分发 blend → setBlendShapes 单条目数组","status":"passed","title":"blend → setBlendShapes 单条目数组","duration":3.024699999999939,"failureMessages":[],"meta":{}},{"ancestorTitles":["applyAvatarTags 分发"],"fullName":"applyAvatarTags 分发 多个 blend 标签聚合为一次 setBlendShapes(batch)","status":"passed","title":"多个 blend 标签聚合为一次 setBlendShapes(batch)","duration":2.1138999999998305,"failureMessages":[],"meta":{}},{"ancestorTitles":["applyAvatarTags 分发"],"fullName":"applyAvatarTags 分发 bone → setBoneRotations 透传旋转与速度","status":"passed","title":"bone → setBoneRotations 透传旋转与速度","duration":1.7791999999999462,"failureMessages":[],"meta":{}},{"ancestorTitles":["applyAvatarTags 分发"],"fullName":"applyAvatarTags 分发 pose → holdPose(durationMs)；release → releasePose()","status":"passed","title":"pose → holdPose(durationMs)；release → releasePose()","duration":1.5050999999998567,"failureMessages":[],"meta":{}},{"ancestorTitles":["applyAvatarTags 分发"],"fullName":"applyAvatarTags 分发 wind → setWind 整体透传","status":"passed","title":"wind → setWind 整体透传","duration":1.5196000000000822,"failureMessages":[],"meta":{}},{"ancestorTitles":["applyAvatarTags 分发"],"fullName":"applyAvatarTags 分发 多标签按序依次下发","status":"passed","title":"多标签按序依次下发","duration":1.5347000000001572,"failureMessages":[],"meta":{}},{"ancestorTitles":["sleep 标签"],"fullName":"sleep 标签 仅日志留痕，不触碰任何驱动方法","status":"passed","title":"仅日志留痕，不触碰任何驱动方法","duration":3.7829000000001543,"failureMessages":[],"meta":{}},{"ancestorTitles":["空标签列表"],"fullName":"空标签列表 不产生任何驱动调用","status":"passed","title":"不产生任何驱动调用","duration":3.274800000000141,"failureMessages":[],"meta":{}}],"startTime":1787996591461,"endTime":1787996591489.275,"status":"passed","message":"","name":"C:/CX-O/APP-Frontend/src/avatar/applyTags.test.ts"},{"assertionResults":[{"ancestorTitles":["createLabelTimeline"],"fullName":"createLabelTimeline cleanText 为去掉标签后的纯文本","status":"passed","title":"cleanText 为去掉标签后的纯文本","duration":3.7645000000002256,"failureMessages":[],"meta":{}},{"ancestorTitles":["createLabelTimeline"],"fullName":"createLabelTimeline 按 rawText 偏移触发标签（happy=2, wave=19）","status":"passed","title":"按 rawText 偏移触发标签（happy=2, wave=19）","duration":5.361100000000079,"failureMessages":[],"meta":{}},{"ancestorTitles":["createLabelTimeline"],"fullName":"createLabelTimeline advanceTo 对已触发标签去重，重复调用不返回","status":"passed","title":"advanceTo 对已触发标签去重，重复调用不返回","duration":1.2752000000000407,"failureMessages":[],"meta":{}},{"ancestorTitles":["createLabelTimeline"],"fullName":"createLabelTimeline 标签开头无文本时触发点偏移为 0","status":"passed","title":"标签开头无文本时触发点偏移为 0","duration":1.0467000000003281,"failureMessages":[],"meta":{}},{"ancestorTitles":["createLabelTimeline"],"fullName":"createLabelTimeline getRemaining 返回仍未触发的标签","status":"passed","title":"getRemaining 返回仍未触发的标签","duration":0.9752000000003136,"failureMessages":[],"meta":{}},{"ancestorTitles":["createLabelTimeline"],"fullName":"createLabelTimeline reset 清空触发集后重新可触发全部标签","status":"passed","title":"reset 清空触发集后重新可触发全部标签","duration":1.310699999999997,"failureMessages":[],"meta":{}},{"ancestorTitles":["createLabelTimeline"],"fullName":"createLabelTimeline 相邻标签顺序与偏移正确","status":"passed","title":"相邻标签顺序与偏移正确","duration":0.8984999999997854,"failureMessages":[],"meta":{}},{"ancestorTitles":["createLabelTimeline"],"fullName":"createLabelTimeline 非法标签按原文保留为文本，不产生触发点","status":"passed","title":"非法标签按原文保留为文本，不产生触发点","duration":0.5567999999998392,"failureMessages":[],"meta":{}}],"startTime":1787996592221,"endTime":1787996592236.557,"status":"passed","message":"","name":"C:/CX-O/APP-Frontend/src/avatar/labelTimeline.test.ts"},{"assertionResults":[{"ancestorTitles":["emotion 标签"],"fullName":"emotion 标签 解析受支持的情绪并小写归一","status":"passed","title":"解析受支持的情绪并小写归一","duration":4.276799999999639,"failureMessages":[],"meta":{}},{"ancestorTitles":["emotion 标签"],"fullName":"emotion 标签 不受支持的情绪回退为文本","status":"passed","title":"不受支持的情绪回退为文本","duration":0.9214999999994689,"failureMessages":[],"meta":{}},{"ancestorTitles":["blend 标签"],"fullName":"blend 标签 缺省权重为 1.0","status":"passed","title":"缺省权重为 1.0","duration":0.6259000000000015,"failureMessages":[],"meta":{}},{"ancestorTitles":["blend 标签"],"fullName":"blend 标签 权重钳制到 [0, 1]","status":"passed","title":"权重钳制到 [0, 1]","duration":1.5147999999999229,"failureMessages":[],"meta":{}},{"ancestorTitles":["blend 标签"],"fullName":"blend 标签 权重非数字时回退为文本","status":"passed","title":"权重非数字时回退为文本","duration":0.5524000000004889,"failureMessages":[],"meta":{}},{"ancestorTitles":["bone 标签"],"fullName":"bone 标签 解析骨骼旋转与缺省速度 1.0","status":"passed","title":"解析骨骼旋转与缺省速度 1.0","duration":1.0138000000006286,"failureMessages":[],"meta":{}},{"ancestorTitles":["bone 标签"],"fullName":"bone 标签 旋转钳制到 [-PI, PI]，速度钳制到 [0.1, 5.0]","status":"passed","title":"旋转钳制到 [-PI, PI]，速度钳制到 [0.1, 5.0]","duration":0.5751000000000204,"failureMessages":[],"meta":{}},{"ancestorTitles":["bone 标签"],"fullName":"bone 标签 参数不足或非数字时回退为文本","status":"passed","title":"参数不足或非数字时回退为文本","duration":0.6958000000004176,"failureMessages":[],"meta":{}},{"ancestorTitles":["pose / release 标签"],"fullName":"pose / release 标签 pose 缺省 3000ms，可显式指定，钳制到 [0, 30000]","status":"passed","title":"pose 缺省 3000ms，可显式指定，钳制到 [0, 30000]","duration":1.4068000000006577,"failureMessages":[],"meta":{}},{"ancestorTitles":["pose / release 标签"],"fullName":"pose / release 标签 release 无参数","status":"passed","title":"release 无参数","duration":0.6791000000002896,"failureMessages":[],"meta":{}},{"ancestorTitles":["wind 标签"],"fullName":"wind 标签 解析方向/强度与阵风缺省值","status":"passed","title":"解析方向/强度与阵风缺省值","duration":0.38330000000041764,"failureMessages":[],"meta":{}},{"ancestorTitles":["wind 标签"],"fullName":"wind 标签 阵风时长支持数字与区间字符串两种形态","status":"passed","title":"阵风时长支持数字与区间字符串两种形态","duration":0.7386999999998807,"failureMessages":[],"meta":{}},{"ancestorTitles":["wind 标签"],"fullName":"wind 标签 方向/强度/阵风钳制；非法阵风时长回退为文本","status":"passed","title":"方向/强度/阵风钳制；非法阵风时长回退为文本","duration":2.4142000000001644,"failureMessages":[],"meta":{}},{"ancestorTitles":["sleep 标签"],"fullName":"sleep 标签 时长钳制到 [100, 5000]","status":"passed","title":"时长钳制到 [100, 5000]","duration":1.386700000000019,"failureMessages":[],"meta":{}},{"ancestorTitles":["action 标签"],"fullName":"action 标签 解析动作名并小写归一，cleanText 剥离合法标签","status":"passed","title":"解析动作名并小写归一，cleanText 剥离合法标签","duration":0.7386999999998807,"failureMessages":[],"meta":{}},{"ancestorTitles":["action 标签"],"fullName":"action 标签 动作名大小写归一为小写","status":"passed","title":"动作名大小写归一为小写","duration":0.5938000000005559,"failureMessages":[],"meta":{}},{"ancestorTitles":["action 标签"],"fullName":"action 标签 空参数 [action:] 不解析，保留为文本","status":"passed","title":"空参数 [action:] 不解析，保留为文本","duration":0.39430000000083965,"failureMessages":[],"meta":{}},{"ancestorTitles":["混合文本解析"],"fullName":"混合文本解析 segments 保序、cleanText 剥离合法标签、非法标签原文保留","status":"passed","title":"segments 保序、cleanText 剥离合法标签、非法标签原文保留","duration":0.8747999999995955,"failureMessages":[],"meta":{}},{"ancestorTitles":["混合文本解析"],"fullName":"混合文本解析 stripAvatarTags 等价于 cleanText","status":"passed","title":"stripAvatarTags 等价于 cleanText","duration":0.5527000000001863,"failureMessages":[],"meta":{}},{"ancestorTitles":["混合文本解析"],"fullName":"混合文本解析 纯文本无标签时 segments 仅一个 text 段","status":"passed","title":"纯文本无标签时 segments 仅一个 text 段","duration":0.7640000000001237,"failureMessages":[],"meta":{}},{"ancestorTitles":["getSupportedEmotions"],"fullName":"getSupportedEmotions 返回排序后的情绪清单且包含核心情绪","status":"passed","title":"返回排序后的情绪清单且包含核心情绪","duration":1.8173999999999069,"failureMessages":[],"meta":{}}],"startTime":1787996587389,"endTime":1787996587414.8174,"status":"passed","message":"","name":"C:/CX-O/APP-Frontend/src/avatar/tagParser.test.ts"},{"assertionResults":[{"ancestorTitles":["ErrorBoundary"],"fullName":"ErrorBoundary 子组件正常时直接渲染","status":"passed","title":"子组件正常时直接渲染","duration":34.15509999999995,"failureMessages":[],"meta":{}},{"ancestorTitles":["ErrorBoundary"],"fullName":"ErrorBoundary 子组件抛错时显示兜底 UI 与刷新按钮，并记录错误","status":"passed","title":"子组件抛错时显示兜底 UI 与刷新按钮，并记录错误","duration":105.55789999999979,"failureMessages":[],"meta":{}}],"startTime":1787996598274,"endTime":1787996598414.5579,"status":"passed","message":"","name":"C:/CX-O/APP-Frontend/src/components/ErrorBoundary.test.tsx"},{"assertionResults":[{"ancestorTitles":["useAudioAnalyzer 分析循环（analyser 异步就绪时 RAF 探测重试）"],"fullName":"useAudioAnalyzer 分析循环（analyser 异步就绪时 RAF 探测重试） analyser 未就绪时不中止分析：就绪后由 RAF 轮询启动","status":"passed","title":"analyser 未就绪时不中止分析：就绪后由 RAF 轮询启动","duration":114.25120000000015,"failureMessages":[],"meta":{}},{"ancestorTitles":["useAudioAnalyzer 分析循环（analyser 异步就绪时 RAF 探测重试）"],"fullName":"useAudioAnalyzer 分析循环（analyser 异步就绪时 RAF 探测重试） 音频条件不满足时输出归零且不启动分析","status":"passed","title":"音频条件不满足时输出归零且不启动分析","duration":70.63180000000011,"failureMessages":[],"meta":{}}],"startTime":1787996593457,"endTime":1787996593642.6318,"status":"passed","message":"","name":"C:/CX-O/APP-Frontend/src/hooks/useAudioAnalyzer.test.ts"},{"assertionResults":[{"ancestorTitles":["useLiveWebSocket sessionId 变更重连（M3）"],"fullName":"useLiveWebSocket sessionId 变更重连（M3） sessionId 变更时重建连接且新 URL 携带新 session_id","status":"passed","title":"sessionId 变更时重建连接且新 URL 携带新 session_id","duration":188.46720000000005,"failureMessages":[],"meta":{}},{"ancestorTitles":["useLiveWebSocket sessionId 变更重连（M3）"],"fullName":"useLiveWebSocket sessionId 变更重连（M3） sessionId 未变化时不触发重连","status":"passed","title":"sessionId 未变化时不触发重连","duration":165.42339999999967,"failureMessages":[],"meta":{}},{"ancestorTitles":["useLiveWebSocket interrupt 消息路由（D5）"],"fullName":"useLiveWebSocket interrupt 消息路由（D5） 收到 type=interrupt 时触发 onInterrupt 并透传 data","status":"passed","title":"收到 type=interrupt 时触发 onInterrupt 并透传 data","duration":83.15970000000016,"failureMessages":[],"meta":{}},{"ancestorTitles":["useLiveWebSocket interrupt 消息路由（D5）"],"fullName":"useLiveWebSocket interrupt 消息路由（D5） interrupt 消息缺 data 时不触发回调（与 tts_end 同口径防误触）","status":"passed","title":"interrupt 消息缺 data 时不触发回调（与 tts_end 同口径防误触）","duration":87.91359999999986,"failureMessages":[],"meta":{}}],"startTime":1787996593172,"endTime":1787996593697.9136,"status":"passed","message":"","name":"C:/CX-O/APP-Frontend/src/hooks/useLiveWebSocket.test.ts"},{"assertionResults":[{"ancestorTitles":["parseMeetingStateEvent"],"fullName":"parseMeetingStateEvent 归一化合法 meeting_state 广播载荷（含 audience/recent_messages 三态）","status":"passed","title":"归一化合法 meeting_state 广播载荷（含 audience/recent_messages 三态）","duration":5.714300000000094,"failureMessages":[],"meta":{}},{"ancestorTitles":["parseMeetingStateEvent"],"fullName":"parseMeetingStateEvent 非法/缺 room_id 载荷返回 null","status":"passed","title":"非法/缺 room_id 载荷返回 null","duration":0.9841000000001259,"failureMessages":[],"meta":{}},{"ancestorTitles":["parseMeetingStateEvent"],"fullName":"parseMeetingStateEvent 缺省字段补默认、非法 state 回退 idle","status":"passed","title":"缺省字段补默认、非法 state 回退 idle","duration":2.2773000000001957,"failureMessages":[],"meta":{}}],"startTime":1787996596125,"endTime":1787996596134.2773,"status":"passed","message":"","name":"C:/CX-O/APP-Frontend/src/hooks/useMeetingWebSocket.test.ts"},{"assertionResults":[{"ancestorTitles":["useMicAsrUplink startCapture 护栏"],"fullName":"useMicAsrUplink startCapture 护栏 授权弹窗期间卸载：resolve 后停止轨道且不建管线、不激活、不报错","status":"passed","title":"授权弹窗期间卸载：resolve 后停止轨道且不建管线、不激活、不报错","duration":34.44279999999981,"failureMessages":[],"meta":{}},{"ancestorTitles":["useMicAsrUplink startCapture 护栏"],"fullName":"useMicAsrUplink startCapture 护栏 授权弹窗期间关闭开关：resolve 后停止轨道且不建管线、不激活","status":"passed","title":"授权弹窗期间关闭开关：resolve 后停止轨道且不建管线、不激活","duration":11.675000000000182,"failureMessages":[],"meta":{}},{"ancestorTitles":["useMicAsrUplink startCapture 护栏"],"fullName":"useMicAsrUplink startCapture 护栏 正常授权：resolve 后建立管线并激活","status":"passed","title":"正常授权：resolve 后建立管线并激活","duration":76.23820000000069,"failureMessages":[],"meta":{}},{"ancestorTitles":["useMicAsrUplink startCapture 并发竞态（H13）"],"fullName":"useMicAsrUplink startCapture 并发竞态（H13） 授权等待窗口内二次启动：首个迟到 MediaStream 停轨丢弃，最终仅一份上行管线激活","status":"passed","title":"授权等待窗口内二次启动：首个迟到 MediaStream 停轨丢弃，最终仅一份上行管线激活","duration":63.375,"failureMessages":[],"meta":{}}],"startTime":1787996589148,"endTime":1787996589334.375,"status":"passed","message":"","name":"C:/CX-O/APP-Frontend/src/hooks/useMicAsrUplink.test.ts"},{"assertionResults":[{"ancestorTitles":["createVisionPipeline 总闸"],"fullName":"createVisionPipeline 总闸 enabled=false：不采样、不上传、无待传","status":"passed","title":"enabled=false：不采样、不上传、无待传","duration":8.947499999999309,"failureMessages":[],"meta":{}},{"ancestorTitles":["createVisionPipeline 调用链 build→encode→upload"],"fullName":"createVisionPipeline 调用链 build→encode→upload 突变命中 → build → encode → upload 一次，参数含 eventType/ts/source","status":"passed","title":"突变命中 → build → encode → upload 一次，参数含 eventType/ts/source","duration":8.626400000000103,"failureMessages":[],"meta":{}},{"ancestorTitles":["createVisionPipeline 调用链 build→encode→upload"],"fullName":"createVisionPipeline 调用链 build→encode→upload encodeAndUpload=false：仅记录待传，不调用 upload","status":"passed","title":"encodeAndUpload=false：仅记录待传，不调用 upload","duration":1.821700000000419,"failureMessages":[],"meta":{}},{"ancestorTitles":["createVisionPipeline 双源独立缓冲"],"fullName":"createVisionPipeline 双源独立缓冲 screen 与 camera 事件各自打包出对应来源的片段帧","status":"passed","title":"screen 与 camera 事件各自打包出对应来源的片段帧","duration":3.042000000000371,"failureMessages":[],"meta":{}},{"ancestorTitles":["createVisionPipeline dispose"],"fullName":"createVisionPipeline dispose dispose 后不再采样与上传","status":"passed","title":"dispose 后不再采样与上传","duration":2.111200000000281,"failureMessages":[],"meta":{}},{"ancestorTitles":["useVisionPipeline 总闸接线"],"fullName":"useVisionPipeline 总闸接线 videoModeEnabled=false：管线不启动（enabled/active 均 false，无待传）","status":"passed","title":"videoModeEnabled=false：管线不启动（enabled/active 均 false，无待传）","duration":32.980499999999665,"failureMessages":[],"meta":{}},{"ancestorTitles":["useVisionPipeline 总闸接线"],"fullName":"useVisionPipeline 总闸接线 videoModeEnabled=true：管线启动（enabled/active 依会话源）","status":"passed","title":"videoModeEnabled=true：管线启动（enabled/active 依会话源）","duration":6.118999999999687,"failureMessages":[],"meta":{}}],"startTime":1787996589692,"endTime":1787996589757.119,"status":"passed","message":"","name":"C:/CX-O/APP-Frontend/src/hooks/useVisionPipeline.test.ts"},{"assertionResults":[{"ancestorTitles":["useWebSocket onDisconnect 回调（M2）"],"fullName":"useWebSocket onDisconnect 回调（M2） 服务端干净关闭(code=1000)：onDisconnect 被调用且不走 error 分支","status":"passed","title":"服务端干净关闭(code=1000)：onDisconnect 被调用且不走 error 分支","duration":40.038800000000265,"failureMessages":[],"meta":{}},{"ancestorTitles":["useWebSocket voice.speaker 路由（D6）"],"fullName":"useWebSocket voice.speaker 路由（D6） 收到 voice.speaker：onSpeaker 回调触发并收到解析后的说话人数据","status":"passed","title":"收到 voice.speaker：onSpeaker 回调触发并收到解析后的说话人数据","duration":8.609399999999368,"failureMessages":[],"meta":{}},{"ancestorTitles":["useWebSocket 广播事件消费（D9）"],"fullName":"useWebSocket 广播事件消费（D9） cluster_event 切换/故障类弹 toast（node_joined 不弹）；autonomy_cost_alert 直接弹；skill_triggered 入事件存档","status":"passed","title":"cluster_event 切换/故障类弹 toast（node_joined 不弹）；autonomy_cost_alert 直接弹；skill_triggered 入事件存档","duration":7.5547999999998865,"failureMessages":[],"meta":{}}],"startTime":1787996589441,"endTime":1787996589497.5547,"status":"passed","message":"","name":"C:/CX-O/APP-Frontend/src/hooks/useWebSocket.test.ts"},{"assertionResults":[{"ancestorTitles":["normalize"],"fullName":"normalize 去掉末尾斜杠","status":"passed","title":"去掉末尾斜杠","duration":4.65940000000046,"failureMessages":[],"meta":{}},{"ancestorTitles":["候选集持久化"],"fullName":"候选集持久化 写入后可读回，且去重复/去空","status":"passed","title":"写入后可读回，且去重复/去空","duration":1.542699999999968,"failureMessages":[],"meta":{}},{"ancestorTitles":["probeBackend"],"fullName":"probeBackend health 返回 ok → true","status":"passed","title":"health 返回 ok → true","duration":1.2452000000002954,"failureMessages":[],"meta":{}},{"ancestorTitles":["probeBackend"],"fullName":"probeBackend health 非 ok → false","status":"passed","title":"health 非 ok → false","duration":0.588900000000649,"failureMessages":[],"meta":{}},{"ancestorTitles":["probeBackend"],"fullName":"probeBackend fetch 抛错 → false","status":"passed","title":"fetch 抛错 → false","duration":0.5663000000004104,"failureMessages":[],"meta":{}},{"ancestorTitles":["读取集群信息"],"fullName":"读取集群信息 readClusterRole 解析 active","status":"passed","title":"readClusterRole 解析 active","duration":0.8416999999999462,"failureMessages":[],"meta":{}},{"ancestorTitles":["读取集群信息"],"fullName":"读取集群信息 fetchClusterPeers 返回对等节点","status":"passed","title":"fetchClusterPeers 返回对等节点","duration":0.9970000000002983,"failureMessages":[],"meta":{}},{"ancestorTitles":["refreshCandidates"],"fullName":"refreshCandidates 合并 当前 + cluster peers 并持久化（不触发局域网发现扫描）","status":"passed","title":"合并 当前 + cluster peers 并持久化（不触发局域网发现扫描）","duration":2.9909000000006927,"failureMessages":[],"meta":{}},{"ancestorTitles":["runBackendFailover"],"fullName":"runBackendFailover 当前仍健康 → 返回 null 且不切换","status":"passed","title":"当前仍健康 → 返回 null 且不切换","duration":1.7547999999997046,"failureMessages":[],"meta":{}},{"ancestorTitles":["runBackendFailover"],"fullName":"runBackendFailover 当前失联 + 有健康对等 → 切到对等并更新 base/ws 地址","status":"passed","title":"当前失联 + 有健康对等 → 切到对等并更新 base/ws 地址","duration":5.657000000000153,"failureMessages":[],"meta":{}},{"ancestorTitles":["runBackendFailover"],"fullName":"runBackendFailover 当前失联 + 无健康对等 → 返回 null","status":"passed","title":"当前失联 + 无健康对等 → 返回 null","duration":0.920999999999367,"failureMessages":[],"meta":{}},{"ancestorTitles":["runBackendFailover"],"fullName":"runBackendFailover 多健康对等时优先选 active","status":"passed","title":"多健康对等时优先选 active","duration":2.2399999999997817,"failureMessages":[],"meta":{}},{"ancestorTitles":["runBackendFailover"],"fullName":"runBackendFailover 最近刚切换到的目标在冷却期内失联 → 不再切回，防止震荡","status":"passed","title":"最近刚切换到的目标在冷却期内失联 → 不再切回，防止震荡","duration":0.7717000000002372,"failureMessages":[],"meta":{}}],"startTime":1787996587941,"endTime":1787996587967.7717,"status":"passed","message":"","name":"C:/CX-O/APP-Frontend/src/lib/backendFailover.test.ts"},{"assertionResults":[{"ancestorTitles":["浏览器模式"],"fullName":"浏览器模式 setItem 经 JSON 层编码写入 localStorage，getItem 解码还原原值","status":"passed","title":"setItem 经 JSON 层编码写入 localStorage，getItem 解码还原原值","duration":818.1190000000001,"failureMessages":[],"meta":{}},{"ancestorTitles":["浏览器模式"],"fullName":"浏览器模式 removeItem 清除 localStorage 键","status":"passed","title":"removeItem 清除 localStorage 键","duration":468.7473,"failureMessages":[],"meta":{}},{"ancestorTitles":["浏览器模式"],"fullName":"浏览器模式 未命中时 getItem 返回 null","status":"passed","title":"未命中时 getItem 返回 null","duration":26.200799999999617,"failureMessages":[],"meta":{}},{"ancestorTitles":["Electron 模式"],"fullName":"Electron 模式 setItem 三写：内存 cache、localStorage 备份、IPC storeSave","status":"passed","title":"setItem 三写：内存 cache、localStorage 备份、IPC storeSave","duration":560.9003999999995,"failureMessages":[],"meta":{}},{"ancestorTitles":["Electron 模式"],"fullName":"Electron 模式 removeItem 清 cache 与 localStorage，并以空串通知主进程","status":"passed","title":"removeItem 清 cache 与 localStorage，并以空串通知主进程","duration":228.48190000000068,"failureMessages":[],"meta":{}},{"ancestorTitles":["Electron 模式"],"fullName":"Electron 模式 IPC storeSave 失败不影响本地写入","status":"passed","title":"IPC storeSave 失败不影响本地写入","duration":48.179699999999684,"failureMessages":[],"meta":{}}],"startTime":1787996587229,"endTime":1787996589381.1797,"status":"passed","message":"","name":"C:/CX-O/APP-Frontend/src/lib/createStorage.test.ts"},{"assertionResults":[{"ancestorTitles":["isComputerControlEnabled（工具可执行门禁）"],"fullName":"isComputerControlEnabled（工具可执行门禁） 未授权时工具不可用——即使 CXFC 已注册（running=true）","status":"passed","title":"未授权时工具不可用——即使 CXFC 已注册（running=true）","duration":2.739599999999882,"failureMessages":[],"meta":{}},{"ancestorTitles":["isComputerControlEnabled（工具可执行门禁）"],"fullName":"isComputerControlEnabled（工具可执行门禁） 服务未运行（注册失败）时工具不可用","status":"passed","title":"服务未运行（注册失败）时工具不可用","duration":0.6854999999995925,"failureMessages":[],"meta":{}},{"ancestorTitles":["isComputerControlEnabled（工具可执行门禁）"],"fullName":"isComputerControlEnabled（工具可执行门禁） 已授权且服务运行才可用","status":"passed","title":"已授权且服务运行才可用","duration":0.6422999999995227,"failureMessages":[],"meta":{}},{"ancestorTitles":["authorize（授权持久化）"],"fullName":"authorize（授权持久化） 调用 setComputerControlAuth(true) 并将 authorized 置 true","status":"passed","title":"调用 setComputerControlAuth(true) 并将 authorized 置 true","duration":9.529399999999441,"failureMessages":[],"meta":{}},{"ancestorTitles":["authorize（授权持久化）"],"fullName":"authorize（授权持久化） 授权后本地镜像持久化到存储（重启恢复依据）","status":"passed","title":"授权后本地镜像持久化到存储（重启恢复依据）","duration":2.8995999999997366,"failureMessages":[],"meta":{}},{"ancestorTitles":["authorize（授权持久化）"],"fullName":"authorize（授权持久化） 主进程写入失败时不置 authorized=true（不虚报授权）","status":"passed","title":"主进程写入失败时不置 authorized=true（不虚报授权）","duration":1.7681999999995242,"failureMessages":[],"meta":{}},{"ancestorTitles":["revoke（主动撤销）"],"fullName":"revoke（主动撤销） 调用 setComputerControlAuth(false) 并将 authorized 置 false","status":"passed","title":"调用 setComputerControlAuth(false) 并将 authorized 置 false","duration":2.039099999999962,"failureMessages":[],"meta":{}},{"ancestorTitles":["restore（重启恢复）"],"fullName":"restore（重启恢复） 浏览器模式（无 IPC）恢复后 loading=false 且保持本地镜像","status":"passed","title":"浏览器模式（无 IPC）恢复后 loading=false 且保持本地镜像","duration":0.6446999999998297,"failureMessages":[],"meta":{}},{"ancestorTitles":["restore（重启恢复）"],"fullName":"restore（重启恢复） 启动时读主进程权威值覆盖本地镜像","status":"passed","title":"启动时读主进程权威值覆盖本地镜像","duration":1.8877999999995154,"failureMessages":[],"meta":{}},{"ancestorTitles":["restore（重启恢复）"],"fullName":"restore（重启恢复） 主进程返回未授权时 restore 将状态收敛为未授权","status":"passed","title":"主进程返回未授权时 restore 将状态收敛为未授权","duration":1.593499999999949,"failureMessages":[],"meta":{}}],"startTime":1787996588488,"endTime":1787996588513.5935,"status":"passed","message":"","name":"C:/CX-O/APP-Frontend/src/store/authorizationStore.test.ts"},{"assertionResults":[{"ancestorTitles":["useCaptureStore 默认态"],"fullName":"useCaptureStore 默认态 默认 videoModeEnabled === false","status":"passed","title":"默认 videoModeEnabled === false","duration":3.32970000000023,"failureMessages":[],"meta":{}},{"ancestorTitles":["useCaptureStore 默认态"],"fullName":"useCaptureStore 默认态 既有默认值保持不变（回归）","status":"passed","title":"既有默认值保持不变（回归）","duration":1.0005999999998494,"failureMessages":[],"meta":{}},{"ancestorTitles":["videoModeEnabled（视频叙事开关）"],"fullName":"videoModeEnabled（视频叙事开关） setVideoModeEnabled(true) 后值变更","status":"passed","title":"setVideoModeEnabled(true) 后值变更","duration":0.9751000000001113,"failureMessages":[],"meta":{}},{"ancestorTitles":["videoModeEnabled（视频叙事开关）"],"fullName":"videoModeEnabled（视频叙事开关） 持久化 partialize 纳入 videoModeEnabled","status":"passed","title":"持久化 partialize 纳入 videoModeEnabled","duration":1.0300000000002,"failureMessages":[],"meta":{}},{"ancestorTitles":["persist merge（旧持久化兼容）"],"fullName":"persist merge（旧持久化兼容） 未知 frameMode 安全回退 interval","status":"passed","title":"未知 frameMode 安全回退 interval","duration":0.7773000000001957,"failureMessages":[],"meta":{}},{"ancestorTitles":["persist merge（旧持久化兼容）"],"fullName":"persist merge（旧持久化兼容） merge 纳入 videoModeEnabled（持久化 true 覆盖默认 false）","status":"passed","title":"merge 纳入 videoModeEnabled（持久化 true 覆盖默认 false）","duration":0.8176000000003114,"failureMessages":[],"meta":{}},{"ancestorTitles":["persist merge（旧持久化兼容）"],"fullName":"persist merge（旧持久化兼容） 合法 adaptive 档经 merge 保留","status":"passed","title":"合法 adaptive 档经 merge 保留","duration":0.6163000000001375,"failureMessages":[],"meta":{}}],"startTime":1787996594404,"endTime":1787996594413.6162,"status":"passed","message":"","name":"C:/CX-O/APP-Frontend/src/store/captureStore.test.ts"},{"assertionResults":[{"ancestorTitles":["采集尺寸预设清单"],"fullName":"采集尺寸预设清单 默认档为 400x500，且包含 spec 点名的 400x500 / 550x700 档","status":"passed","title":"默认档为 400x500，且包含 spec 点名的 400x500 / 550x700 档","duration":6.07549999999992,"failureMessages":[],"meta":{}},{"ancestorTitles":["采集尺寸预设清单"],"fullName":"采集尺寸预设清单 全部预设不低于桌宠窗最小尺寸 300x400","status":"passed","title":"全部预设不低于桌宠窗最小尺寸 300x400","duration":1.3735000000001492,"failureMessages":[],"meta":{}},{"ancestorTitles":["clampCaptureSize（尺寸合法化）"],"fullName":"clampCaptureSize（尺寸合法化） 低于下限的尺寸被夹到 300x400","status":"passed","title":"低于下限的尺寸被夹到 300x400","duration":0.6523000000001957,"failureMessages":[],"meta":{}},{"ancestorTitles":["clampCaptureSize（尺寸合法化）"],"fullName":"clampCaptureSize（尺寸合法化） 小数尺寸取整","status":"passed","title":"小数尺寸取整","duration":0.6082999999998719,"failureMessages":[],"meta":{}},{"ancestorTitles":["clampCaptureSize（尺寸合法化）"],"fullName":"clampCaptureSize（尺寸合法化） 非有限输入回落默认档","status":"passed","title":"非有限输入回落默认档","duration":0.499000000000251,"failureMessages":[],"meta":{}},{"ancestorTitles":["computeAvatarScaleFactor（头像缩放因子）"],"fullName":"computeAvatarScaleFactor（头像缩放因子） 默认尺寸因子为 1","status":"passed","title":"默认尺寸因子为 1","duration":0.938499999999749,"failureMessages":[],"meta":{}},{"ancestorTitles":["computeAvatarScaleFactor（头像缩放因子）"],"fullName":"computeAvatarScaleFactor（头像缩放因子） 小档按短边比例缩小（300x400 → 0.75）","status":"passed","title":"小档按短边比例缩小（300x400 → 0.75）","duration":0.5186000000003332,"failureMessages":[],"meta":{}},{"ancestorTitles":["computeAvatarScaleFactor（头像缩放因子）"],"fullName":"computeAvatarScaleFactor（头像缩放因子） 大档按短边比例放大（550x700 → 1.375）","status":"passed","title":"大档按短边比例放大（550x700 → 1.375）","duration":0.6847000000002481,"failureMessages":[],"meta":{}},{"ancestorTitles":["computeAvatarScaleFactor（头像缩放因子）"],"fullName":"computeAvatarScaleFactor（头像缩放因子） 极端尺寸被 clamp 到上下限","status":"passed","title":"极端尺寸被 clamp 到上下限","duration":0.8072000000001935,"failureMessages":[],"meta":{}},{"ancestorTitles":["computeAvatarScaleFactor（头像缩放因子）"],"fullName":"computeAvatarScaleFactor（头像缩放因子） 非法输入不缩放","status":"passed","title":"非法输入不缩放","duration":0.56670000000031,"failureMessages":[],"meta":{}},{"ancestorTitles":["resolveAvatarScale（头像自适应决策）"],"fullName":"resolveAvatarScale（头像自适应决策） 窗口已缩放时（Electron）恒为 1，交由引擎随容器自适应","status":"passed","title":"窗口已缩放时（Electron）恒为 1，交由引擎随容器自适应","duration":0.6405999999997221,"failureMessages":[],"meta":{}},{"ancestorTitles":["resolveAvatarScale（头像自适应决策）"],"fullName":"resolveAvatarScale（头像自适应决策） 浏览器降级路径按预设比例缩放头像","status":"passed","title":"浏览器降级路径按预设比例缩放头像","duration":0.5914999999999964,"failureMessages":[],"meta":{}},{"ancestorTitles":["getNextCaptureSize（循环切换）"],"fullName":"getNextCaptureSize（循环切换） 按预设顺序逐档推进","status":"passed","title":"按预设顺序逐档推进","duration":1.0140000000001237,"failureMessages":[],"meta":{}},{"ancestorTitles":["getNextCaptureSize（循环切换）"],"fullName":"getNextCaptureSize（循环切换） 末尾回卷到首档","status":"passed","title":"末尾回卷到首档","duration":0.41609999999991487,"failureMessages":[],"meta":{}},{"ancestorTitles":["getNextCaptureSize（循环切换）"],"fullName":"getNextCaptureSize（循环切换） 未命中预设（自定义尺寸）回落默认档","status":"passed","title":"未命中预设（自定义尺寸）回落默认档","duration":0.3963999999996304,"failureMessages":[],"meta":{}},{"ancestorTitles":["useObsStore"],"fullName":"useObsStore 默认状态：绿幕关闭、默认采集尺寸","status":"passed","title":"默认状态：绿幕关闭、默认采集尺寸","duration":0.5400999999997111,"failureMessages":[],"meta":{}},{"ancestorTitles":["useObsStore"],"fullName":"useObsStore toggleGreenScreen / setGreenScreen 切换抠像背景模式","status":"passed","title":"toggleGreenScreen / setGreenScreen 切换抠像背景模式","duration":0.7004000000001724,"failureMessages":[],"meta":{}},{"ancestorTitles":["useObsStore"],"fullName":"useObsStore setCaptureSize 经 clamp 后落库","status":"passed","title":"setCaptureSize 经 clamp 后落库","duration":0.4861999999998261,"failureMessages":[],"meta":{}},{"ancestorTitles":["useObsStore"],"fullName":"useObsStore cycleCaptureSize 逐档推进并在末尾回卷","status":"passed","title":"cycleCaptureSize 逐档推进并在末尾回卷","duration":0.8987999999999374,"failureMessages":[],"meta":{}}],"startTime":1787996590834,"endTime":1787996590853.8987,"status":"passed","message":"","name":"C:/CX-O/APP-Frontend/src/store/obsStore.test.ts"},{"assertionResults":[{"ancestorTitles":["persist merge（blob: modelPath 消毒）"],"fullName":"persist merge（blob: modelPath 消毒） 持久化还原 blob: 前缀 modelPath 时回退默认模型路径","status":"passed","title":"持久化还原 blob: 前缀 modelPath 时回退默认模型路径","duration":4.030799999999999,"failureMessages":[],"meta":{}},{"ancestorTitles":["persist merge（blob: modelPath 消毒）"],"fullName":"persist merge（blob: modelPath 消毒） 持久化还原本地绝对路径 modelPath 时保持不变","status":"passed","title":"持久化还原本地绝对路径 modelPath 时保持不变","duration":1.0615999999999985,"failureMessages":[],"meta":{}},{"ancestorTitles":["persist merge（blob: modelPath 消毒）"],"fullName":"persist merge（blob: modelPath 消毒） 消毒只影响 modelPath，其余持久化字段（如 scale）正常合并","status":"passed","title":"消毒只影响 modelPath，其余持久化字段（如 scale）正常合并","duration":1.196700000000419,"failureMessages":[],"meta":{}}],"startTime":1787996596052,"endTime":1787996596058.1968,"status":"passed","message":"","name":"C:/CX-O/APP-Frontend/src/store/settingsStore.test.ts"},{"assertionResults":[{"ancestorTitles":["RingFrameBuffer 容量淘汰"],"fullName":"RingFrameBuffer 容量淘汰 push 超过 maxFrames 后最旧帧被淘汰，latest(120) 返回最近 120 帧","status":"passed","title":"push 超过 maxFrames 后最旧帧被淘汰，latest(120) 返回最近 120 帧","duration":3.636199999999917,"failureMessages":[],"meta":{}},{"ancestorTitles":["RingFrameBuffer 时间淘汰"],"fullName":"RingFrameBuffer 时间淘汰 传入跨 >30s 的 ts 后，旧帧被时间窗淘汰","status":"passed","title":"传入跨 >30s 的 ts 后，旧帧被时间窗淘汰","duration":1.806300000000192,"failureMessages":[],"meta":{}},{"ancestorTitles":["RingFrameBuffer 时间淘汰"],"fullName":"RingFrameBuffer 时间淘汰 恰好位于窗口边界的帧保留，早于 cutoff 的淘汰","status":"passed","title":"恰好位于窗口边界的帧保留，早于 cutoff 的淘汰","duration":0.5470000000000255,"failureMessages":[],"meta":{}},{"ancestorTitles":["RingFrameBuffer slice 回溯边界"],"fullName":"RingFrameBuffer slice 回溯边界 取中间窗口只返回该窗口内的帧且按升序","status":"passed","title":"取中间窗口只返回该窗口内的帧且按升序","duration":0.7665999999999258,"failureMessages":[],"meta":{}},{"ancestorTitles":["RingFrameBuffer slice 回溯边界"],"fullName":"RingFrameBuffer slice 回溯边界 闭区间边界端包含（相等即命中）","status":"passed","title":"闭区间边界端包含（相等即命中）","duration":0.595299999999952,"failureMessages":[],"meta":{}},{"ancestorTitles":["RingFrameBuffer 双源隔离"],"fullName":"RingFrameBuffer 双源隔离 screen 缓冲与 camera 缓冲互不影响","status":"passed","title":"screen 缓冲与 camera 缓冲互不影响","duration":0.831000000000131,"failureMessages":[],"meta":{}},{"ancestorTitles":["RingFrameBuffer 空缓冲"],"fullName":"RingFrameBuffer 空缓冲 空缓冲 slice/latest 返回空数组","status":"passed","title":"空缓冲 slice/latest 返回空数组","duration":0.8496000000000095,"failureMessages":[],"meta":{}},{"ancestorTitles":["RingFrameBuffer 占位帧"],"fullName":"RingFrameBuffer 占位帧 null 占位帧保持时间轴但不进入 slice/latest 结果","status":"passed","title":"null 占位帧保持时间轴但不进入 slice/latest 结果","duration":0.8481000000001586,"failureMessages":[],"meta":{}}],"startTime":1787996592932,"endTime":1787996592942.8481,"status":"passed","message":"","name":"C:/CX-O/APP-Frontend/src/vision/RingFrameBuffer.test.ts"},{"assertionResults":[{"ancestorTitles":["VideoClipBuilder build 回溯窗口"],"fullName":"VideoClipBuilder build 回溯窗口 startTs≈ts-preRoll*1000、endTs≈ts+postRoll*1000，帧按升序","status":"passed","title":"startTs≈ts-preRoll*1000、endTs≈ts+postRoll*1000，帧按升序","duration":2.9749999999994543,"failureMessages":[],"meta":{}},{"ancestorTitles":["VideoClipBuilder build 截断"],"fullName":"VideoClipBuilder build 截断 事件后超过 clipMaxSec 的帧被截断，endTs 不超过 ts+clipMaxSec*1000","status":"passed","title":"事件后超过 clipMaxSec 的帧被截断，endTs 不超过 ts+clipMaxSec*1000","duration":0.6001999999998588,"failureMessages":[],"meta":{}},{"ancestorTitles":["VideoClipBuilder build 截断"],"fullName":"VideoClipBuilder build 截断 postRoll 未超 clipMax 时不截断","status":"passed","title":"postRoll 未超 clipMax 时不截断","duration":0.2941000000000713,"failureMessages":[],"meta":{}},{"ancestorTitles":["VideoClipBuilder build meta 与顺序"],"fullName":"VideoClipBuilder build meta 与顺序 meta 正确携带 eventType/ts/source，帧按升序","status":"passed","title":"meta 正确携带 eventType/ts/source，帧按升序","duration":0.7978000000002794,"failureMessages":[],"meta":{}},{"ancestorTitles":["VideoClipBuilder build 空降级"],"fullName":"VideoClipBuilder build 空降级 空缓冲返回空帧序列但不抛异常","status":"passed","title":"空缓冲返回空帧序列但不抛异常","duration":0.32229999999981374,"failureMessages":[],"meta":{}},{"ancestorTitles":["VideoClipBuilder build 空降级"],"fullName":"VideoClipBuilder build 空降级 事件落在窗口外（无帧命中）返回空帧序列但不抛异常","status":"passed","title":"事件落在窗口外（无帧命中）返回空帧序列但不抛异常","duration":0.31340000000000146,"failureMessages":[],"meta":{}},{"ancestorTitles":["VideoClipBuilder encodeFrames 降级"],"fullName":"VideoClipBuilder encodeFrames 降级 方法存在且签名正确；无真实 canvas（jsdom）环境优雅降级返回 null","status":"passed","title":"方法存在且签名正确；无真实 canvas（jsdom）环境优雅降级返回 null","duration":12.485999999999876,"failureMessages":[],"meta":{}},{"ancestorTitles":["VideoClipBuilder encodeFrames 异常清理"],"fullName":"VideoClipBuilder encodeFrames 异常清理 drawImage 抛错时仍终止 recorder 并释放 captureStream 轨道，且向上抛出原错误","status":"passed","title":"drawImage 抛错时仍终止 recorder 并释放 captureStream 轨道，且向上抛出原错误","duration":6.627599999999802,"failureMessages":[],"meta":{}}],"startTime":1787996587929,"endTime":1787996587954.6277,"status":"passed","message":"","name":"C:/CX-O/APP-Frontend/src/vision/VideoClipBuilder.test.ts"},{"assertionResults":[{"ancestorTitles":["VisionEventDetector 静止"],"fullName":"VisionEventDetector 静止 相邻帧差异小于 diffThreshold 返回 null（画面静止）","status":"passed","title":"相邻帧差异小于 diffThreshold 返回 null（画面静止）","duration":2.818399999999656,"failureMessages":[],"meta":{}},{"ancestorTitles":["VisionEventDetector 突变"],"fullName":"VisionEventDetector 突变 差异达到 abruptThreshold 触发 scene_change 事件","status":"passed","title":"差异达到 abruptThreshold 触发 scene_change 事件","duration":1.6318999999998596,"failureMessages":[],"meta":{}},{"ancestorTitles":["VisionEventDetector 突变"],"fullName":"VisionEventDetector 突变 突变事件携带 camera 源信息","status":"passed","title":"突变事件携带 camera 源信息","duration":0.3578000000002248,"failureMessages":[],"meta":{}},{"ancestorTitles":["VisionEventDetector 冷却"],"fullName":"VisionEventDetector 冷却 同类事件在冷却期内不重复触发","status":"passed","title":"同类事件在冷却期内不重复触发","duration":0.7001999999997679,"failureMessages":[],"meta":{}},{"ancestorTitles":["VisionEventDetector 冷却"],"fullName":"VisionEventDetector 冷却 不同事件类型冷却互相独立","status":"passed","title":"不同事件类型冷却互相独立","duration":0.6935999999996056,"failureMessages":[],"meta":{}},{"ancestorTitles":["VisionEventDetector 每小时上限"],"fullName":"VisionEventDetector 每小时上限 超过 maxClipsPerHour 后 canTrigger=false 且触发受阻","status":"passed","title":"超过 maxClipsPerHour 后 canTrigger=false 且触发受阻","duration":1.4956999999999425,"failureMessages":[],"meta":{}},{"ancestorTitles":["VisionEventDetector 每小时上限"],"fullName":"VisionEventDetector 每小时上限 滑窗滚动后旧触发不再占用预算","status":"passed","title":"滑窗滚动后旧触发不再占用预算","duration":0.9702000000002045,"failureMessages":[],"meta":{}},{"ancestorTitles":["VisionEventDetector 微变化 / 中变化"],"fullName":"VisionEventDetector 微变化 / 中变化 微变化被忽略（返回 null 但不推进静止态）","status":"passed","title":"微变化被忽略（返回 null 但不推进静止态）","duration":0.564600000000155,"failureMessages":[],"meta":{}},{"ancestorTitles":["VisionEventDetector 微变化 / 中变化"],"fullName":"VisionEventDetector 微变化 / 中变化 中变化产生低频 user_action（lowPriority）","status":"passed","title":"中变化产生低频 user_action（lowPriority）","duration":0.7342999999996209,"failureMessages":[],"meta":{}},{"ancestorTitles":["VisionEventDetector 微变化 / 中变化"],"fullName":"VisionEventDetector 微变化 / 中变化 reset 清除冷却状态后可再次触发","status":"passed","title":"reset 清除冷却状态后可再次触发","duration":0.8409999999998945,"failureMessages":[],"meta":{}},{"ancestorTitles":["VisionEventDetector feedPresence"],"fullName":"VisionEventDetector feedPresence active=false 产生 user_left，再 true 产生 user_returned","status":"passed","title":"active=false 产生 user_left，再 true 产生 user_returned","duration":0.8567000000002736,"failureMessages":[],"meta":{}},{"ancestorTitles":["VisionEventDetector feedPresence"],"fullName":"VisionEventDetector feedPresence 状态未翻转的重复调用不重复触发","status":"passed","title":"状态未翻转的重复调用不重复触发","duration":0.7691999999997279,"failureMessages":[],"meta":{}}],"startTime":1787996587417,"endTime":1787996587431.7693,"status":"passed","message":"","name":"C:/CX-O/APP-Frontend/src/vision/VisionEventDetector.test.ts"},{"assertionResults":[{"ancestorTitles":["Authenticator.verifyAuth"],"fullName":"Authenticator.verifyAuth 正确令牌通过","status":"passed","title":"正确令牌通过","duration":2.562800000000152,"failureMessages":[],"meta":{}},{"ancestorTitles":["Authenticator.verifyAuth"],"fullName":"Authenticator.verifyAuth 错误令牌 → UNAUTHORIZED","status":"passed","title":"错误令牌 → UNAUTHORIZED","duration":0.5235999999999876,"failureMessages":[],"meta":{}},{"ancestorTitles":["Authenticator.verifyAuth"],"fullName":"Authenticator.verifyAuth 缺失令牌 → UNAUTHORIZED","status":"passed","title":"缺失令牌 → UNAUTHORIZED","duration":0.33539999999993597,"failureMessages":[],"meta":{}},{"ancestorTitles":["Authenticator.verifyAuth"],"fullName":"Authenticator.verifyAuth 空令牌配置时任何输入都不通过","status":"passed","title":"空令牌配置时任何输入都不通过","duration":0.36390000000005784,"failureMessages":[],"meta":{}},{"ancestorTitles":["Authenticator.verifyReplay"],"fullName":"Authenticator.verifyReplay 首次 request_id 通过并记账","status":"passed","title":"首次 request_id 通过并记账","duration":0.519800000000032,"failureMessages":[],"meta":{}},{"ancestorTitles":["Authenticator.verifyReplay"],"fullName":"Authenticator.verifyReplay 窗内重复 request_id → REPLAY_DETECTED","status":"passed","title":"窗内重复 request_id → REPLAY_DETECTED","duration":0.4453000000000884,"failureMessages":[],"meta":{}},{"ancestorTitles":["Authenticator.verifyReplay"],"fullName":"Authenticator.verifyReplay 超窗后同一 request_id 复用放行","status":"passed","title":"超窗后同一 request_id 复用放行","duration":0.3670999999999367,"failureMessages":[],"meta":{}},{"ancestorTitles":["Authenticator.verifyReplay"],"fullName":"Authenticator.verifyReplay 缺失/非字符串/超长 request_id → INVALID_ARGUMENT","status":"passed","title":"缺失/非字符串/超长 request_id → INVALID_ARGUMENT","duration":0.6934000000001106,"failureMessages":[],"meta":{}},{"ancestorTitles":["Authenticator.verifyReplay"],"fullName":"Authenticator.verifyReplay 不同 request_id 互不影响","status":"passed","title":"不同 request_id 互不影响","duration":0.5210999999999331,"failureMessages":[],"meta":{}}],"startTime":1787996597243,"endTime":1787996597249.6934,"status":"passed","message":"","name":"C:/CX-O/APP-Frontend/electron/plugins/computerControl/auth.test.ts"},{"assertionResults":[{"ancestorTitles":["AuthorizationStore"],"fullName":"AuthorizationStore 持久化无数据时使用默认状态（false）","status":"passed","title":"持久化无数据时使用默认状态（false）","duration":3.9890000000000327,"failureMessages":[],"meta":{}},{"ancestorTitles":["AuthorizationStore"],"fullName":"AuthorizationStore 读取已有持久化授权状态","status":"passed","title":"读取已有持久化授权状态","duration":0.6481999999998607,"failureMessages":[],"meta":{}},{"ancestorTitles":["AuthorizationStore"],"fullName":"AuthorizationStore setAuthorized 写入并持久化","status":"passed","title":"setAuthorized 写入并持久化","duration":3.2527000000000044,"failureMessages":[],"meta":{}},{"ancestorTitles":["AuthorizationStore"],"fullName":"AuthorizationStore revoke 撤销并持久化为 false","status":"passed","title":"revoke 撤销并持久化为 false","duration":0.6104000000000269,"failureMessages":[],"meta":{}},{"ancestorTitles":["AuthorizationStore"],"fullName":"AuthorizationStore 只操作内存与持久化替身，不触碰任何 OS/系统 API","status":"passed","title":"只操作内存与持久化替身，不触碰任何 OS/系统 API","duration":0.49749999999994543,"failureMessages":[],"meta":{}}],"startTime":1787996597256,"endTime":1787996597265.4976,"status":"passed","message":"","name":"C:/CX-O/APP-Frontend/electron/plugins/computerControl/authorization.test.ts"},{"assertionResults":[{"ancestorTitles":["ComputerControlHttpServer"],"fullName":"ComputerControlHttpServer GET /health 匿名可访问并返回指纹","status":"passed","title":"GET /health 匿名可访问并返回指纹","duration":171.28049999999985,"failureMessages":[],"meta":{}},{"ancestorTitles":["ComputerControlHttpServer"],"fullName":"ComputerControlHttpServer GET /tools 无令牌 → 401 UNAUTHORIZED","status":"passed","title":"GET /tools 无令牌 → 401 UNAUTHORIZED","duration":74.36779999999999,"failureMessages":[],"meta":{}},{"ancestorTitles":["ComputerControlHttpServer"],"fullName":"ComputerControlHttpServer GET /tools 令牌正确但未授权 → 403 NOT_AUTHORIZED","status":"passed","title":"GET /tools 令牌正确但未授权 → 403 NOT_AUTHORIZED","duration":59.67689999999993,"failureMessages":[],"meta":{}},{"ancestorTitles":["ComputerControlHttpServer"],"fullName":"ComputerControlHttpServer GET /tools 已授权 + 令牌 → 200 返回工具清单","status":"passed","title":"GET /tools 已授权 + 令牌 → 200 返回工具清单","duration":69.63990000000013,"failureMessages":[],"meta":{}},{"ancestorTitles":["ComputerControlHttpServer"],"fullName":"ComputerControlHttpServer POST /call 无令牌 → 401 且不调用工具","status":"passed","title":"POST /call 无令牌 → 401 且不调用工具","duration":83.76659999999993,"failureMessages":[],"meta":{}},{"ancestorTitles":["ComputerControlHttpServer"],"fullName":"ComputerControlHttpServer POST /call 令牌正确但未授权 → 403 且不调用工具","status":"passed","title":"POST /call 令牌正确但未授权 → 403 且不调用工具","duration":105.0969,"failureMessages":[],"meta":{}},{"ancestorTitles":["ComputerControlHttpServer"],"fullName":"ComputerControlHttpServer POST /call 成功路径返回 200 并调用工具","status":"passed","title":"POST /call 成功路径返回 200 并调用工具","duration":87.55690000000004,"failureMessages":[],"meta":{}},{"ancestorTitles":["ComputerControlHttpServer"],"fullName":"ComputerControlHttpServer POST /call 重复 request_id → 409 REPLAY_DETECTED 且工具只执行一次","status":"passed","title":"POST /call 重复 request_id → 409 REPLAY_DETECTED 且工具只执行一次","duration":93.41650000000027,"failureMessages":[],"meta":{}},{"ancestorTitles":["ComputerControlHttpServer"],"fullName":"ComputerControlHttpServer POST /call 未知工具 → 400 INVALID_ARGUMENT 且不调用工具","status":"passed","title":"POST /call 未知工具 → 400 INVALID_ARGUMENT 且不调用工具","duration":166.40549999999985,"failureMessages":[],"meta":{}},{"ancestorTitles":["ComputerControlHttpServer"],"fullName":"ComputerControlHttpServer POST /call 请求体非对象 → 400 INVALID_ARGUMENT","status":"passed","title":"POST /call 请求体非对象 → 400 INVALID_ARGUMENT","duration":113.33770000000004,"failureMessages":[],"meta":{}},{"ancestorTitles":["ComputerControlHttpServer"],"fullName":"ComputerControlHttpServer 未知端点 → 400 INVALID_ARGUMENT","status":"passed","title":"未知端点 → 400 INVALID_ARGUMENT","duration":114.26980000000003,"failureMessages":[],"meta":{}}],"startTime":1787996598253,"endTime":1787996599392.2698,"status":"passed","message":"","name":"C:/CX-O/APP-Frontend/electron/plugins/computerControl/httpServer.test.ts"},{"assertionResults":[{"ancestorTitles":["computer_keyboard_control"],"fullName":"computer_keyboard_control type 成功且不写日志","status":"passed","title":"type 成功且不写日志","duration":6.223899999999958,"failureMessages":[],"meta":{}},{"ancestorTitles":["computer_keyboard_control"],"fullName":"computer_keyboard_control key / press 成功","status":"passed","title":"key / press 成功","duration":0.8092000000001462,"failureMessages":[],"meta":{}},{"ancestorTitles":["computer_keyboard_control"],"fullName":"computer_keyboard_control hotkey 成功","status":"passed","title":"hotkey 成功","duration":1.0108999999999924,"failureMessages":[],"meta":{}},{"ancestorTitles":["computer_keyboard_control"],"fullName":"computer_keyboard_control type 缺 text → INVALID_ARGUMENT 且不触碰驱动","status":"passed","title":"type 缺 text → INVALID_ARGUMENT 且不触碰驱动","duration":0.4618000000000393,"failureMessages":[],"meta":{}},{"ancestorTitles":["computer_keyboard_control"],"fullName":"computer_keyboard_control key 缺 key → INVALID_ARGUMENT","status":"passed","title":"key 缺 key → INVALID_ARGUMENT","duration":0.3205999999997857,"failureMessages":[],"meta":{}},{"ancestorTitles":["computer_keyboard_control"],"fullName":"computer_keyboard_control hotkey 非法 modifiers → INVALID_ARGUMENT","status":"passed","title":"hotkey 非法 modifiers → INVALID_ARGUMENT","duration":0.45420000000012806,"failureMessages":[],"meta":{}},{"ancestorTitles":["computer_keyboard_control"],"fullName":"computer_keyboard_control 驱动失败 → EXECUTION_FAILED","status":"passed","title":"驱动失败 → EXECUTION_FAILED","duration":0.5382999999999356,"failureMessages":[],"meta":{}}],"startTime":1787996597075,"endTime":1787996597084.5383,"status":"passed","message":"","name":"C:/CX-O/APP-Frontend/electron/plugins/computerControl/keyboard.test.ts"},{"assertionResults":[{"ancestorTitles":["computer_run_command"],"fullName":"computer_run_command 成功执行并返回 exit_code/stdout","status":"passed","title":"成功执行并返回 exit_code/stdout","duration":295.1817000000001,"failureMessages":[],"meta":{}},{"ancestorTitles":["computer_run_command"],"fullName":"computer_run_command 结构化解耦：command+args 数组执行，不拼 shell","status":"passed","title":"结构化解耦：command+args 数组执行，不拼 shell","duration":270.6140999999998,"failureMessages":[],"meta":{}},{"ancestorTitles":["computer_run_command"],"fullName":"computer_run_command 缺 command → INVALID_ARGUMENT","status":"passed","title":"缺 command → INVALID_ARGUMENT","duration":0.4151999999999134,"failureMessages":[],"meta":{}},{"ancestorTitles":["computer_run_command"],"fullName":"computer_run_command args 非字符串数组 → INVALID_ARGUMENT","status":"passed","title":"args 非字符串数组 → INVALID_ARGUMENT","duration":0.35490000000027067,"failureMessages":[],"meta":{}},{"ancestorTitles":["computer_run_command"],"fullName":"computer_run_command timeout_ms 非法 → INVALID_ARGUMENT","status":"passed","title":"timeout_ms 非法 → INVALID_ARGUMENT","duration":0.2717999999999847,"failureMessages":[],"meta":{}},{"ancestorTitles":["computer_run_command"],"fullName":"computer_run_command 超时后返回 TIMEOUT 并回收进程树","status":"passed","title":"超时后返回 TIMEOUT 并回收进程树","duration":173.11540000000014,"failureMessages":[],"meta":{}},{"ancestorTitles":["computer_run_command"],"fullName":"computer_run_command 敏感输出按 redact_patterns 脱敏","status":"passed","title":"敏感输出按 redact_patterns 脱敏","duration":251.82279999999992,"failureMessages":[],"meta":{}},{"ancestorTitles":["computer_run_command"],"fullName":"computer_run_command O-3：默认配置下敏感输出脱敏生效（密码/令牌/Authorization 头）","status":"passed","title":"O-3：默认配置下敏感输出脱敏生效（密码/令牌/Authorization 头）","duration":271.45719999999983,"failureMessages":[],"meta":{}},{"ancestorTitles":["computer_run_command"],"fullName":"computer_run_command O-2：env 仅透传白名单键，不展开 process.env","status":"passed","title":"O-2：env 仅透传白名单键，不展开 process.env","duration":1.572400000000016,"failureMessages":[],"meta":{}},{"ancestorTitles":["computer_run_command"],"fullName":"computer_run_command O-2：未传入 env 时不注入任何额外变量","status":"passed","title":"O-2：未传入 env 时不注入任何额外变量","duration":0.8868999999999687,"failureMessages":[],"meta":{}},{"ancestorTitles":["computer_run_command"],"fullName":"computer_run_command 输出超过上限时截断并标记 truncated","status":"passed","title":"输出超过上限时截断并标记 truncated","duration":228.14850000000024,"failureMessages":[],"meta":{}},{"ancestorTitles":["computer_run_command"],"fullName":"computer_run_command spawn 抛错（启动失败）→ EXECUTION_FAILED","status":"passed","title":"spawn 抛错（启动失败）→ EXECUTION_FAILED","duration":0.34780000000000655,"failureMessages":[],"meta":{}},{"ancestorTitles":["computer_run_command"],"fullName":"computer_run_command spawn 后触发 error 事件 → EXECUTION_FAILED","status":"passed","title":"spawn 后触发 error 事件 → EXECUTION_FAILED","duration":0.41889999999966676,"failureMessages":[],"meta":{}}],"startTime":1787996597074,"endTime":1787996598569.419,"status":"passed","message":"","name":"C:/CX-O/APP-Frontend/electron/plugins/computerControl/runCommand.test.ts"},{"assertionResults":[{"ancestorTitles":["computer_screen_control"],"fullName":"computer_screen_control capture 返回结构化结果","status":"passed","title":"capture 返回结构化结果","duration":5.382399999999961,"failureMessages":[],"meta":{}},{"ancestorTitles":["computer_screen_control"],"fullName":"computer_screen_control move 成功","status":"passed","title":"move 成功","duration":2.1532999999999447,"failureMessages":[],"meta":{}},{"ancestorTitles":["computer_screen_control"],"fullName":"computer_screen_control click 成功并透传按钮","status":"passed","title":"click 成功并透传按钮","duration":0.9441999999999098,"failureMessages":[],"meta":{}},{"ancestorTitles":["computer_screen_control"],"fullName":"computer_screen_control scroll 成功","status":"passed","title":"scroll 成功","duration":0.586500000000342,"failureMessages":[],"meta":{}},{"ancestorTitles":["computer_screen_control"],"fullName":"computer_screen_control 缺 action → INVALID_ARGUMENT","status":"passed","title":"缺 action → INVALID_ARGUMENT","duration":0.7445000000002437,"failureMessages":[],"meta":{}},{"ancestorTitles":["computer_screen_control"],"fullName":"computer_screen_control move 缺数字坐标 → INVALID_ARGUMENT 且不触碰驱动","status":"passed","title":"move 缺数字坐标 → INVALID_ARGUMENT 且不触碰驱动","duration":0.5154999999999745,"failureMessages":[],"meta":{}},{"ancestorTitles":["computer_screen_control"],"fullName":"computer_screen_control 未知动作 → INVALID_ARGUMENT","status":"passed","title":"未知动作 → INVALID_ARGUMENT","duration":0.3431000000000495,"failureMessages":[],"meta":{}},{"ancestorTitles":["computer_screen_control"],"fullName":"computer_screen_control 驱动失败 → EXECUTION_FAILED","status":"passed","title":"驱动失败 → EXECUTION_FAILED","duration":0.7045000000002801,"failureMessages":[],"meta":{}}],"startTime":1787996597732,"endTime":1787996597743.7046,"status":"passed","message":"","name":"C:/CX-O/APP-Frontend/electron/plugins/computerControl/screen.test.ts"},{"assertionResults":[{"ancestorTitles":["meetingApi 失败响应错误传播（M4）"],"fullName":"meetingApi 失败响应错误传播（M4） success=false 且携带 error 字段：抛出真实服务端原因","status":"passed","title":"success=false 且携带 error 字段：抛出真实服务端原因","duration":6.0603000000000975,"failureMessages":[],"meta":{}},{"ancestorTitles":["meetingApi 失败响应错误传播（M4）"],"fullName":"meetingApi 失败响应错误传播（M4） success=false 且 error 缺失时回退 message 字段","status":"passed","title":"success=false 且 error 缺失时回退 message 字段","duration":1.1958999999997104,"failureMessages":[],"meta":{}},{"ancestorTitles":["meetingApi 失败响应错误传播（M4）"],"fullName":"meetingApi 失败响应错误传播（M4） error/message 均缺失时回退默认文案而非静默返回 undefined","status":"passed","title":"error/message 均缺失时回退默认文案而非静默返回 undefined","duration":1.39870000000019,"failureMessages":[],"meta":{}},{"ancestorTitles":["meetingApi 失败响应错误传播（M4）"],"fullName":"meetingApi 失败响应错误传播（M4） res 为空引用时同样抛默认文案（不因可选链短路误判成功）","status":"passed","title":"res 为空引用时同样抛默认文案（不因可选链短路误判成功）","duration":0.7966999999998734,"failureMessages":[],"meta":{}},{"ancestorTitles":["meetingApi 失败响应错误传播（M4）"],"fullName":"meetingApi 失败响应错误传播（M4） success=true 正常透传 data","status":"passed","title":"success=true 正常透传 data","duration":1.2972999999997228,"failureMessages":[],"meta":{}}],"startTime":1787996595584,"endTime":1787996595595.2974,"status":"passed","message":"","name":"C:/CX-O/APP-Frontend/src/api/clients/meeting.test.ts"},{"assertionResults":[{"ancestorTitles":["normalizePluginList"],"fullName":"normalizePluginList 透传数组形态","status":"passed","title":"透传数组形态","duration":4.330300000000079,"failureMessages":[],"meta":{}},{"ancestorTitles":["normalizePluginList"],"fullName":"normalizePluginList 归一化 { plugins: [...] } 形态","status":"passed","title":"归一化 { plugins: [...] } 形态","duration":0.8099999999999454,"failureMessages":[],"meta":{}},{"ancestorTitles":["normalizePluginList"],"fullName":"normalizePluginList 兜底 { id: {...} } 字典形态","status":"passed","title":"兜底 { id: {...} } 字典形态","duration":1.0509000000001834,"failureMessages":[],"meta":{}},{"ancestorTitles":["normalizePluginList"],"fullName":"normalizePluginList 空/非法输入返回空数组","status":"passed","title":"空/非法输入返回空数组","duration":1.9755999999997584,"failureMessages":[],"meta":{}},{"ancestorTitles":["pluginUiUrl"],"fullName":"pluginUiUrl 拼接插件 UI 地址并在端口缺失时抛错","status":"passed","title":"拼接插件 UI 地址并在端口缺失时抛错","duration":2.744999999999891,"failureMessages":[],"meta":{}},{"ancestorTitles":["directRequest 非 JSON 响应防护"],"fullName":"directRequest 非 JSON 响应防护 成功状态但响应体非合法 JSON：抛带状态码的解析错误（对齐 ipcRequest 错误风格）","status":"passed","title":"成功状态但响应体非合法 JSON：抛带状态码的解析错误（对齐 ipcRequest 错误风格）","duration":5.9695999999999,"failureMessages":[],"meta":{}},{"ancestorTitles":["directRequest 非 JSON 响应防护"],"fullName":"directRequest 非 JSON 响应防护 合法 JSON 响应仍正常解析返回（防回归）","status":"passed","title":"合法 JSON 响应仍正常解析返回（防回归）","duration":1.961399999999685,"failureMessages":[],"meta":{}}],"startTime":1787996593802,"endTime":1787996593822.9614,"status":"passed","message":"","name":"C:/CX-O/APP-Frontend/src/api/clients/neko.test.ts"},{"assertionResults":[{"ancestorTitles":["toolsApi.testTool 请求体契约（D1）"],"fullName":"toolsApi.testTool 请求体契约（D1） 参数以 { arguments: ... } 包裹发送，URL 指向 /api/tools/{id}/test","status":"passed","title":"参数以 { arguments: ... } 包裹发送，URL 指向 /api/tools/{id}/test","duration":5.626499999999851,"failureMessages":[],"meta":{}},{"ancestorTitles":["toolsApi.testTool 请求体契约（D1）"],"fullName":"toolsApi.testTool 请求体契约（D1） 未填参数时不裸传 undefined（JSON 序列化后命中后端 arguments 默认空参）","status":"passed","title":"未填参数时不裸传 undefined（JSON 序列化后命中后端 arguments 默认空参）","duration":0.9499000000000706,"failureMessages":[],"meta":{}}],"startTime":1787996597066,"endTime":1787996597072.95,"status":"passed","message":"","name":"C:/CX-O/APP-Frontend/src/api/clients/tools.test.ts"},{"assertionResults":[{"ancestorTitles":["DEFAULT_BONE_CONTROLS 目录完整性"],"fullName":"DEFAULT_BONE_CONTROLS 目录完整性 骨骼数量应等于 26 项（扩容后）","status":"passed","title":"骨骼数量应等于 26 项（扩容后）","duration":4.527000000000044,"failureMessages":[],"meta":{}},{"ancestorTitles":["DEFAULT_BONE_CONTROLS 目录完整性"],"fullName":"DEFAULT_BONE_CONTROLS 目录完整性 骨骼数量应至少 12 项（兼容旧阈值）","status":"passed","title":"骨骼数量应至少 12 项（兼容旧阈值）","duration":0.7088999999996304,"failureMessages":[],"meta":{}},{"ancestorTitles":["DEFAULT_BONE_CONTROLS 目录完整性"],"fullName":"DEFAULT_BONE_CONTROLS 目录完整性 每项均应包含 id/label/rotationRange/prompt 四字段","status":"passed","title":"每项均应包含 id/label/rotationRange/prompt 四字段","duration":11.913099999999758,"failureMessages":[],"meta":{}},{"ancestorTitles":["DEFAULT_BONE_CONTROLS 目录完整性"],"fullName":"DEFAULT_BONE_CONTROLS 目录完整性 rotationRange 的 x/y/z 均为 [min,max] 且 min<=max","status":"passed","title":"rotationRange 的 x/y/z 均为 [min,max] 且 min<=max","duration":19.941600000000108,"failureMessages":[],"meta":{}},{"ancestorTitles":["isControlledBone"],"fullName":"isControlledBone head 命中 true","status":"passed","title":"head 命中 true","duration":0.4187000000001717,"failureMessages":[],"meta":{}},{"ancestorTitles":["isControlledBone"],"fullName":"isControlledBone leftUpperArm 命中 true","status":"passed","title":"leftUpperArm 命中 true","duration":0.3702000000002954,"failureMessages":[],"meta":{}},{"ancestorTitles":["isControlledBone"],"fullName":"isControlledBone leftPinky 返回 false（白名单外）","status":"passed","title":"leftPinky 返回 false（白名单外）","duration":0.32999999999992724,"failureMessages":[],"meta":{}},{"ancestorTitles":["isControlledBone"],"fullName":"isControlledBone 新增骨骼 leftShoulder 命中 true","status":"passed","title":"新增骨骼 leftShoulder 命中 true","duration":0.33919999999943684,"failureMessages":[],"meta":{}},{"ancestorTitles":["isControlledBone"],"fullName":"isControlledBone 新增骨骼 leftFoot 命中 true","status":"passed","title":"新增骨骼 leftFoot 命中 true","duration":0.3746000000001004,"failureMessages":[],"meta":{}},{"ancestorTitles":["isControlledBone"],"fullName":"isControlledBone 新增骨骼 leftEye 命中 true","status":"passed","title":"新增骨骼 leftEye 命中 true","duration":0.33359999999993306,"failureMessages":[],"meta":{}},{"ancestorTitles":["isControlledBone"],"fullName":"isControlledBone 新增骨骼 leftThumb 命中 true","status":"passed","title":"新增骨骼 leftThumb 命中 true","duration":0.279700000000048,"failureMessages":[],"meta":{}},{"ancestorTitles":["isControlledBone"],"fullName":"isControlledBone 新增骨骼 leftIndex 命中 true","status":"passed","title":"新增骨骼 leftIndex 命中 true","duration":0.25389999999970314,"failureMessages":[],"meta":{}},{"ancestorTitles":["isControlledBone"],"fullNam
[...]
assed","title":"测试弹窗：JSON 参数解析后调用 testTool 并展示结果","duration":242.7528000000002,"failureMessages":[],"meta":{}},{"ancestorTitles":["ToolsPage 工具页"],"fullName":"ToolsPage 工具页 非法 JSON 参数提示且不发起调用","status":"passed","title":"非法 JSON 参数提示且不发起调用","duration":170.4940000000006,"failureMessages":[],"meta":{}},{"ancestorTitles":["ToolsPage 工具页"],"fullName":"ToolsPage 工具页 仅自定义工具显示删除按钮，确认后调用 deleteTool","status":"passed","title":"仅自定义工具显示删除按钮，确认后调用 deleteTool","duration":112.41330000000016,"failureMessages":[],"meta":{}},{"ancestorTitles":["ToolsPage 工具页"],"fullName":"ToolsPage 工具页 加载失败显示错误态，点击重试重新拉取","status":"passed","title":"加载失败显示错误态，点击重试重新拉取","duration":106.30400000000009,"failureMessages":[],"meta":{}}],"startTime":1787996589664,"endTime":1787996590988.304,"status":"passed","message":"","name":"C:/CX-O/APP-Frontend/src/pages/management/ToolsPage.test.tsx"},{"assertionResults":[{"ancestorTitles":["VectorDataPage 向量数据页"],"fullName":"VectorDataPage 向量数据页 渲染统计行、向量列表与集合信息","status":"passed","title":"渲染统计行、向量列表与集合信息","duration":289.1405999999997,"failureMessages":[],"meta":{}},{"ancestorTitles":["VectorDataPage 向量数据页"],"fullName":"VectorDataPage 向量数据页 向量存储未启用时展示引导卡片","status":"passed","title":"向量存储未启用时展示引导卡片","duration":24.666299999999865,"failureMessages":[],"meta":{}},{"ancestorTitles":["VectorDataPage 向量数据页"],"fullName":"VectorDataPage 向量数据页 语义搜索打开结果弹窗（含相似度徽章）","status":"passed","title":"语义搜索打开结果弹窗（含相似度徽章）","duration":347.5631000000003,"failureMessages":[],"meta":{}},{"ancestorTitles":["VectorDataPage 向量数据页"],"fullName":"VectorDataPage 向量数据页 删除向量需确认，确认后调用 deleteVector","status":"passed","title":"删除向量需确认，确认后调用 deleteVector","duration":171.02690000000075,"failureMessages":[],"meta":{}},{"ancestorTitles":["VectorDataPage 向量数据页"],"fullName":"VectorDataPage 向量数据页 同步向量成功后显示完成提示","status":"passed","title":"同步向量成功后显示完成提示","duration":163.46420000000035,"failureMessages":[],"meta":{}},{"ancestorTitles":["VectorDataPage 向量数据页"],"fullName":"VectorDataPage 向量数据页 记忆 ID 直达打开详情弹窗","status":"passed","title":"记忆 ID 直达打开详情弹窗","duration":144.8670000000002,"failureMessages":[],"meta":{}},{"ancestorTitles":["VectorDataPage 向量数据页"],"fullName":"VectorDataPage 向量数据页 加载失败显示错误态，点击重试重新拉取","status":"passed","title":"加载失败显示错误态，点击重试重新拉取","duration":75.77579999999944,"failureMessages":[],"meta":{}}],"startTime":1787996589663,"endTime":1787996590880.776,"status":"passed","message":"","name":"C:/CX-O/APP-Frontend/src/pages/management/VectorDataPage.test.tsx"},{"assertionResults":[{"ancestorTitles":["dispatch 层：VersionGuard"],"fullName":"dispatch 层：VersionGuard 初始状态 lastVersion=-1，接受任何 ≥0 的 version","status":"passed","title":"初始状态 lastVersion=-1，接受任何 ≥0 的 version","duration":4.007999999999811,"failureMessages":[],"meta":{}},{"ancestorTitles":["dispatch 层：VersionGuard"],"fullName":"dispatch 层：VersionGuard version=undefined 视为无 version 字段（如 get_draft 响应），不丢弃","status":"passed","title":"version=undefined 视为无 version 字段（如 get_draft 响应），不丢弃","duration":0.5982000000003609,"failureMessages":[],"meta":{}},{"ancestorTitles":["dispatch 层：VersionGuard"],"fullName":"dispatch 层：VersionGuard update 后只接受比 lastVersion 更新的 version","status":"passed","title":"update 后只接受比 lastVersion 更新的 version","duration":0.7713999999996304,"failureMessages":[],"meta":{}},{"ancestorTitles":["dispatch 层：VersionGuard"],"fullName":"dispatch 层：VersionGuard update 只增不减","status":"passed","title":"update 只增不减","duration":0.5425000000013824,"failureMessages":[],"meta":{}},{"ancestorTitles":["dispatch 层：VersionGuard"],"fullName":"dispatch 层：VersionGuard reset 重置基线","status":"passed","title":"reset 重置基线","duration":0.6777000000001863,"failureMessages":[],"meta":{}},{"ancestorTitles":["dispatch 层：VersionGuard"],"fullName":"dispatch 层：VersionGuard reset() 无参默认 -1","status":"passed","title":"reset() 无参默认 -1","duration":0.5039000000015221,"failureMessages":[],"meta":{}},{"ancestorTitles":["dispatch 层：describeError"],"fullName":"dispatch 层：describeError 每个错误码枚举映射到中文文案","status":"passed","title":"每个错误码枚举映射到中文文案","duration":4.956599999999526,"failureMessages":[],"meta":{}},{"ancestorTitles":["dispatch 层：describeError"],"fullName":"dispatch 层：describeError 未知错误码走兜底（含 code 原文）","status":"passed","title":"未知错误码走兜底（含 code 原文）","duration":0.7641999999996187,"failureMessages":[],"meta":{}},{"ancestorTitles":["dispatch 层：describeError"],"fullName":"dispatch 层：describeError 附 details 时追加可读摘要","status":"passed","title":"附 details 时追加可读摘要","duration":0.6216999999996915,"failureMessages":[],"meta":{}},{"ancestorTitles":["dispatch 层：describeError"],"fullName":"dispatch 层：describeError details 为空对象时不追加括号","status":"passed","title":"details 为空对象时不追加括号","duration":0.5652000000009139,"failureMessages":[],"meta":{}},{"ancestorTitles":["dispatch 层：createDebouncedDispatch"],"fullName":"dispatch 层：createDebouncedDispatch 同 key 连续调用：仅最后一次真正下发，前面的 resolve(null)","status":"passed","title":"同 key 连续调用：仅最后一次真正下发，前面的 resolve(null)","duration":5.957000000000335,"failureMessages":[],"meta":{}},{"ancestorTitles":["dispatch 层：createDebouncedDispatch"],"fullName":"dispatch 层：createDebouncedDispatch 不同 track_id 的 key 互不干扰","status":"passed","title":"不同 track_id 的 key 互不干扰","duration":1.3859000000011292,"failureMessages":[],"meta":{}},{"ancestorTitles":["dispatch 层：createDebouncedDispatch"],"fullName":"dispatch 层：createDebouncedDispatch 防抖延迟从末次调用算起（清旧 timer 重计时）","status":"passed","title":"防抖延迟从末次调用算起（清旧 timer 重计时）","duration":1.3186000000005151,"failureMessages":[],"meta":{}},{"ancestorTitles":["dispatch 层：createDispatch"],"fullName":"dispatch 层：createDispatch draft_id 自动注入：args 未含 draft_id 时从 getDraftId() 补入","status":"passed","title":"draft_id 自动注入：args 未含 draft_id 时从 getDraftId() 补入","duration":1.2369999999991705,"failureMessages":[],"meta":{}},{"ancestorTitles":["dispatch 层：createDispatch"],"fullName":"dispatch 层：createDispatch draft_id 不覆盖：args 已含 draft_id 时保留原值","status":"passed","title":"draft_id 不覆盖：args 已含 draft_id 时保留原值","duration":0.6247000000003027,"failureMessages":[],"meta":{}},{"ancestorTitles":["dispatch 层：createDispatch"],"fullName":"dispatch 层：createDispatch version 防乱序：过期响应丢弃（返回 null）","status":"passed","title":"version 防乱序：过期响应丢弃（返回 null）","duration":0.8161999999992986,"failureMessages":[],"meta":{}},{"ancestorTitles":["dispatch 层：createDispatch"],"fullName":"dispatch 层：createDispatch 网络错误：backend.execute 抛异常时返回 NETWORK_ERROR CommandResult","status":"passed","title":"网络错误：backend.execute 抛异常时返回 NETWORK_ERROR CommandResult","duration":0.924300000000585,"failureMessages":[],"meta":{}},{"ancestorTitles":["dispatch 层：createDispatch"],"fullName":"dispatch 层：createDispatch setVersion / getVersion 基线管理","status":"passed","title":"setVersion / getVersion 基线管理","duration":0.7326999999986583,"failureMessages":[],"meta":{}},{"ancestorTitles":["dispatch 层：createRestBackend（REST 冒烟）"],"fullName":"dispatch 层：createRestBackend（REST 冒烟） createDraft → POST /api/music/drafts","status":"passed","title":"createDraft → POST /api/music/drafts","duration":5.128600000000006,"failureMessages":[],"meta":{}},{"ancestorTitles":["dispatch 层：createRestBackend（REST 冒烟）"],"fullName":"dispatch 层：createRestBackend（REST 冒烟） execute → POST /drafts/{id}/commands","status":"passed","title":"execute → POST /drafts/{id}/commands","duration":1.2914999999993597,"failureMessages":[],"meta":{}},{"ancestorTitles":["dispatch 层：createRestBackend（REST 冒烟）"],"fullName":"dispatch 层：createRestBackend（REST 冒烟） execute 缺 draft_id 时 reject","status":"passed","title":"execute 缺 draft_id 时 reject","duration":4.963099999999031,"failureMessages":[],"meta":{}},{"ancestorTitles":["dispatch 层：createRestBackend（REST 冒烟）"],"fullName":"dispatch 层：createRestBackend（REST 冒烟） getDraft → GET /drafts/{id}","status":"passed","title":"getDraft → GET /drafts/{id}","duration":2.8060000000004948,"failureMessages":[],"meta":{}},{"ancestorTitles":["dispatch 层：createRestBackend（REST 冒烟）"],"fullName":"dispatch 层：createRestBackend（REST 冒烟） deleteDraft → DELETE /drafts/{id}","status":"passed","title":"deleteDraft → DELETE /drafts/{id}","duration":1.5416999999997643,"failureMessages":[],"meta":{}},{"ancestorTitles":["dispatch 层：createRestBackend（REST 冒烟）"],"fullName":"dispatch 层：createRestBackend（REST 冒烟） listDrafts → GET /drafts","status":"passed","title":"listDrafts → GET /drafts","duration":2.7604000000010274,"failureMessages":[],"meta":{}},{"ancestorTitles":["CompositionPanel：初始化"],"fullName":"CompositionPanel：初始化 无 initialDraftId 时创建空白草稿（C4 全音符占位）","status":"passed","title":"无 initialDraftId 时创建空白草稿（C4 全音符占位）","duration":288.4470000000001,"failureMessages":[],"meta":{}},{"ancestorTitles":["CompositionPanel：初始化"],"fullName":"CompositionPanel：初始化 有 initialDraftId 时载入既有草稿","status":"passed","title":"有 initialDraftId 时载入既有草稿","duration":172.34559999999874,"failureMessages":[],"meta":{}},{"ancestorTitles":["CompositionPanel：初始化"],"fullName":"CompositionPanel：初始化 初始化期间显示 loading 态","status":"passed","title":"初始化期间显示 loading 态","duration":119.8180999999986,"failureMessages":[],"meta":{}},{"ancestorTitles":["CompositionPanel：初始化"],"fullName":"CompositionPanel：初始化 初始化失败时显示错误提示","status":"passed","title":"初始化失败时显示错误提示","duration":28.84360000000015,"failureMessages":[],"meta":{}},{"ancestorTitles":["CompositionPanel：交互1 — 添加音符（add_note）"],"fullName":"CompositionPanel：交互1 — 添加音符（add_note） melody 轨添加音符（首个 add_note 替换占位符）","status":"passed","title":"melody 轨添加音符（首个 add_note 替换占位符）","duration":108.98760000000038,"failureMessages":[],"meta":{}},{"ancestorTitles":["CompositionPanel：交互1 — 添加音符（add_note）"],"fullName":"CompositionPanel：交互1 — 添加音符（add_note） melody 轨追加音符（非首次）","status":"passed","title":"melody 轨追加音符（非首次）","duration":156.84089999999924,"failureMessages":[],"meta":{}},{"ancestorTitles":["CompositionPanel：交互1 — 添加音符（add_note）"],"fullName":"CompositionPanel：交互1 — 添加音符（add_note） 伴奏轨添加音符（带 offset）","status":"passed","title":"伴奏轨添加音符（带 offset）","duration":249.78430000000117,"failureMessages":[],"meta":{}},{"ancestorTitles":["CompositionPanel：交互2 — 选中修改（update_note）"],"fullName":"CompositionPanel：交互2 — 选中修改（update_note） 点击旋律音符选中 → 属性面板出现并回显当前值","status":"passed","title":"点击旋律音符选中 → 属性面板出现并回显当前值","duration":62.011500000000524,"failureMessages":[],"meta":{}},{"ancestorTitles":["CompositionPanel：交互2 — 选中修改（update_note）"],"fullName":"CompositionPanel：交互2 — 选中修改（update_note） 修改旋律音符属性 → dispatch update_note","status":"passed","title":"修改旋律音符属性 → dispatch update_note","duration":137.10230000000047,"failureMessages":[],"meta":{}},{"ancestorTitles":["CompositionPanel：交互2 — 选中修改（update_note）"],"fullName":"CompositionPanel：交互2 — 选中修改（update_note） 修改伴奏音符属性（offset + velocity）","status":"passed","title":"修改伴奏音符属性（offset + velocity）","duration":255.23469999999907,"failureMessages":[],"meta":{}},{"ancestorTitles":["CompositionPanel：交互2 — 选中修改（update_note）"],"fullName":"CompositionPanel：交互2 — 选中修改（update_note） 选中态高亮（selectedNote 传给 StaffScore）","status":"passed","title":"选中态高亮（selectedNote 传给 StaffScore）","duration":74.08189999999922,"failureMessages":[],"meta":{}},{"ancestorTitles":["CompositionPanel：交互3 — 移动音符（move_note）"],"fullName":"CompositionPanel：交互3 — 移动音符（move_note） melody 轨 move_note（重排）","status":"passed","title":"melody 轨 move_note（重排）","duration":104.8760000000002,"failureMessages":[],"meta":{}},{"ancestorTitles":["CompositionPanel：交互3 — 移动音符（move_note）"],"fullName":"CompositionPanel：交互3 — 移动音符（move_note） 伴奏轨 move_note（设置 offset）","status":"passed","title":"伴奏轨 move_note（设置 offset）","duration":196.13100000000122,"failureMessages":[],"meta":{}},{"ancestorTitles":["CompositionPanel：交互4 — 歌词行内编辑（set_lyric）"],"fullName":"CompositionPanel：交互4 — 歌词行内编辑（set_lyric） blur 提交 set_lyric","status":"passed","title":"blur 提交 set_lyric","duration":98.87519999999859,"failureMessages":[],"meta":{}},{"ancestorTitles":["CompositionPanel：交互4 — 歌词行内编辑（set_lyric）"],"fullName":"CompositionPanel：交互4 — 歌词行内编辑（set_lyric） Enter 键触发 blur 提交","status":"passed","title":"Enter 键触发 blur 提交","duration":109.48260000000118,"failureMessages":[],"meta":{}},{"ancestorTitles":["CompositionPanel：删除音符（delete_note）"],"fullName":"CompositionPanel：删除音符（delete_note） 删除旋律音符 → 选中清除","status":"passed","title":"删除旋律音符 → 选中清除","duration":117.95020000000113,"failureMessages":[],"meta":{}},{"ancestorTitles":["CompositionPanel：轨道管理（TrackManager）"],"fullName":"CompositionPanel：轨道管理（TrackManager） 添加伴奏轨 → dispatch add_track","status":"passed","title":"添加伴奏轨 → dispatch add_track","duration":136.45570000000043,"failureMessages":[],"meta":{}},{"ancestorTitles":["CompositionPanel：轨道管理（TrackManager）"],"fullName":"CompositionPanel：轨道管理（TrackManager） 删除伴奏轨 → dispatch remove_track","status":"passed","title":"删除伴奏轨 → dispatch remove_track","duration":157.6301999999996,"failureMessages":[],"meta":{}},{"ancestorTitles":["CompositionPanel：轨道管理（TrackManager）"],"fullName":"CompositionPanel：轨道管理（TrackManager） 切换音色 → dispatch set_track_instrument","status":"passed","title":"切换音色 → dispatch set_track_instrument","duration":146.999600000001,"failureMessages":[],"meta":{}},{"ancestorTitles":["CompositionPanel：轨道管理（TrackManager）"],"fullName":"CompositionPanel：轨道管理（TrackManager） 切换模式 → dispatch set_track_mode","status":"passed","title":"切换模式 → dispatch set_track_mode","duration":138.23970000000008,"failureMessages":[],"meta":{}},{"ancestorTitles":["CompositionPanel：轨道管理（TrackManager）"],"fullName":"CompositionPanel：轨道管理（TrackManager） auto 轨编排 → dispatch arrange_track","status":"passed","title":"auto 轨编排 → dispatch arrange_track","duration":126.9302000000007,"failureMessages":[],"meta":{}},{"ancestorTitles":["CompositionPanel：轨道管理（TrackManager）"],"fullName":"CompositionPanel：轨道管理（TrackManager） 音量滑块调整 → 防抖后 dispatch set_track_mix","status":"passed","title":"音量滑块调整 → 防抖后 dispatch set_track_mix","duration":457.4356000000007,"failureMessages":[],"meta":{}},{"ancestorTitles":["CompositionPanel：轨道管理（TrackManager）"],"fullName":"CompositionPanel：轨道管理（TrackManager） 声像滑块调整 → 防抖后 dispatch set_track_mix","status":"passed","title":"声像滑块调整 → 防抖后 dispatch set_track_mix","duration":447.65610000000015,"failureMessages":[],"meta":{}},{"ancestorTitles":["CompositionPanel：轨道管理（TrackManager）"],"fullName":"CompositionPanel：轨道管理（TrackManager） 主旋律轨只读展示（无删除/编辑控件）","status":"passed","title":"主旋律轨只读展示（无删除/编辑控件）","duration":71.61590000000069,"failureMessages":[],"meta":{}},{"ancestorTitles":["CompositionPanel：草稿管理"],"fullName":"CompositionPanel：草稿管理 新建草稿按钮 → 创建空白草稿","status":"passed","title":"新建草稿按钮 → 创建空白草稿","duration":89.32560000000012,"failureMessages":[],"meta":{}},{"ancestorTitles":["CompositionPanel：草稿管理"],"fullName":"CompositionPanel：草稿管理 草稿列表显示并可载入","status":"passed","title":"草稿列表显示并可载入","duration":121.71049999999923,"failureMessages":[],"meta":{}},{"ancestorTitles":["CompositionPanel：草稿管理"],"fullName":"CompositionPanel：草稿管理 草稿列表为空时显示占位文本","status":"passed","title":"草稿列表为空时显示占位文本","duration":54.60729999999967,"failureMessages":[],"meta":{}},{"ancestorTitles":["CompositionPanel：提交合成（submit_draft）"],"fullName":"CompositionPanel：提交合成（submit_draft） 提交合成 → submit_draft → 显示任务信息","status":"passed","title":"提交合成 → submit_draft → 显示任务信息","duration":149.17540000000008,"failureMessages":[],"meta":{}},{"ancestorTitles":["CompositionPanel：提交合成（submit_draft）"],"fullName":"CompositionPanel：提交合成（submit_draft） 提交合成失败 → 显示错误","status":"passed","title":"提交合成失败 → 显示错误","duration":74.20650000000023,"failureMessages":[],"meta":{}},{"ancestorTitles":["CompositionPanel：提交合成（submit_draft）"],"fullName":"CompositionPanel：提交合成（submit_draft） 未初始化时提交按钮禁用","status":"passed","title":"未初始化时提交按钮禁用","duration":12.88340000000062,"failureMessages":[],"meta":{}},{"ancestorTitles":["CompositionPanel：歌曲历史"],"fullName":"CompositionPanel：歌曲历史 歌曲列表渲染","status":"passed","title":"歌曲列表渲染","duration":63.034999999999854,"failureMessages":[],"meta":{}},{"ancestorTitles":["CompositionPanel：歌曲历史"],"fullName":"CompositionPanel：歌曲历史 删除歌曲 → 调用 musicDeleteSong","status":"passed","title":"删除歌曲 → 调用 musicDeleteSong","duration":62.03689999999915,"failureMessages":[],"meta":{}},{"ancestorTitles":["CompositionPanel：歌曲历史"],"fullName":"CompositionPanel：歌曲历史 空歌曲列表显示占位文本","status":"passed","title":"空歌曲列表显示占位文本","duration":71.48520000000099,"failureMessages":[],"meta":{}},{"ancestorTitles":["CompositionPanel：错误处理"],"fullName":"CompositionPanel：错误处理 命令失败时显示可读错误文案","status":"passed","title":"命令失败时显示可读错误文案","duration":73.84979999999996,"failureMessages":[],"meta":{}},{"ancestorTitles":["CompositionPanel：错误处理"],"fullName":"CompositionPanel：错误处理 成功操作后清除错误提示","status":"passed","title":"成功操作后清除错误提示","duration":89.58090000000084,"failureMessages":[],"meta":{}},{"ancestorTitles":["CompositionPanel：version 防乱序（组件级）"],"fullName":"CompositionPanel：version 防乱序（组件级） version 不递增的响应被丢弃，score 不更新","status":"passed","title":"version 不递增的响应被丢弃，score 不更新","duration":187.36039999999957,"failureMessages":[],"meta":{}}],"startTime":1787996590892,"endTime":1787996595956.3604,"status":"passed","message":"","name":"C:/CX-O/APP-Frontend/src/pages/management/audioWorkstation/CompositionPanel.test.tsx"},{"assertionResults":[{"ancestorTitles":["MusicPanel 合成提交"],"fullName":"MusicPanel 合成提交 乐谱为空时提交被本地阻断且不发请求","status":"passed","title":"乐谱为空时提交被本地阻断且不发请求","duration":304.8726999999999,"failureMessages":[],"meta":{}},{"ancestorTitles":["MusicPanel 合成提交"],"fullName":"MusicPanel 合成提交 乐谱解析后无 melody 时本地阻断","status":"passed","title":"乐谱解析后无 melody 时本地阻断","duration":65.67520000000059,"failureMessages":[],"meta":{}},{"ancestorTitles":["MusicPanel 合成提交"],"fullName":"MusicPanel 合成提交 提交时标题注入 score JSON，成功后清空输入","status":"passed","title":"提交时标题注入 score JSON，成功后清空输入","duration":71.09510000000046,"failureMessages":[],"meta":{}},{"ancestorTitles":["MusicPanel 合成提交"],"fullName":"MusicPanel 合成提交 合成请求失败时保留输入供重试","status":"passed","title":"合成请求失败时保留输入供重试","duration":73.71690000000035,"failureMessages":[],"meta":{}},{"ancestorTitles":["MusicPanel 合成提交"],"fullName":"MusicPanel 合成提交 乐谱 JSON 解析失败走既有失败提示路径","status":"passed","title":"乐谱 JSON 解析失败走既有失败提示路径","duration":45.631100000000515,"failureMessages":[],"meta":{}},{"ancestorTitles":["MusicPanel 进行中任务轮询（R8-03）"],"fullName":"MusicPanel 进行中任务轮询（R8-03） 存在 pending/running 任务时 3s 轮询，全部终态后停止","status":"passed","title":"存在 pending/running 任务时 3s 轮询，全部终态后停止","duration":26.4384,"failureMessages":[],"meta":{}},{"ancestorTitles":["MusicPanel 进行中任务轮询（R8-03）"],"fullName":"MusicPanel 进行中任务轮询（R8-03） 全部任务均为终态时不挂轮询","status":"passed","title":"全部任务均为终态时不挂轮询","duration":25.22729999999956,"failureMessages":[],"meta":{}}],"startTime":1787996589663,"endTime":1787996590277.2273,"status":"passed","message":"","name":"C:/CX-O/APP-Frontend/src/pages/management/audioWorkstation/MusicPanel.test.tsx"},{"assertionResults":[{"ancestorTitles":["StaffScore — 模块6 五线谱渲染层冒烟"],"fullName":"StaffScore — 模块6 五线谱渲染层冒烟 场景1：渲染空歌谱（仅 melody 占位）不报错","status":"passed","title":"场景1：渲染空歌谱（仅 melody 占位）不报错","duration":104.60730000000058,"failureMessages":[],"meta":{}},{"ancestorTitles":["StaffScore — 模块6 五线谱渲染层冒烟"],"fullName":"StaffScore — 模块6 五线谱渲染层冒烟 场景2：渲染 1 旋律 + 1 伴奏轨，SVG 输出含正确数量的音符","status":"passed","title":"场景2：渲染 1 旋律 + 1 伴奏轨，SVG 输出含正确数量的音符","duration":98.16939999999977,"failureMessages":[],"meta":{}},{"ancestorTitles":["StaffScore — 模块6 五线谱渲染层冒烟"],"fullName":"StaffScore — 模块6 五线谱渲染层冒烟 场景3：打击乐轨用 percussion clef","status":"passed","title":"场景3：打击乐轨用 percussion clef","duration":78.8689000000004,"failureMessages":[],"meta":{}},{"ancestorTitles":["StaffScore — 模块6 五线谱渲染层冒烟"],"fullName":"StaffScore — 模块6 五线谱渲染层冒烟 场景4：选中态高亮（selectedNote 命中的音符红色 setStyle）","status":"passed","title":"场景4：选中态高亮（selectedNote 命中的音符红色 setStyle）","duration":22.760599999999613,"failureMessages":[],"meta":{}},{"ancestorTitles":["StaffScore — 模块6 五线谱渲染层冒烟"],"fullName":"StaffScore — 模块6 五线谱渲染层冒烟 场景5：props 变化重渲（score 变化 → SVG 音符数量变化）","status":"passed","title":"场景5：props 变化重渲（score 变化 → SVG 音符数量变化）","duration":34.00889999999981,"failureMessages":[],"meta":{}}],"startTime":1787996589718,"endTime":1787996590057.0088,"status":"passed","message":"","name":"C:/CX-O/APP-Frontend/src/pages/management/audioWorkstation/staff/__tests__/StaffScore.test.tsx"}]}